Using pre-set license
Built from '2022.1/staging' branch; Version is '2022.1.23f1 (9636b062134a) revision 9844400'; Using compiler version '192829333'; Build Type 'Release'
OS: 'Windows 10  (10.0.19043) 64bit Professional' Language: 'ru' Physical Memory: 15741 MB
BatchMode: 1, IsHumanControllingUs: 0, StartBugReporterOnCrash: 0, Is64bit: 1, IsPro: 1

COMMAND LINE ARGUMENTS:
C:\Program Files\Unity\Hub\Editor\2022.1.23f1\Editor\Unity.exe
-adb2
-batchMode
-noUpm
-name
AssetImportWorker3
-projectPath
C:/@MrPink/tacticalPartyFps/PartyFpsTactics
-logFile
Logs/AssetImportWorker3.log
-srvPort
62289
Successfully changed project path to: C:/@MrPink/tacticalPartyFps/PartyFpsTactics
C:/@MrPink/tacticalPartyFps/PartyFpsTactics
[UnityMemory] Configuration Parameters - Can be set up in boot.config
    "memorysetup-bucket-allocator-granularity=16"
    "memorysetup-bucket-allocator-bucket-count=8"
    "memorysetup-bucket-allocator-block-size=33554432"
    "memorysetup-bucket-allocator-block-count=8"
    "memorysetup-main-allocator-block-size=16777216"
    "memorysetup-thread-allocator-block-size=16777216"
    "memorysetup-gfx-main-allocator-block-size=16777216"
    "memorysetup-gfx-thread-allocator-block-size=16777216"
    "memorysetup-cache-allocator-block-size=4194304"
    "memorysetup-typetree-allocator-block-size=2097152"
    "memorysetup-profiler-bucket-allocator-granularity=16"
    "memorysetup-profiler-bucket-allocator-bucket-count=8"
    "memorysetup-profiler-bucket-allocator-block-size=33554432"
    "memorysetup-profiler-bucket-allocator-block-count=8"
    "memorysetup-profiler-allocator-block-size=16777216"
    "memorysetup-profiler-editor-allocator-block-size=1048576"
    "memorysetup-temp-allocator-size-main=16777216"
    "memorysetup-job-temp-allocator-block-size=2097152"
    "memorysetup-job-temp-allocator-block-size-background=1048576"
    "memorysetup-job-temp-allocator-reduction-small-platforms=262144"
    "memorysetup-temp-allocator-size-background-worker=32768"
    "memorysetup-temp-allocator-size-job-worker=262144"
    "memorysetup-temp-allocator-size-preload-manager=33554432"
    "memorysetup-temp-allocator-size-nav-mesh-worker=65536"
    "memorysetup-temp-allocator-size-audio-worker=65536"
    "memorysetup-temp-allocator-size-cloud-worker=32768"
    "memorysetup-temp-allocator-size-gi-baking-worker=262144"
    "memorysetup-temp-allocator-size-gfx=262144"
Refreshing native plugins compatible for Editor in 373.44 ms, found 5 plugins.
Preloading 0 native plugins for Editor in 0.00 ms.
Initialize engine version: 2022.1.23f1 (9636b062134a)
[Subsystems] Discovering subsystems at path C:/Program Files/Unity/Hub/Editor/2022.1.23f1/Editor/Data/Resources/UnitySubsystems
[Subsystems] Discovering subsystems at path C:/@MrPink/tacticalPartyFps/PartyFpsTactics/Assets
GfxDevice: creating device client; threaded=0; jobified=0
Direct3D:
    Version:  Direct3D 11.0 [level 11.1]
    Renderer: NVIDIA GeForce GTX 1650 Ti (ID=0x1f95)
    Vendor:   NVIDIA
    VRAM:     3962 MB
    Driver:   31.0.15.1659
Shader 'Enviro/Clouds Particles Advanced': fallback shader 'Legacy Shader/Particles/Alpha Blended' not found
Shader 'Enviro/Standard/SkyboxSimple': fallback shader 'None' not found
Initialize mono
Mono path[0] = 'C:/Program Files/Unity/Hub/Editor/2022.1.23f1/Editor/Data/Managed'
Mono path[1] = 'C:/Program Files/Unity/Hub/Editor/2022.1.23f1/Editor/Data/MonoBleedingEdge/lib/mono/unityjit-win32'
Mono config path = 'C:/Program Files/Unity/Hub/Editor/2022.1.23f1/Editor/Data/MonoBleedingEdge/etc'
Using monoOptions --debugger-agent=transport=dt_socket,embedding=1,server=y,suspend=n,address=127.0.0.1:56264
Begin MonoManager ReloadAssembly
Registering precompiled unity dll's ...
Register platform support module: C:/Program Files/Unity/Hub/Editor/2022.1.23f1/Editor/Data/PlaybackEngines/WindowsStandaloneSupport/UnityEditor.WindowsStandalone.Extensions.dll
Register platform support module: C:/Program Files/Unity/Hub/Editor/2022.1.23f1/Editor/Data/PlaybackEngines/MetroSupport/UnityEditor.UWP.Extensions.dll
Registered in 0.008790 seconds.
Native extension for UWP target not found
Native extension for WindowsStandalone target not found
Refreshing native plugins compatible for Editor in 348.42 ms, found 5 plugins.
Preloading 0 native plugins for Editor in 0.00 ms.
Mono: successfully reloaded assembly
- Completed reload, in  1.142 seconds
Domain Reload Profiling:
	ReloadAssembly (1143ms)
		BeginReloadAssembly (93ms)
			ExecutionOrderSort (0ms)
			DisableScriptedObjects (0ms)
			BackupInstance (0ms)
			ReleaseScriptingObjects (0ms)
			CreateAndSetChildDomain (1ms)
		EndReloadAssembly (886ms)
			LoadAssemblies (92ms)
			RebuildTransferFunctionScriptingTraits (0ms)
			SetupTypeCache (157ms)
				TypeCache.Initialize (157ms)
					TypeCache.ScanAssembly (155ms)
				ResolveRequiredComponents (1ms)
			ReleaseScriptCaches (0ms)
			RebuildScriptCaches (36ms)
			SetupLoadedEditorAssemblies (618ms)
				LogAssemblyErrors (0ms)
				InitializePlatformSupportModulesInManaged (11ms)
				SetLoadedEditorAssemblies (9ms)
				RefreshPlugins (349ms)
				BeforeProcessingInitializeOnLoad (2ms)
				ProcessInitializeOnLoadAttributes (187ms)
				ProcessInitializeOnLoadMethodAttributes (60ms)
				AfterProcessingInitializeOnLoad (0ms)
				EditorAssembliesLoaded (0ms)
			ExecutionOrderSort2 (0ms)
			AwakeInstancesAfterBackupRestoration (0ms)
Platform modules already initialized, skipping
Registering precompiled user dll's ...
Registered in 0.013042 seconds.
Begin MonoManager ReloadAssembly
Symbol file LoadedFromMemory doesn't match image C:\@MrPink\tacticalPartyFps\PartyFpsTactics\Library\PackageCache\com.unity.visualscripting@1.7.8\Editor\VisualScripting.Core\Dependencies\DotNetZip\Unity.VisualScripting.IonicZip.dll
Symbol file LoadedFromMemory doesn't match image C:\@MrPink\tacticalPartyFps\PartyFpsTactics\Library\PackageCache\com.unity.visualscripting@1.7.8\Editor\VisualScripting.Core\Dependencies\YamlDotNet\Unity.VisualScripting.YamlDotNet.dll
Native extension for UWP target not found
Native extension for WindowsStandalone target not found
Refreshing native plugins compatible for Editor in 328.47 ms, found 5 plugins.
Preloading 0 native plugins for Editor in 0.00 ms.
Error saving file Library/StateCache/LayerSettings/9e/9ecc5c3c162a7aba29bafa64c8b94b7c.json. Error: System.IO.IOException: Sharing violation on path C:\@MrPink\tacticalPartyFps\PartyFpsTactics\Library\StateCache\LayerSettings\9e\9ecc5c3c162a7aba29bafa64c8b94b7c.json
  at System.IO.FileStream..ctor (System.String path, System.IO.FileMode mode, System.IO.FileAccess access, System.IO.FileShare share, System.Int32 bufferSize, System.Boolean anonymous, System.IO.FileOptions options) [0x0019e] in <252f5a151e57406087568ebdeb88d5fe>:0 
  at System.IO.FileStream..ctor (System.String path, System.IO.FileMode mode, System.IO.FileAccess access, System.IO.FileShare share, System.Int32 bufferSize, System.IO.FileOptions options) [0x00000] in <252f5a151e57406087568ebdeb88d5fe>:0 
  at (wrapper remoting-invoke-with-check) System.IO.FileStream..ctor(string,System.IO.FileMode,System.IO.FileAccess,System.IO.FileShare,int,System.IO.FileOptions)
  at System.IO.StreamWriter..ctor (System.String path, System.Boolean append, System.Text.Encoding encoding, System.Int32 bufferSize) [0x00055] in <252f5a151e57406087568ebdeb88d5fe>:0 
  at System.IO.StreamWriter..ctor (System.String path, System.Boolean append, System.Text.Encoding encoding) [0x00000] in <252f5a151e57406087568ebdeb88d5fe>:0 
  at (wrapper remoting-invoke-with-check) System.IO.StreamWriter..ctor(string,bool,System.Text.Encoding)
  at System.IO.File.WriteAllText (System.String path, System.String contents, System.Text.Encoding encoding) [0x00034] in <252f5a151e57406087568ebdeb88d5fe>:0 
  at UnityEditor.StateCache`1[T].SetState (UnityEngine.Hash128 key, T obj) [0x0004b] in <4ce403b7cdf744109283ae55cdc24285>:0 
UnityEngine.StackTraceUtility:ExtractStackTrace ()
UnityEngine.DebugLogHandler:LogFormat (UnityEngine.LogType,UnityEngine.Object,string,object[])
UnityEngine.Logger:Log (UnityEngine.LogType,object)
UnityEngine.Debug:LogError (object)
UnityEditor.StateCache`1<UnityEditor.Tools/LayerSettings>:SetState (UnityEngine.Hash128,UnityEditor.Tools/LayerSettings)
UnityEditor.Tools:set_visibleLayers (int)
UnityEditor.Tools:OnEnable ()
UnityEngine.ScriptableObject:CreateInstance (System.Type)
UnityEngine.ScriptableObject:CreateInstance<UnityEditor.Tools> ()
UnityEditor.Tools:get_get ()
UnityEditor.Tools:get_visibleLayers ()
UnityEditor.Animations.Rigging.BoneRendererUtils:.cctor () (at Library/PackageCache/com.unity.animation.rigging@1.1.1/Editor/Utils/BoneRendererUtils.cs:121)
System.Runtime.CompilerServices.RuntimeHelpers:RunClassConstructor (System.RuntimeTypeHandle)
UnityEditor.EditorAssemblies:ProcessInitializeOnLoadAttributes (System.Type[])

(Filename: Library/PackageCache/com.unity.animation.rigging@1.1.1/Editor/Utils/BoneRendererUtils.cs Line: 121)

Mono: successfully reloaded assembly
- Completed reload, in  6.248 seconds
Domain Reload Profiling:
	ReloadAssembly (6249ms)
		BeginReloadAssembly (138ms)
			ExecutionOrderSort (0ms)
			DisableScriptedObjects (6ms)
			BackupInstance (0ms)
			ReleaseScriptingObjects (1ms)
			CreateAndSetChildDomain (28ms)
		EndReloadAssembly (5963ms)
			LoadAssemblies (299ms)
			RebuildTransferFunctionScriptingTraits (0ms)
			SetupTypeCache (558ms)
				TypeCache.Initialize (514ms)
					TypeCache.ScanAssembly (506ms)
				ResolveRequiredComponents (44ms)
			ReleaseScriptCaches (2ms)
			RebuildScriptCaches (166ms)
			SetupLoadedEditorAssemblies (4868ms)
				LogAssemblyErrors (0ms)
				InitializePlatformSupportModulesInManaged (14ms)
				SetLoadedEditorAssemblies (9ms)
				RefreshPlugins (329ms)
				BeforeProcessingInitializeOnLoad (218ms)
				ProcessInitializeOnLoadAttributes (4061ms)
				ProcessInitializeOnLoadMethodAttributes (230ms)
				AfterProcessingInitializeOnLoad (7ms)
				EditorAssembliesLoaded (1ms)
			ExecutionOrderSort2 (0ms)
			AwakeInstancesAfterBackupRestoration (6ms)
Platform modules already initialized, skipping
========================================================================
Worker process is ready to serve import requests
Shader 'Enviro/Clouds Particles Advanced': fallback shader 'Legacy Shader/Particles/Alpha Blended' not found
Shader 'Enviro/Standard/SkyboxSimple': fallback shader 'None' not found
Launched and connected shader compiler UnityShaderCompiler.exe after 0.06 seconds
Refreshing native plugins compatible for Editor in 3.37 ms, found 5 plugins.
Preloading 0 native plugins for Editor in 0.00 ms.
Unloading 10247 Unused Serialized files (Serialized files now loaded: 0)
Unloading 138 unused Assets / (5.4 MB). Loaded Objects now: 10791.
Memory consumption went from 1.63 GB to 1.63 GB.
Total: 55.546800 ms (FindLiveObjects: 1.049100 ms CreateObjectMapping: 1.301500 ms MarkObjects: 50.192300 ms  DeleteObjects: 3.002000 ms)

AssetImportParameters requested are different than current active one (requested -> active):
  custom:video-decoder-ogg-theora: a1e56fd34408186e4bbccfd4996cb3dc -> 
  custom:container-muxer-webm: aa71ff27fc2769a1b78a27578f13a17b -> 
  custom:container-demuxer-webm: 4f35f7cbe854078d1ac9338744f61a02 -> 
  custom:video-encoder-webm-vp8: eb34c28f22e8b96e1ab97ce403110664 -> 
  custom:audio-encoder-webm-vorbis: bf7c407c2cedff20999df2af8eb42d56 -> 
  custom:framework-win-MediaFoundation: 216162199b28c13a410421893ffa2e32 -> 
  custom:container-demuxer-ogg: 62fdf1f143b41e24485cea50d1cbac27 -> 
  custom:video-decoder-webm-vp8: 9c59270c3fd7afecdb556c50c9e8de78 -> 
  custom:audio-decoder-ogg-vorbis: bf7c407c2cedff20999df2af8eb42d56 -> 
========================================================================
Received Import Request.
  Time since last request: 158593.616063 seconds.
  path: Assets/ArchVizPRO Interior Vol.4/3D MODEL/Furniture/Barcelona Table Round/Materials/01 - Default.mat
  artifactKey: Guid(5180900068816444aa842739c4e67bc1) Importer(815301076,1909f56bfc062723c751e8b465ee728b)
Start importing Assets/ArchVizPRO Interior Vol.4/3D MODEL/Furniture/Barcelona Table Round/Materials/01 - Default.mat using Guid(5180900068816444aa842739c4e67bc1) Importer(815301076,1909f56bfc062723c751e8b465ee728b)  -> (artifact id: '9bb3b902468485c14e5d0eee18dcc73f') in 0.458595 seconds 
========================================================================
Received Import Request.
  Time since last request: 0.000045 seconds.
  path: Assets/FlatKit/Demos/[Demo] Fruit Vase/FruitVase-Materials/FV-Scene 2 - Mode_Single/2-Apple.mat
  artifactKey: Guid(e8c9cf42b0af84af58f6d9c41f024d8f) Importer(815301076,1909f56bfc062723c751e8b465ee728b)
Start importing Assets/FlatKit/Demos/[Demo] Fruit Vase/FruitVase-Materials/FV-Scene 2 - Mode_Single/2-Apple.mat using Guid(e8c9cf42b0af84af58f6d9c41f024d8f) Importer(815301076,1909f56bfc062723c751e8b465ee728b)  -> (artifact id: '544409c022b311c616647f2fad20a613') in 0.026988 seconds 
========================================================================
Received Import Request.
  Time since last request: 0.000035 seconds.
  path: Assets/FlatKit/Demos/[Demo] Fruit Vase/FruitVase-Materials/FV-Scene 1 - Mode_None-Completely Flat/1-Stalks.mat
  artifactKey: Guid(9d8c7bc0291ea46609bd39a48f613b99) Importer(815301076,1909f56bfc062723c751e8b465ee728b)
Start importing Assets/FlatKit/Demos/[Demo] Fruit Vase/FruitVase-Materials/FV-Scene 1 - Mode_None-Completely Flat/1-Stalks.mat using Guid(9d8c7bc0291ea46609bd39a48f613b99) Importer(815301076,1909f56bfc062723c751e8b465ee728b)  -> (artifact id: 'a910b6c336d66e46e4f7ff11c5a52beb') in 0.025050 seconds 
========================================================================
Received Import Request.
  Time since last request: 0.000058 seconds.
  path: Assets/HighCity/Mesh/car 1 c.FBX
  artifactKey: Guid(e049d959678e5b440834dafeefa35312) Importer(815301076,1909f56bfc062723c751e8b465ee728b)
Start importing Assets/HighCity/Mesh/car 1 c.FBX using Guid(e049d959678e5b440834dafeefa35312) Importer(815301076,1909f56bfc062723c751e8b465ee728b)  -> (artifact id: 'aaa3337d8154a344e7b4d2a4886346d5') in 0.300662 seconds 
========================================================================
Received Import Request.
  Time since last request: 0.000042 seconds.
  path: Assets/FlatKit/Demos/[Demo] Mugs/Mugs-Materials/1 - ColorfulMisc/02.1-BlueprintGrid-Mug-04.mat
  artifactKey: Guid(b184e89337c8240f79100ad4fd539699) Importer(815301076,1909f56bfc062723c751e8b465ee728b)
Start importing Assets/FlatKit/Demos/[Demo] Mugs/Mugs-Materials/1 - ColorfulMisc/02.1-BlueprintGrid-Mug-04.mat using Guid(b184e89337c8240f79100ad4fd539699) Importer(815301076,1909f56bfc062723c751e8b465ee728b)  -> (artifact id: 'f2dd98763377815813a9a653b364a13a') in 0.615134 seconds 
========================================================================
Received Import Request.
  Time since last request: 0.000085 seconds.
  path: Assets/FlatKit/Demos/[Demo] Fruit Vase/FruitVase-Materials/FV-Scene 1 - Mode_None-Completely Flat/1-Grape.mat
  artifactKey: Guid(ccb08d2326c8e426e89cf8134fd38ef2) Importer(815301076,1909f56bfc062723c751e8b465ee728b)
Start importing Assets/FlatKit/Demos/[Demo] Fruit Vase/FruitVase-Materials/FV-Scene 1 - Mode_None-Completely Flat/1-Grape.mat using Guid(ccb08d2326c8e426e89cf8134fd38ef2) Importer(815301076,1909f56bfc062723c751e8b465ee728b)  -> (artifact id: '7f85d7087be22782dc494a3b2bd2d25f') in 0.015708 seconds 
========================================================================
Received Import Request.
  Time since last request: 0.000029 seconds.
  path: Assets/FlatKit/Demos/[Demo] Fruit Vase/FruitVase-Materials/FV-Scene 3 - Mode_Steps-Toony/3-Plane.mat
  artifactKey: Guid(3b383092b935c4c0389580d16728c4ed) Importer(815301076,1909f56bfc062723c751e8b465ee728b)
Start importing Assets/FlatKit/Demos/[Demo] Fruit Vase/FruitVase-Materials/FV-Scene 3 - Mode_Steps-Toony/3-Plane.mat using Guid(3b383092b935c4c0389580d16728c4ed) Importer(815301076,1909f56bfc062723c751e8b465ee728b)  -> (artifact id: '27952f9ecc3e2a6812f28f2a7745c052') in 0.016792 seconds 
========================================================================
Received Import Request.
  Time since last request: 0.000035 seconds.
  path: Assets/FlatKit/Demos/[Demo] Mugs/Mugs-Materials/1 - ColorfulMisc/02.1-BlueprintGrid-Mug-05.mat
  artifactKey: Guid(88542bf88d90145e99642d66c2969744) Importer(815301076,1909f56bfc062723c751e8b465ee728b)
Start importing Assets/FlatKit/Demos/[Demo] Mugs/Mugs-Materials/1 - ColorfulMisc/02.1-BlueprintGrid-Mug-05.mat using Guid(88542bf88d90145e99642d66c2969744) Importer(815301076,1909f56bfc062723c751e8b465ee728b)  -> (artifact id: '7bf40ee77734374d72fe380b6ad27d07') in 0.653025 seconds 
========================================================================
Received Import Request.
  Time since last request: 0.000032 seconds.
  path: Assets/FlatKit/Demos/[Demo] Mugs/Mugs-Materials/2 - OneColorVariousParameters/02.2-BlueprintGrid-Mug-11.mat
  artifactKey: Guid(f82135f2bca0949279eade31997c5b5b) Importer(815301076,1909f56bfc062723c751e8b465ee728b)
Start importing Assets/FlatKit/Demos/[Demo] Mugs/Mugs-Materials/2 - OneColorVariousParameters/02.2-BlueprintGrid-Mug-11.mat using Guid(f82135f2bca0949279eade31997c5b5b) Importer(815301076,1909f56bfc062723c751e8b465ee728b)  -> (artifact id: '31a596753698b6642e40085b13456bd1') in 0.545452 seconds 
========================================================================
Received Import Request.
  Time since last request: 0.000053 seconds.
  path: Assets/AllSkyFree/_AllSkyFreeDemoEnvironment/AllSky_DemoEnvironment02.fbx
  artifactKey: Guid(e8f07670fb0274e35a65e6e98594a930) Importer(815301076,1909f56bfc062723c751e8b465ee728b)
Start importing Assets/AllSkyFree/_AllSkyFreeDemoEnvironment/AllSky_DemoEnvironment02.fbx using Guid(e8f07670fb0274e35a65e6e98594a930) Importer(815301076,1909f56bfc062723c751e8b465ee728b)  -> (artifact id: 'e1bdc8bd6e7586a1182c70f93b6cf7ef') in 0.044275 seconds 
========================================================================
Received Import Request.
  Time since last request: 0.000029 seconds.
  path: Assets/GPUInstancer/Demos/PrefabInstancing/Meshes/Asteroid_02_LOD.FBX
  artifactKey: Guid(8a9322e02cd779a4798b887d09bff1fa) Importer(815301076,1909f56bfc062723c751e8b465ee728b)
Start importing Assets/GPUInstancer/Demos/PrefabInstancing/Meshes/Asteroid_02_LOD.FBX using Guid(8a9322e02cd779a4798b887d09bff1fa) Importer(815301076,1909f56bfc062723c751e8b465ee728b)  -> (artifact id: '201f96de92e1ae5da1839cf0bc02e18a') in 0.055711 seconds 
========================================================================
Received Import Request.
  Time since last request: 0.000035 seconds.
  path: Assets/ArchVizPRO Interior Vol.4/3D MODEL/Furniture/Barcelona Footrest/Barcelona_Footrest.FBX
  artifactKey: Guid(6dd5d1f00bb68bb41a4b96e544c768d5) Importer(815301076,1909f56bfc062723c751e8b465ee728b)
Start importing Assets/ArchVizPRO Interior Vol.4/3D MODEL/Furniture/Barcelona Footrest/Barcelona_Footrest.FBX using Guid(6dd5d1f00bb68bb41a4b96e544c768d5) Importer(815301076,1909f56bfc062723c751e8b465ee728b)  -> (artifact id: '3d4db44dd2abf2bc7a9824b7b587153e') in 0.026700 seconds 
========================================================================
Received Import Request.
  Time since last request: 0.000042 seconds.
  path: Assets/HighCity/Mesh/car 1.FBX
  artifactKey: Guid(ad2c0f4c39ff1104aa2af211e0860f07) Importer(815301076,1909f56bfc062723c751e8b465ee728b)
Start importing Assets/HighCity/Mesh/car 1.FBX using Guid(ad2c0f4c39ff1104aa2af211e0860f07) Importer(815301076,1909f56bfc062723c751e8b465ee728b)  -> (artifact id: '2b1ed3152be454f0b71d4611c62b9c95') in 0.223597 seconds 
========================================================================
Received Import Request.
  Time since last request: 0.000039 seconds.
  path: Assets/FlatKit/Demos/[Demo] Mugs/Mugs-Materials/2 - OneColorVariousParameters/02.2-BlueprintGrid-Mug-14.mat
  artifactKey: Guid(dea6faf6a0e174ae6b9501e06bac8d16) Importer(815301076,1909f56bfc062723c751e8b465ee728b)
Start importing Assets/FlatKit/Demos/[Demo] Mugs/Mugs-Materials/2 - OneColorVariousParameters/02.2-BlueprintGrid-Mug-14.mat using Guid(dea6faf6a0e174ae6b9501e06bac8d16) Importer(815301076,1909f56bfc062723c751e8b465ee728b)  -> (artifact id: '42fb260e587268963ae1bb60fc477202') in 0.538726 seconds 
========================================================================
Received Import Request.
  Time since last request: 0.000050 seconds.
  path: Assets/FlatKit/Demos/[Demo] Fruit Vase/FruitVase-Materials/FV-Scene 2 - Mode_Single/2-Leaves.mat
  artifactKey: Guid(f145e4d40e0bc42c59a9a5fd4b27f4ff) Importer(815301076,1909f56bfc062723c751e8b465ee728b)
Start importing Assets/FlatKit/Demos/[Demo] Fruit Vase/FruitVase-Materials/FV-Scene 2 - Mode_Single/2-Leaves.mat using Guid(f145e4d40e0bc42c59a9a5fd4b27f4ff) Importer(815301076,1909f56bfc062723c751e8b465ee728b)  -> (artifact id: '8d0cf48ef2a4833458b7fc5b0903d3bc') in 0.014398 seconds 
========================================================================
Received Import Request.
  Time since last request: 0.000034 seconds.
  path: Assets/FlatKit/Demos/[Demo] Fruit Vase/FruitVase-Materials/FV-Scene 2 - Mode_Single/2-Pear1.mat
  artifactKey: Guid(7c2c5a0b294914197a9130e7e3337128) Importer(815301076,1909f56bfc062723c751e8b465ee728b)
Start importing Assets/FlatKit/Demos/[Demo] Fruit Vase/FruitVase-Materials/FV-Scene 2 - Mode_Single/2-Pear1.mat using Guid(7c2c5a0b294914197a9130e7e3337128) Importer(815301076,1909f56bfc062723c751e8b465ee728b)  -> (artifact id: '47dd9b1b2bc5107d44f4a078c4835783') in 0.015275 seconds 
========================================================================
Received Import Request.
  Time since last request: 0.000034 seconds.
  path: Assets/FlatKit/Demos/[Demo] Fruit Vase/FruitVase-Materials/FV-Scene 1 - Mode_None-Completely Flat/1-Skybox.mat
  artifactKey: Guid(953e71ae084a94b128e87ff9e90548da) Importer(815301076,1909f56bfc062723c751e8b465ee728b)
Start importing Assets/FlatKit/Demos/[Demo] Fruit Vase/FruitVase-Materials/FV-Scene 1 - Mode_None-Completely Flat/1-Skybox.mat using Guid(953e71ae084a94b128e87ff9e90548da) Importer(815301076,1909f56bfc062723c751e8b465ee728b)  -> (artifact id: 'dbbf5241d450d326c9c78307d7a221ba') in 0.015896 seconds 
========================================================================
Received Import Request.
  Time since last request: 0.000039 seconds.
  path: Assets/laxer Assets/wood bridge/Collision Meshes/beam colli2.fbx
  artifactKey: Guid(2803bd5183c38cb4ca30224e8459c11e) Importer(815301076,1909f56bfc062723c751e8b465ee728b)
Start importing Assets/laxer Assets/wood bridge/Collision Meshes/beam colli2.fbx using Guid(2803bd5183c38cb4ca30224e8459c11e) Importer(815301076,1909f56bfc062723c751e8b465ee728b)  -> (artifact id: 'b661be8ec21222b1f4c21d9f0d66b4b6') in 0.028695 seconds 
========================================================================
Received Import Request.
  Time since last request: 0.000031 seconds.
  path: Assets/FlatKit/Demos/[Demo] Mugs/Mugs-Materials/2 - OneColorVariousParameters/02.2-BlueprintGrid-Mug-8.mat
  artifactKey: Guid(e5aab80f9233143499189c94e0b74a93) Importer(815301076,1909f56bfc062723c751e8b465ee728b)
Start importing Assets/FlatKit/Demos/[Demo] Mugs/Mugs-Materials/2 - OneColorVariousParameters/02.2-BlueprintGrid-Mug-8.mat using Guid(e5aab80f9233143499189c94e0b74a93) Importer(815301076,1909f56bfc062723c751e8b465ee728b)  -> (artifact id: 'e62a01baaa5a410955016dbf1afd3270') in 0.500254 seconds 
========================================================================
Received Import Request.
  Time since last request: 0.000036 seconds.
  path: Assets/ArchVizPRO Interior Vol.4/3D MODEL/Furniture/Boot Box/BootBox.FBX
  artifactKey: Guid(f25067ada12facb468519b380274709c) Importer(815301076,1909f56bfc062723c751e8b465ee728b)
Start importing Assets/ArchVizPRO Interior Vol.4/3D MODEL/Furniture/Boot Box/BootBox.FBX using Guid(f25067ada12facb468519b380274709c) Importer(815301076,1909f56bfc062723c751e8b465ee728b)  -> (artifact id: 'b1d792065057a7a2cd4dd0240105b6da') in 0.024440 seconds 
========================================================================
Received Import Request.
  Time since last request: 0.000051 seconds.
  path: Assets/LowpolyStreetPack/Meshes/Bridges.FBX
  artifactKey: Guid(743b5a36add64654a83f60be2beee9f1) Importer(815301076,1909f56bfc062723c751e8b465ee728b)
Start importing Assets/LowpolyStreetPack/Meshes/Bridges.FBX using Guid(743b5a36add64654a83f60be2beee9f1) Importer(815301076,1909f56bfc062723c751e8b465ee728b)  -> (artifact id: '4a0e97c4f800f22404e795d6d8c63daf') in 0.248019 seconds 
========================================================================
Received Import Request.
  Time since last request: 0.000033 seconds.
  path: Assets/AllSkyFree/_AllSkyFreeDemoEnvironment/AllSky_DemoEnvironment_Center.fbx
  artifactKey: Guid(258cb4865d37b4292be3195af50aaa8c) Importer(815301076,1909f56bfc062723c751e8b465ee728b)
Start importing Assets/AllSkyFree/_AllSkyFreeDemoEnvironment/AllSky_DemoEnvironment_Center.fbx using Guid(258cb4865d37b4292be3195af50aaa8c) Importer(815301076,1909f56bfc062723c751e8b465ee728b)  -> (artifact id: '0a474a546ff4c5f185090490a43136c9') in 0.030393 seconds 
========================================================================
Received Import Request.
  Time since last request: 0.000040 seconds.
  path: Assets/FlatKit/Demos/[Demo] Fruit Vase/FruitVase-Materials/FV-Scene 3 - Mode_Steps-Toony/3-Pear2.mat
  artifactKey: Guid(fcf69effea64a406e8f9bd446e0ac9b5) Importer(815301076,1909f56bfc062723c751e8b465ee728b)
Start importing Assets/FlatKit/Demos/[Demo] Fruit Vase/FruitVase-Materials/FV-Scene 3 - Mode_Steps-Toony/3-Pear2.mat using Guid(fcf69effea64a406e8f9bd446e0ac9b5) Importer(815301076,1909f56bfc062723c751e8b465ee728b)  -> (artifact id: 'c8cb450b065e2bc55054f7e1a5b8dc8d') in 0.390155 seconds 
========================================================================
Received Import Request.
  Time since last request: 0.000030 seconds.
  path: Assets/GPUInstancer/Demos/PrefabInstancing/Meshes/Asteroid_02.FBX
  artifactKey: Guid(0b6cbab987d18e742b137f6fe10f118c) Importer(815301076,1909f56bfc062723c751e8b465ee728b)
Start importing Assets/GPUInstancer/Demos/PrefabInstancing/Meshes/Asteroid_02.FBX using Guid(0b6cbab987d18e742b137f6fe10f118c) Importer(815301076,1909f56bfc062723c751e8b465ee728b)  -> (artifact id: 'da02b9dc81dade1833dd96dae0408f70') in 0.024370 seconds 
========================================================================
Received Import Request.
  Time since last request: 0.000038 seconds.
  path: Assets/Crest/Crest-Examples/PirateCove/Props/Stylized Vegetation Pack Free/Meshes/Bush_01.fbx
  artifactKey: Guid(5f415fd0a46ad1d479d39b65bb935f32) Importer(815301076,1909f56bfc062723c751e8b465ee728b)
Start importing Assets/Crest/Crest-Examples/PirateCove/Props/Stylized Vegetation Pack Free/Meshes/Bush_01.fbx using Guid(5f415fd0a46ad1d479d39b65bb935f32) Importer(815301076,1909f56bfc062723c751e8b465ee728b)  -> (artifact id: '2419f75bc39522937b471e321dab3258') in 0.167679 seconds 
========================================================================
Received Import Request.
  Time since last request: 0.000027 seconds.
  path: Assets/ArchVizPRO Interior Vol.4/3D MODEL/Furniture/Barcelona Daybed/Barcelona_Daybed.FBX
  artifactKey: Guid(ff685a5498309eb449695844e0c4b687) Importer(815301076,1909f56bfc062723c751e8b465ee728b)
Start importing Assets/ArchVizPRO Interior Vol.4/3D MODEL/Furniture/Barcelona Daybed/Barcelona_Daybed.FBX using Guid(ff685a5498309eb449695844e0c4b687) Importer(815301076,1909f56bfc062723c751e8b465ee728b)  -> (artifact id: 'c21816eecfa596a6ecae77d110ef1859') in 0.027628 seconds 
========================================================================
Received Import Request.
  Time since last request: 0.000033 seconds.
  path: Assets/laxer Assets/wood bridge/Collision Meshes/beam colli1.fbx
  artifactKey: Guid(6490f65b39b87f7429fc4d655d0c230a) Importer(815301076,1909f56bfc062723c751e8b465ee728b)
Start importing Assets/laxer Assets/wood bridge/Collision Meshes/beam colli1.fbx using Guid(6490f65b39b87f7429fc4d655d0c230a) Importer(815301076,1909f56bfc062723c751e8b465ee728b)  -> (artifact id: 'a655b9c214704c702871993f27e8daf3') in 0.021835 seconds 
========================================================================
Received Import Request.
  Time since last request: 0.000041 seconds.
  path: Assets/FlatKit/Demos/[Demo] Mugs/Mugs-Materials/1 - ColorfulMisc/02.1-BlueprintGrid-Mug-01.mat
  artifactKey: Guid(e831e374758eb4a019b3031699e35407) Importer(815301076,1909f56bfc062723c751e8b465ee728b)
Start importing Assets/FlatKit/Demos/[Demo] Mugs/Mugs-Materials/1 - ColorfulMisc/02.1-BlueprintGrid-Mug-01.mat using Guid(e831e374758eb4a019b3031699e35407) Importer(815301076,1909f56bfc062723c751e8b465ee728b)  -> (artifact id: '02487889458345c1b1bcdfda894e4b11') in 0.014236 seconds 
========================================================================
Received Import Request.
  Time since last request: 0.000044 seconds.
  path: Assets/_src/Art/box.fbx
  artifactKey: Guid(951be9fe0dc889a478e5945255793de6) Importer(815301076,1909f56bfc062723c751e8b465ee728b)
Start importing Assets/_src/Art/box.fbx using Guid(951be9fe0dc889a478e5945255793de6) Importer(815301076,1909f56bfc062723c751e8b465ee728b)  -> (artifact id: '85f3a33241160285dd6dedb7758c6b11') in 0.023301 seconds 
========================================================================
Received Import Request.
  Time since last request: 0.000027 seconds.
  path: Assets/FlatKit/Demos/[Demo] Fruit Vase/FruitVase-Materials/FV-Scene 1 - Mode_None-Completely Flat/1-Banana.mat
  artifactKey: Guid(09d689fffc8ae4e19a0c30d4470c8a1a) Importer(815301076,1909f56bfc062723c751e8b465ee728b)
Start importing Assets/FlatKit/Demos/[Demo] Fruit Vase/FruitVase-Materials/FV-Scene 1 - Mode_None-Completely Flat/1-Banana.mat using Guid(09d689fffc8ae4e19a0c30d4470c8a1a) Importer(815301076,1909f56bfc062723c751e8b465ee728b)  -> (artifact id: 'f2ebb98fb1ef7e0a45acc4c626af4ec1') in 0.013626 seconds 
========================================================================
Received Import Request.
  Time since last request: 0.000040 seconds.
  path: Assets/FlatKit/Demos/[Demo] Fruit Vase/FruitVase-Materials/FV-Scene 2 - Mode_Single/2-Grape.mat
  artifactKey: Guid(3d8eb1b1892c84575ac0cdf4cd9c9906) Importer(815301076,1909f56bfc062723c751e8b465ee728b)
Start importing Assets/FlatKit/Demos/[Demo] Fruit Vase/FruitVase-Materials/FV-Scene 2 - Mode_Single/2-Grape.mat using Guid(3d8eb1b1892c84575ac0cdf4cd9c9906) Importer(815301076,1909f56bfc062723c751e8b465ee728b)  -> (artifact id: '34133cce7e09d9887c06b09fbcc195fa') in 0.013205 seconds 
========================================================================
Received Import Request.
  Time since last request: 0.000045 seconds.
  path: Assets/FlatKit/Demos/[Demo] Fruit Vase/FruitVase-Materials/FV-Scene 1 - Mode_None-Completely Flat/1-Leaves.mat
  artifactKey: Guid(d4954f29ebb334b08a03231dbbd93eca) Importer(815301076,1909f56bfc062723c751e8b465ee728b)
Start importing Assets/FlatKit/Demos/[Demo] Fruit Vase/FruitVase-Materials/FV-Scene 1 - Mode_None-Completely Flat/1-Leaves.mat using Guid(d4954f29ebb334b08a03231dbbd93eca) Importer(815301076,1909f56bfc062723c751e8b465ee728b)  -> (artifact id: '435de1a14626c44064a35762ec01395f') in 0.014375 seconds 
========================================================================
Received Import Request.
  Time since last request: 0.000053 seconds.
  path: Assets/FlatKit/Demos/[Demo] Fruit Vase/FruitVase-Materials/FV-Scene 1 - Mode_None-Completely Flat/1-Pear2.mat
  artifactKey: Guid(0f171c6eeafc140ccaa4cbb55e13d6ce) Importer(815301076,1909f56bfc062723c751e8b465ee728b)
Start importing Assets/FlatKit/Demos/[Demo] Fruit Vase/FruitVase-Materials/FV-Scene 1 - Mode_None-Completely Flat/1-Pear2.mat using Guid(0f171c6eeafc140ccaa4cbb55e13d6ce) Importer(815301076,1909f56bfc062723c751e8b465ee728b)  -> (artifact id: 'a3333c514d7e0ae683c49c5d0e214511') in 0.017061 seconds 
========================================================================
Received Import Request.
  Time since last request: 0.000034 seconds.
  path: Assets/FishNet/Runtime/Plugins/ColliderRollback/Demos/SimpleNaturePack/Models/Bush_01.fbx
  artifactKey: Guid(d8ea93d2d4757e444a5349f4bc849128) Importer(815301076,1909f56bfc062723c751e8b465ee728b)
Start importing Assets/FishNet/Runtime/Plugins/ColliderRollback/Demos/SimpleNaturePack/Models/Bush_01.fbx using Guid(d8ea93d2d4757e444a5349f4bc849128) Importer(815301076,1909f56bfc062723c751e8b465ee728b)  -> (artifact id: '471f703e5f6f6f92ef54e39f9498abeb') in 0.021757 seconds 
========================================================================
Received Import Request.
  Time since last request: 0.000042 seconds.
  path: Assets/FlatKit/Demos/[Demo] Mugs/Mugs-Materials/2 - OneColorVariousParameters/02.2-BlueprintGrid-Mug-13.mat
  artifactKey: Guid(5de98860df0034b1fbb8bd3c83257f40) Importer(815301076,1909f56bfc062723c751e8b465ee728b)
Start importing Assets/FlatKit/Demos/[Demo] Mugs/Mugs-Materials/2 - OneColorVariousParameters/02.2-BlueprintGrid-Mug-13.mat using Guid(5de98860df0034b1fbb8bd3c83257f40) Importer(815301076,1909f56bfc062723c751e8b465ee728b)  -> (artifact id: 'aed9a681c1f419ca64e83cee0bcd0c4a') in 0.527133 seconds 
========================================================================
Received Import Request.
  Time since last request: 0.000039 seconds.
  path: Assets/GPUInstancer/Demos/PrefabInstancing/Meshes/Asteroid_01.FBX
  artifactKey: Guid(4efd6b0f880cc434c81df5ee49016e7b) Importer(815301076,1909f56bfc062723c751e8b465ee728b)
Start importing Assets/GPUInstancer/Demos/PrefabInstancing/Meshes/Asteroid_01.FBX using Guid(4efd6b0f880cc434c81df5ee49016e7b) Importer(815301076,1909f56bfc062723c751e8b465ee728b)  -> (artifact id: '61fc784024b3e284842c945edd4de01e') in 0.024751 seconds 
========================================================================
Received Import Request.
  Time since last request: 0.000042 seconds.
  path: Assets/NWH/Dynamic Water Physics 2/Models/Props/Bowling Pin/Bowling Pin.fbx
  artifactKey: Guid(d34c25371d9947e4e830085d75f6f884) Importer(815301076,1909f56bfc062723c751e8b465ee728b)
Start importing Assets/NWH/Dynamic Water Physics 2/Models/Props/Bowling Pin/Bowling Pin.fbx using Guid(d34c25371d9947e4e830085d75f6f884) Importer(815301076,1909f56bfc062723c751e8b465ee728b)  -> (artifact id: '7f14438c405fbd232b9db79bdd0aefdd') in 0.026226 seconds 
========================================================================
Received Import Request.
  Time since last request: 0.000036 seconds.
  path: Assets/HighCity/Mesh/advertis plane.FBX
  artifactKey: Guid(1eb0f1bedd72d704d81108d3e242ee19) Importer(815301076,1909f56bfc062723c751e8b465ee728b)
Start importing Assets/HighCity/Mesh/advertis plane.FBX using Guid(1eb0f1bedd72d704d81108d3e242ee19) Importer(815301076,1909f56bfc062723c751e8b465ee728b)  -> (artifact id: 'ba02ff1b7a1c31711a9ff83928b6def6') in 0.049908 seconds 
========================================================================
Received Import Request.
  Time since last request: 0.000035 seconds.
  path: Assets/HighCity/Mesh/advertiz 2.FBX
  artifactKey: Guid(ac027766c7eb6cd479d205c7c3b22224) Importer(815301076,1909f56bfc062723c751e8b465ee728b)
Start importing Assets/HighCity/Mesh/advertiz 2.FBX using Guid(ac027766c7eb6cd479d205c7c3b22224) Importer(815301076,1909f56bfc062723c751e8b465ee728b)  -> (artifact id: '5086b7e428b07da2ccd586d50de70651') in 0.035948 seconds 
========================================================================
Received Import Request.
  Time since last request: 0.000033 seconds.
  path: Assets/ArchVizPRO Interior Vol.4/3D MODEL/Furniture/MrChair/Materials/02 - Default.mat
  artifactKey: Guid(089cdfb2510203d4a96e850b78a4dcba) Importer(815301076,1909f56bfc062723c751e8b465ee728b)
Start importing Assets/ArchVizPRO Interior Vol.4/3D MODEL/Furniture/MrChair/Materials/02 - Default.mat using Guid(089cdfb2510203d4a96e850b78a4dcba) Importer(815301076,1909f56bfc062723c751e8b465ee728b)  -> (artifact id: 'd79605871b3e2904280129375c91fa9a') in 0.014568 seconds 
========================================================================
Received Import Request.
  Time since last request: 0.000027 seconds.
  path: Assets/Crest/Crest-Examples/PirateCove/Props/Sketchfab_FREE/by_v124entkl/low-poly-realistic-trees-pack/sources/ALL-TREES.FBX
  artifactKey: Guid(a881ce0b00b35364587897ed135d998f) Importer(815301076,1909f56bfc062723c751e8b465ee728b)
Start importing Assets/Crest/Crest-Examples/PirateCove/Props/Sketchfab_FREE/by_v124entkl/low-poly-realistic-trees-pack/sources/ALL-TREES.FBX using Guid(a881ce0b00b35364587897ed135d998f) Importer(815301076,1909f56bfc062723c751e8b465ee728b)  -> (artifact id: '7504cb66f01ddfb4dbb86d26ccc50a53') in 0.078214 seconds 
========================================================================
Received Import Request.
  Time since last request: 0.000034 seconds.
  path: Assets/ArchVizPRO Interior Vol.4/3D MODEL/Furniture/Lamp Floor/Materials/01 - Default.mat
  artifactKey: Guid(f3b7a4387e70e7b4eb4f4238e857a257) Importer(815301076,1909f56bfc062723c751e8b465ee728b)
Start importing Assets/ArchVizPRO Interior Vol.4/3D MODEL/Furniture/Lamp Floor/Materials/01 - Default.mat using Guid(f3b7a4387e70e7b4eb4f4238e857a257) Importer(815301076,1909f56bfc062723c751e8b465ee728b)  -> (artifact id: '5bed03716ddaa744304f61d8b8b75a7b') in 0.014504 seconds 
========================================================================
Received Import Request.
  Time since last request: 0.000031 seconds.
  path: Assets/ArchVizPRO Interior Vol.4/3D MODEL/Furniture/Bench/Bench.FBX
  artifactKey: Guid(1da7d650e22e50947a57a9eb11f5a570) Importer(815301076,1909f56bfc062723c751e8b465ee728b)
Start importing Assets/ArchVizPRO Interior Vol.4/3D MODEL/Furniture/Bench/Bench.FBX using Guid(1da7d650e22e50947a57a9eb11f5a570) Importer(815301076,1909f56bfc062723c751e8b465ee728b)  -> (artifact id: '611a834b8cb7770bf5ae4c356b55b4a7') in 0.022620 seconds 
========================================================================
Received Import Request.
  Time since last request: 0.000024 seconds.
  path: Assets/_src/Art/Cactus/cactus.fbx
  artifactKey: Guid(0fc6fc74d790da348b46f9487910f7be) Importer(815301076,1909f56bfc062723c751e8b465ee728b)
Start importing Assets/_src/Art/Cactus/cactus.fbx using Guid(0fc6fc74d790da348b46f9487910f7be) Importer(815301076,1909f56bfc062723c751e8b465ee728b)  -> (artifact id: 'cb77b6a6d9810c7f8f55ee310b6bedf8') in 0.033588 seconds 
========================================================================
Received Import Request.
  Time since last request: 0.000030 seconds.
  path: Assets/_src/Art/Curt/Curtains.FBX
  artifactKey: Guid(31bbcfbf0ca5fc64f8e120a17297bb2c) Importer(815301076,1909f56bfc062723c751e8b465ee728b)
Start importing Assets/_src/Art/Curt/Curtains.FBX using Guid(31bbcfbf0ca5fc64f8e120a17297bb2c) Importer(815301076,1909f56bfc062723c751e8b465ee728b)  -> (artifact id: '698fd624a4b212dbad1c9c42583fc3e3') in 0.358679 seconds 
========================================================================
Received Import Request.
  Time since last request: 0.000034 seconds.
  path: Assets/GPUInstancer/Demos/PrefabInstancing/Meshes/Asteroid_03_LOD.FBX
  artifactKey: Guid(744dfa7ec1c218f409aec00d7aad8263) Importer(815301076,1909f56bfc062723c751e8b465ee728b)
Start importing Assets/GPUInstancer/Demos/PrefabInstancing/Meshes/Asteroid_03_LOD.FBX using Guid(744dfa7ec1c218f409aec00d7aad8263) Importer(815301076,1909f56bfc062723c751e8b465ee728b)  -> (artifact id: '06cfd86a5bfde4834c0be21915f77047') in 0.056100 seconds 
========================================================================
Received Import Request.
  Time since last request: 0.000038 seconds.
  path: Assets/FlatKit/Demos/[Demo] Mugs/Mugs-Materials/2 - OneColorVariousParameters/02.2-BlueprintGrid-Mug-2.mat
  artifactKey: Guid(2eb9c8d0c1d6e439384930b2be8a6ff5) Importer(815301076,1909f56bfc062723c751e8b465ee728b)
Start importing Assets/FlatKit/Demos/[Demo] Mugs/Mugs-Materials/2 - OneColorVariousParameters/02.2-BlueprintGrid-Mug-2.mat using Guid(2eb9c8d0c1d6e439384930b2be8a6ff5) Importer(815301076,1909f56bfc062723c751e8b465ee728b)  -> (artifact id: '854c981bd95cda6c77a8ac0a4b0b631f') in 0.013811 seconds 
========================================================================
Received Import Request.
  Time since last request: 0.000030 seconds.
  path: Assets/HighCity/Mesh/car 2 ambulance.FBX
  artifactKey: Guid(00bac22983fb680468736937fb628dad) Importer(815301076,1909f56bfc062723c751e8b465ee728b)
Start importing Assets/HighCity/Mesh/car 2 ambulance.FBX using Guid(00bac22983fb680468736937fb628dad) Importer(815301076,1909f56bfc062723c751e8b465ee728b)  -> (artifact id: '89bef55797f4173c318e782e35349db0') in 0.171755 seconds 
========================================================================
Received Import Request.
  Time since last request: 0.000040 seconds.
  path: Assets/FlatKit/Demos/[Demo] Mugs/Mugs-Materials/1 - ColorfulMisc/02.1-BlueprintGrid-Mug-03.mat
  artifactKey: Guid(6bc6592a65b9342eba1326a6beb25c9d) Importer(815301076,1909f56bfc062723c751e8b465ee728b)
Start importing Assets/FlatKit/Demos/[Demo] Mugs/Mugs-Materials/1 - ColorfulMisc/02.1-BlueprintGrid-Mug-03.mat using Guid(6bc6592a65b9342eba1326a6beb25c9d) Importer(815301076,1909f56bfc062723c751e8b465ee728b)  -> (artifact id: '4b4edbdf8736432da9063b93f07af5cc') in 0.547378 seconds 
========================================================================
Received Import Request.
  Time since last request: 0.000033 seconds.
  path: Assets/FlatKit/Demos/[Demo] Mugs/Mugs-Materials/2 - OneColorVariousParameters/02.2-BlueprintGrid-Mug-4.mat
  artifactKey: Guid(039052bae636446f19dde34f32a92f42) Importer(815301076,1909f56bfc062723c751e8b465ee728b)
Start importing Assets/FlatKit/Demos/[Demo] Mugs/Mugs-Materials/2 - OneColorVariousParameters/02.2-BlueprintGrid-Mug-4.mat using Guid(039052bae636446f19dde34f32a92f42) Importer(815301076,1909f56bfc062723c751e8b465ee728b)  -> (artifact id: '7aed4b204883246f63ccba4bbfc1594c') in 0.636243 seconds 
========================================================================
Received Import Request.
  Time since last request: 0.000029 seconds.
  path: Assets/FlatKit/Demos/[Demo] Fruit Vase/FruitVase-Materials/FV-Scene 2 - Mode_Single/2-Banana.mat
  artifactKey: Guid(a8c7e1f1d8dda4ac9ad82478ee656794) Importer(815301076,1909f56bfc062723c751e8b465ee728b)
Start importing Assets/FlatKit/Demos/[Demo] Fruit Vase/FruitVase-Materials/FV-Scene 2 - Mode_Single/2-Banana.mat using Guid(a8c7e1f1d8dda4ac9ad82478ee656794) Importer(815301076,1909f56bfc062723c751e8b465ee728b)  -> (artifact id: '949a85d6dd5c221b88f5c76623b0964f') in 0.016943 seconds 
========================================================================
Received Import Request.
  Time since last request: 0.000057 seconds.
  path: Assets/FlatKit/Demos/[Demo] Fruit Vase/FruitVase-Materials/FV-Scene 3 - Mode_Steps-Toony/3-Grape.mat
  artifactKey: Guid(0a8f2d4c180e14933bb063e01772ad21) Importer(815301076,1909f56bfc062723c751e8b465ee728b)
Start importing Assets/FlatKit/Demos/[Demo] Fruit Vase/FruitVase-Materials/FV-Scene 3 - Mode_Steps-Toony/3-Grape.mat using Guid(0a8f2d4c180e14933bb063e01772ad21) Importer(815301076,1909f56bfc062723c751e8b465ee728b)  -> (artifact id: '857dd232f83f3381fb3c5c9b65fcc891') in 0.022404 seconds 
========================================================================
Received Import Request.
  Time since last request: 0.000031 seconds.
  path: Assets/FlatKit/Demos/[Demo] Fruit Vase/FruitVase-Materials/FV-Scene 1 - Mode_None-Completely Flat/1-Plane2.mat
  artifactKey: Guid(7960ccd4b93bf4d6890224b11274ba5e) Importer(815301076,1909f56bfc062723c751e8b465ee728b)
Start importing Assets/FlatKit/Demos/[Demo] Fruit Vase/FruitVase-Materials/FV-Scene 1 - Mode_None-Completely Flat/1-Plane2.mat using Guid(7960ccd4b93bf4d6890224b11274ba5e) Importer(815301076,1909f56bfc062723c751e8b465ee728b)  -> (artifact id: '236b5ca0b9ab6a435a823c972d79c342') in 0.016261 seconds 
========================================================================
Received Import Request.
  Time since last request: 0.000027 seconds.
  path: Assets/PBR Assets - Old Rusty Boat/Meshes/boatOpen.fbx
  artifactKey: Guid(13204dff9615b064f8016d958ba0708a) Importer(815301076,1909f56bfc062723c751e8b465ee728b)
Start importing Assets/PBR Assets - Old Rusty Boat/Meshes/boatOpen.fbx using Guid(13204dff9615b064f8016d958ba0708a) Importer(815301076,1909f56bfc062723c751e8b465ee728b)  -> (artifact id: 'f6caed371ba6c6b4948f0c789daa8615') in 0.133569 seconds 
========================================================================
Received Import Request.
  Time since last request: 0.000037 seconds.
  path: Assets/FlatKit/Demos/[Demo] Car/Car-Models/Car.fbx
  artifactKey: Guid(e04be998d717248f8bde6d98b4038eb6) Importer(815301076,1909f56bfc062723c751e8b465ee728b)
Start importing Assets/FlatKit/Demos/[Demo] Car/Car-Models/Car.fbx using Guid(e04be998d717248f8bde6d98b4038eb6) Importer(815301076,1909f56bfc062723c751e8b465ee728b)  -> (artifact id: 'eb827873d1b734005d60a775219f628f') in 0.701946 seconds 
========================================================================
Received Import Request.
  Time since last request: 0.000046 seconds.
  path: Assets/ArchVizPRO Interior Vol.4/3D MODEL/Furniture/MrChaiseLounge/Materials/02 - Default.mat
  artifactKey: Guid(a2883162beeb1e7459107ebfa6e20cf0) Importer(815301076,1909f56bfc062723c751e8b465ee728b)
Start importing Assets/ArchVizPRO Interior Vol.4/3D MODEL/Furniture/MrChaiseLounge/Materials/02 - Default.mat using Guid(a2883162beeb1e7459107ebfa6e20cf0) Importer(815301076,1909f56bfc062723c751e8b465ee728b)  -> (artifact id: 'fb14a0bdcea90e6576d918507ff1e61a') in 0.013081 seconds 
========================================================================
Received Import Request.
  Time since last request: 0.000028 seconds.
  path: Assets/FlatKit/Demos/[Demo] Fruit Vase/FruitVase-Materials/FV-Scene 3 - Mode_Steps-Toony/3-Pear1.mat
  artifactKey: Guid(7303eb7866ef24a1f9276cef9d5c1511) Importer(815301076,1909f56bfc062723c751e8b465ee728b)
Start importing Assets/FlatKit/Demos/[Demo] Fruit Vase/FruitVase-Materials/FV-Scene 3 - Mode_Steps-Toony/3-Pear1.mat using Guid(7303eb7866ef24a1f9276cef9d5c1511) Importer(815301076,1909f56bfc062723c751e8b465ee728b)  -> (artifact id: 'c3da1598eae1c7bf58cdc3d1418d8259') in 0.016511 seconds 
========================================================================
Received Import Request.
  Time since last request: 0.000034 seconds.
  path: Assets/HighCity/Mesh/advertis hold.FBX
  artifactKey: Guid(410a44715a7e843458e57502ebed4d82) Importer(815301076,1909f56bfc062723c751e8b465ee728b)
Start importing Assets/HighCity/Mesh/advertis hold.FBX using Guid(410a44715a7e843458e57502ebed4d82) Importer(815301076,1909f56bfc062723c751e8b465ee728b)  -> (artifact id: '7dd13006e2f65847e7a0ea9af9f2c4e3') in 0.043122 seconds 
========================================================================
Received Import Request.
  Time since last request: 0.000028 seconds.
  path: Assets/FlatKit/Demos/[Demo] Fruit Vase/FruitVase-Materials/FV-Scene 1 - Mode_None-Completely Flat/1-Pear1.mat
  artifactKey: Guid(4061a85dc5dea44119966936744e4065) Importer(815301076,1909f56bfc062723c751e8b465ee728b)
Start importing Assets/FlatKit/Demos/[Demo] Fruit Vase/FruitVase-Materials/FV-Scene 1 - Mode_None-Completely Flat/1-Pear1.mat using Guid(4061a85dc5dea44119966936744e4065) Importer(815301076,1909f56bfc062723c751e8b465ee728b)  -> (artifact id: '5789d176dc4900079715a0642f0974d1') in 0.014816 seconds 
========================================================================
Received Import Request.
  Time since last request: 0.000030 seconds.
  path: Assets/FlatKit/Demos/[Demo] Fruit Vase/FruitVase-Materials/FV-Scene 1 - Mode_None-Completely Flat/1-Plane.mat
  artifactKey: Guid(9d823727a38d648978b27af5e116b43a) Importer(815301076,1909f56bfc062723c751e8b465ee728b)
Start importing Assets/FlatKit/Demos/[Demo] Fruit Vase/FruitVase-Materials/FV-Scene 1 - Mode_None-Completely Flat/1-Plane.mat using Guid(9d823727a38d648978b27af5e116b43a) Importer(815301076,1909f56bfc062723c751e8b465ee728b)  -> (artifact id: '4270702a211664669ff72692f04329e9') in 0.014413 seconds 
========================================================================
Received Import Request.
  Time since last request: 0.000028 seconds.
  path: Assets/FlatKit/Demos/[Demo] Mugs/Mugs-Materials/2 - OneColorVariousParameters/02.2-BlueprintGrid-Mug-10.mat
  artifactKey: Guid(7c21cd5ce29a140cba4c9ae961a24b62) Importer(815301076,1909f56bfc062723c751e8b465ee728b)
Start importing Assets/FlatKit/Demos/[Demo] Mugs/Mugs-Materials/2 - OneColorVariousParameters/02.2-BlueprintGrid-Mug-10.mat using Guid(7c21cd5ce29a140cba4c9ae961a24b62) Importer(815301076,1909f56bfc062723c751e8b465ee728b)  -> (artifact id: '54a7072fa001f4b325c0205657cd7dff') in 0.465161 seconds 
========================================================================
Received Import Request.
  Time since last request: 0.000038 seconds.
  path: Assets/ArchVizPRO Interior Vol.4/3D MODEL/Furniture/Fireplace/Materials/01 - Default.mat
  artifactKey: Guid(7b884c1e56eff0346858960327924644) Importer(815301076,1909f56bfc062723c751e8b465ee728b)
Start importing Assets/ArchVizPRO Interior Vol.4/3D MODEL/Furniture/Fireplace/Materials/01 - Default.mat using Guid(7b884c1e56eff0346858960327924644) Importer(815301076,1909f56bfc062723c751e8b465ee728b)  -> (artifact id: '3bd3a6f091b88e56922b756b15a6664e') in 0.012949 seconds 
========================================================================
Received Import Request.
  Time since last request: 0.000049 seconds.
  path: Assets/AllSkyFree/_AllSkyFreeDemoEnvironment/AllSky_DemoEnvironment.fbx
  artifactKey: Guid(3ca2c2ce56b9e44f598f5de419ce4e8a) Importer(815301076,1909f56bfc062723c751e8b465ee728b)
Start importing Assets/AllSkyFree/_AllSkyFreeDemoEnvironment/AllSky_DemoEnvironment.fbx using Guid(3ca2c2ce56b9e44f598f5de419ce4e8a) Importer(815301076,1909f56bfc062723c751e8b465ee728b)  -> (artifact id: 'ebeb1fce68db28e26d72b81a99522349') in 0.032295 seconds 
========================================================================
Received Import Request.
  Time since last request: 0.000035 seconds.
  path: Assets/PBR Assets - Old Rusty Boat/Meshes/boatOpenNoCabin.fbx
  artifactKey: Guid(9cb4bbb6477c27e43905ee76a53eefec) Importer(815301076,1909f56bfc062723c751e8b465ee728b)
Start importing Assets/PBR Assets - Old Rusty Boat/Meshes/boatOpenNoCabin.fbx using Guid(9cb4bbb6477c27e43905ee76a53eefec) Importer(815301076,1909f56bfc062723c751e8b465ee728b)  -> (artifact id: '1efae2aeff5eb7cc0740653769479f72') in 0.105738 seconds 
========================================================================
Received Import Request.
  Time since last request: 0.000030 seconds.
  path: Assets/_src/playerActions.inputactions
  artifactKey: Guid(82cc05cf483f7074bbc3496bcad756c2) Importer(815301076,1909f56bfc062723c751e8b465ee728b)
Start importing Assets/_src/playerActions.inputactions using Guid(82cc05cf483f7074bbc3496bcad756c2) Importer(815301076,1909f56bfc062723c751e8b465ee728b)  -> (artifact id: '3f100f3e300186675d311014525a5675') in 0.008596 seconds 
========================================================================
Received Import Request.
  Time since last request: 0.000033 seconds.
  path: Assets/AllSkyFree/_AllSkyFreeDemoEnvironment/AllSky_DemoEnvironment_Light.fbx
  artifactKey: Guid(d9ad0f74d68824711bc800186cf63d22) Importer(815301076,1909f56bfc062723c751e8b465ee728b)
Start importing Assets/AllSkyFree/_AllSkyFreeDemoEnvironment/AllSky_DemoEnvironment_Light.fbx using Guid(d9ad0f74d68824711bc800186cf63d22) Importer(815301076,1909f56bfc062723c751e8b465ee728b)  -> (artifact id: '4075e7a2cf147908fc71bf5a29bb2d63') in 0.032634 seconds 
========================================================================
Received Import Request.
  Time since last request: 0.000042 seconds.
  path: Assets/FlatKit/Demos/[Demo] Mugs/Mugs-Materials/2 - OneColorVariousParameters/02.2-BlueprintGrid-Mug-9.mat
  artifactKey: Guid(42b481ef7656046248b2cf4735566a29) Importer(815301076,1909f56bfc062723c751e8b465ee728b)
Start importing Assets/FlatKit/Demos/[Demo] Mugs/Mugs-Materials/2 - OneColorVariousParameters/02.2-BlueprintGrid-Mug-9.mat using Guid(42b481ef7656046248b2cf4735566a29) Importer(815301076,1909f56bfc062723c751e8b465ee728b)  -> (artifact id: 'c9031d4e349cc14a15d173d211b918b0') in 0.012715 seconds 
========================================================================
Received Import Request.
  Time since last request: 0.000045 seconds.
  path: Assets/HighCity/Mesh/advertiz 3.FBX
  artifactKey: Guid(3b6adf62e5efe7d44ad8d8bd577164ba) Importer(815301076,1909f56bfc062723c751e8b465ee728b)
Start importing Assets/HighCity/Mesh/advertiz 3.FBX using Guid(3b6adf62e5efe7d44ad8d8bd577164ba) Importer(815301076,1909f56bfc062723c751e8b465ee728b)  -> (artifact id: '0bd52ac7813e14c6a391fa61c3337861') in 0.030941 seconds 
========================================================================
Received Import Request.
  Time since last request: 0.000034 seconds.
  path: Assets/FlatKit/Demos/[Demo] Fruit Vase/FruitVase-Materials/FV-Scene 3 - Mode_Steps-Toony/3-Cherries.mat
  artifactKey: Guid(f9712c421eb55461cb291f5a897bbfe0) Importer(815301076,1909f56bfc062723c751e8b465ee728b)
Start importing Assets/FlatKit/Demos/[Demo] Fruit Vase/FruitVase-Materials/FV-Scene 3 - Mode_Steps-Toony/3-Cherries.mat using Guid(f9712c421eb55461cb291f5a897bbfe0) Importer(815301076,1909f56bfc062723c751e8b465ee728b)  -> (artifact id: '06161b694ebbea8264910b288228e78f') in 0.015168 seconds 
========================================================================
Received Import Request.
  Time since last request: 0.000025 seconds.
  path: Assets/FlatKit/Demos/[Demo] IslandWithTrees/IslandWithTrees-Models/Bush-v1-01.fbx
  artifactKey: Guid(8c6c2c66072f84113baf14a881f53211) Importer(815301076,1909f56bfc062723c751e8b465ee728b)
Start importing Assets/FlatKit/Demos/[Demo] IslandWithTrees/IslandWithTrees-Models/Bush-v1-01.fbx using Guid(8c6c2c66072f84113baf14a881f53211) Importer(815301076,1909f56bfc062723c751e8b465ee728b)  -> (artifact id: '2b5ca9c76d0b5d2dfd1aacc21c27931d') in 0.064459 seconds 
========================================================================
Received Import Request.
  Time since last request: 0.000029 seconds.
  path: Assets/FlatKit/Demos/[Demo] Fruit Vase/FruitVase-Materials/FV-Scene 2 - Mode_Single/2-Skybox.mat
  artifactKey: Guid(f56986ded5ce344b0a2c9b1606d5d0db) Importer(815301076,1909f56bfc062723c751e8b465ee728b)
Start importing Assets/FlatKit/Demos/[Demo] Fruit Vase/FruitVase-Materials/FV-Scene 2 - Mode_Single/2-Skybox.mat using Guid(f56986ded5ce344b0a2c9b1606d5d0db) Importer(815301076,1909f56bfc062723c751e8b465ee728b)  -> (artifact id: 'bf8993c78284bbb3dd1e2d2b07041817') in 0.012217 seconds 
========================================================================
Received Import Request.
  Time since last request: 0.000030 seconds.
  path: Assets/HighCity/Mesh/car 1 taxi.FBX
  artifactKey: Guid(5c43e77726dbd3a41aa37b258ce51628) Importer(815301076,1909f56bfc062723c751e8b465ee728b)
Start importing Assets/HighCity/Mesh/car 1 taxi.FBX using Guid(5c43e77726dbd3a41aa37b258ce51628) Importer(815301076,1909f56bfc062723c751e8b465ee728b)  -> (artifact id: '3924def3bfcc463d26f76d2519feb402') in 0.219409 seconds 
========================================================================
Received Import Request.
  Time since last request: 0.000035 seconds.
  path: Assets/FlatKit/Demos/[Demo] Mugs/Mugs-Materials/2 - OneColorVariousParameters/02.2-BlueprintGrid-Mug-7.mat
  artifactKey: Guid(be8592524361449788c114916a0f884d) Importer(815301076,1909f56bfc062723c751e8b465ee728b)
Start importing Assets/FlatKit/Demos/[Demo] Mugs/Mugs-Materials/2 - OneColorVariousParameters/02.2-BlueprintGrid-Mug-7.mat using Guid(be8592524361449788c114916a0f884d) Importer(815301076,1909f56bfc062723c751e8b465ee728b)  -> (artifact id: '3f31c9c424cdf4b22a8a9c20d85e5101') in 0.544985 seconds 
========================================================================
Received Import Request.
  Time since last request: 0.000039 seconds.
  path: Assets/FlatKit/Demos/[Demo] Mugs/Mugs-Materials/1 - ColorfulMisc/02.1-BlueprintGrid-Mug-02.mat
  artifactKey: Guid(9ed267afa8ac44ede8f6af968e2c90c3) Importer(815301076,1909f56bfc062723c751e8b465ee728b)
Start importing Assets/FlatKit/Demos/[Demo] Mugs/Mugs-Materials/1 - ColorfulMisc/02.1-BlueprintGrid-Mug-02.mat using Guid(9ed267afa8ac44ede8f6af968e2c90c3) Importer(815301076,1909f56bfc062723c751e8b465ee728b)  -> (artifact id: 'b879cbc72f2446b7a2075b3717633349') in 0.012972 seconds 
========================================================================
Received Import Request.
  Time since last request: 0.000028 seconds.
  path: Assets/HighCity/Mesh/bottle.FBX
  artifactKey: Guid(6e6b92b9fc6f45542b609a19a8dbe62a) Importer(815301076,1909f56bfc062723c751e8b465ee728b)
Start importing Assets/HighCity/Mesh/bottle.FBX using Guid(6e6b92b9fc6f45542b609a19a8dbe62a) Importer(815301076,1909f56bfc062723c751e8b465ee728b)  -> (artifact id: '3f02cd36c26fe8d4ae7745759ee5c53c') in 0.032197 seconds 
========================================================================
Received Import Request.
  Time since last request: 0.000036 seconds.
  path: Assets/ArchVizPRO Interior Vol.4/3D MODEL/Furniture/Bed/Bed.FBX
  artifactKey: Guid(0c02ca12d3f52034db86ef908e2679b8) Importer(815301076,1909f56bfc062723c751e8b465ee728b)
Start importing Assets/ArchVizPRO Interior Vol.4/3D MODEL/Furniture/Bed/Bed.FBX using Guid(0c02ca12d3f52034db86ef908e2679b8) Importer(815301076,1909f56bfc062723c751e8b465ee728b)  -> (artifact id: '71ff0eb47e5a776332468d9c32307bd4') in 0.079190 seconds 
========================================================================
Received Import Request.
  Time since last request: 0.000032 seconds.
  path: Assets/FlatKit/Demos/[Demo] Fruit Vase/FruitVase-Materials/FV-Scene 2 - Mode_Single/2-Strawberry.mat
  artifactKey: Guid(815c5d1a139f541d7adc673766648f75) Importer(815301076,1909f56bfc062723c751e8b465ee728b)
Start importing Assets/FlatKit/Demos/[Demo] Fruit Vase/FruitVase-Materials/FV-Scene 2 - Mode_Single/2-Strawberry.mat using Guid(815c5d1a139f541d7adc673766648f75) Importer(815301076,1909f56bfc062723c751e8b465ee728b)  -> (artifact id: '5fe38ba334462ae7e4f18b98d8e0c8db') in 0.014745 seconds 
========================================================================
Received Import Request.
  Time since last request: 0.000030 seconds.
  path: Assets/FlatKit/Demos/[Demo] Fruit Vase/FruitVase-Materials/FV-Scene 3 - Mode_Steps-Toony/3-Plane2.mat
  artifactKey: Guid(0ed7196bab0834a1ea51bf6a7f6d83b0) Importer(815301076,1909f56bfc062723c751e8b465ee728b)
Start importing Assets/FlatKit/Demos/[Demo] Fruit Vase/FruitVase-Materials/FV-Scene 3 - Mode_Steps-Toony/3-Plane2.mat using Guid(0ed7196bab0834a1ea51bf6a7f6d83b0) Importer(815301076,1909f56bfc062723c751e8b465ee728b)  -> (artifact id: 'de3b4b6e5de6eef6a3930c13d3c8e50a') in 0.451170 seconds 
========================================================================
Received Import Request.
  Time since last request: 0.000044 seconds.
  path: Assets/FlatKit/Demos/[Demo] Fruit Vase/FruitVase-Materials/FV-Scene 2 - Mode_Single/2-Stalks.mat
  artifactKey: Guid(e82d9192ebf36438293c8062b7ea51b0) Importer(815301076,1909f56bfc062723c751e8b465ee728b)
Start importing Assets/FlatKit/Demos/[Demo] Fruit Vase/FruitVase-Materials/FV-Scene 2 - Mode_Single/2-Stalks.mat using Guid(e82d9192ebf36438293c8062b7ea51b0) Importer(815301076,1909f56bfc062723c751e8b465ee728b)  -> (artifact id: '1745016fcd7f9ebe54678216e33face3') in 0.014229 seconds 
========================================================================
Received Import Request.
  Time since last request: 0.000026 seconds.
  path: Assets/ArchVizPRO Interior Vol.4/3D MODEL/Furniture/Barcelona/Barcelona.FBX
  artifactKey: Guid(99581b1180caf454a8e0ea7f63d46d35) Importer(815301076,1909f56bfc062723c751e8b465ee728b)
Start importing Assets/ArchVizPRO Interior Vol.4/3D MODEL/Furniture/Barcelona/Barcelona.FBX using Guid(99581b1180caf454a8e0ea7f63d46d35) Importer(815301076,1909f56bfc062723c751e8b465ee728b)  -> (artifact id: 'f58ed941863a52bab31c08ba65e7adc1') in 0.025974 seconds 
========================================================================
Received Import Request.
  Time since last request: 0.000049 seconds.
  path: Assets/ArchVizPRO Interior Vol.4/3D MODEL/Furniture/Desk/Materials/01 - Default.mat
  artifactKey: Guid(ae83b74585375ea4085e78d89e69eb87) Importer(815301076,1909f56bfc062723c751e8b465ee728b)
Start importing Assets/ArchVizPRO Interior Vol.4/3D MODEL/Furniture/Desk/Materials/01 - Default.mat using Guid(ae83b74585375ea4085e78d89e69eb87) Importer(815301076,1909f56bfc062723c751e8b465ee728b)  -> (artifact id: 'cbbe4a2b066cfb26fafd75300a166278') in 0.021880 seconds 
========================================================================
Received Import Request.
  Time since last request: 0.000023 seconds.
  path: Assets/_src/Art/feets/botinok1.fbx
  artifactKey: Guid(c14fd781052ae2b47852d900755d7556) Importer(815301076,1909f56bfc062723c751e8b465ee728b)
Start importing Assets/_src/Art/feets/botinok1.fbx using Guid(c14fd781052ae2b47852d900755d7556) Importer(815301076,1909f56bfc062723c751e8b465ee728b)  -> (artifact id: '254dd510fe5b3f602cd975cbfec7c332') in 0.087991 seconds 
========================================================================
Received Import Request.
  Time since last request: 0.000032 seconds.
  path: Assets/Crest/Crest-Examples/PirateCove/Props/Barrels/Source/Imports/Barrel_L1.FBX
  artifactKey: Guid(d333b2b8135241f41a00ba9bb152f234) Importer(815301076,1909f56bfc062723c751e8b465ee728b)
Start importing Assets/Crest/Crest-Examples/PirateCove/Props/Barrels/Source/Imports/Barrel_L1.FBX using Guid(d333b2b8135241f41a00ba9bb152f234) Importer(815301076,1909f56bfc062723c751e8b465ee728b)  -> (artifact id: '687310e7f15fe193d30d07afcab09c9b') in 0.181930 seconds 
========================================================================
Received Import Request.
  Time since last request: 0.000037 seconds.
  path: Assets/_src/Art/Meshes/BarInventory/Barinventory.FBX
  artifactKey: Guid(f706b60b4e422654bac582263430e412) Importer(815301076,1909f56bfc062723c751e8b465ee728b)
Start importing Assets/_src/Art/Meshes/BarInventory/Barinventory.FBX using Guid(f706b60b4e422654bac582263430e412) Importer(815301076,1909f56bfc062723c751e8b465ee728b)  -> (artifact id: '5f6ce3650aa1b210a22cbbbc7cb8c244') in 0.238938 seconds 
========================================================================
Received Import Request.
  Time since last request: 0.000033 seconds.
  path: Assets/FishNet/Runtime/Plugins/ColliderRollback/Demos/SimpleNaturePack/Models/Branch_01.fbx
  artifactKey: Guid(5528351815fd4c04abf537f22c7e18f1) Importer(815301076,1909f56bfc062723c751e8b465ee728b)
Start importing Assets/FishNet/Runtime/Plugins/ColliderRollback/Demos/SimpleNaturePack/Models/Branch_01.fbx using Guid(5528351815fd4c04abf537f22c7e18f1) Importer(815301076,1909f56bfc062723c751e8b465ee728b)  -> (artifact id: 'fcb54a8e4312a7bc09609c095a190634') in 0.023822 seconds 
Editor requested this worker to shutdown with reason: Scaling down because of idle timeout
AssetImportWorker is now disconnected from the server
Process exiting
Exiting without the bug reporter. Application will terminate with return code 0