Using pre-set license
Built from '2022.1/staging' branch; Version is '2022.1.23f1 (9636b062134a) revision 9844400'; Using compiler version '192829333'; Build Type 'Release'
OS: 'Windows 10  (10.0.19043) 64bit Professional' Language: 'ru' Physical Memory: 15741 MB
BatchMode: 1, IsHumanControllingUs: 0, StartBugReporterOnCrash: 0, Is64bit: 1, IsPro: 1

COMMAND LINE ARGUMENTS:
C:\Program Files\Unity\Hub\Editor\2022.1.23f1\Editor\Unity.exe
-adb2
-batchMode
-noUpm
-name
AssetImportWorker2
-projectPath
C:/@MrPink/tacticalPartyFps/PartyFpsTactics
-logFile
Logs/AssetImportWorker2.log
-srvPort
62289
Successfully changed project path to: C:/@MrPink/tacticalPartyFps/PartyFpsTactics
C:/@MrPink/tacticalPartyFps/PartyFpsTactics
[UnityMemory] Configuration Parameters - Can be set up in boot.config
    "memorysetup-bucket-allocator-granularity=16"
    "memorysetup-bucket-allocator-bucket-count=8"
    "memorysetup-bucket-allocator-block-size=33554432"
    "memorysetup-bucket-allocator-block-count=8"
    "memorysetup-main-allocator-block-size=16777216"
    "memorysetup-thread-allocator-block-size=16777216"
    "memorysetup-gfx-main-allocator-block-size=16777216"
    "memorysetup-gfx-thread-allocator-block-size=16777216"
    "memorysetup-cache-allocator-block-size=4194304"
    "memorysetup-typetree-allocator-block-size=2097152"
    "memorysetup-profiler-bucket-allocator-granularity=16"
    "memorysetup-profiler-bucket-allocator-bucket-count=8"
    "memorysetup-profiler-bucket-allocator-block-size=33554432"
    "memorysetup-profiler-bucket-allocator-block-count=8"
    "memorysetup-profiler-allocator-block-size=16777216"
    "memorysetup-profiler-editor-allocator-block-size=1048576"
    "memorysetup-temp-allocator-size-main=16777216"
    "memorysetup-job-temp-allocator-block-size=2097152"
    "memorysetup-job-temp-allocator-block-size-background=1048576"
    "memorysetup-job-temp-allocator-reduction-small-platforms=262144"
    "memorysetup-temp-allocator-size-background-worker=32768"
    "memorysetup-temp-allocator-size-job-worker=262144"
    "memorysetup-temp-allocator-size-preload-manager=33554432"
    "memorysetup-temp-allocator-size-nav-mesh-worker=65536"
    "memorysetup-temp-allocator-size-audio-worker=65536"
    "memorysetup-temp-allocator-size-cloud-worker=32768"
    "memorysetup-temp-allocator-size-gi-baking-worker=262144"
    "memorysetup-temp-allocator-size-gfx=262144"
Refreshing native plugins compatible for Editor in 353.74 ms, found 5 plugins.
Preloading 0 native plugins for Editor in 0.00 ms.
Initialize engine version: 2022.1.23f1 (9636b062134a)
[Subsystems] Discovering subsystems at path C:/Program Files/Unity/Hub/Editor/2022.1.23f1/Editor/Data/Resources/UnitySubsystems
[Subsystems] Discovering subsystems at path C:/@MrPink/tacticalPartyFps/PartyFpsTactics/Assets
GfxDevice: creating device client; threaded=0; jobified=0
Direct3D:
    Version:  Direct3D 11.0 [level 11.1]
    Renderer: NVIDIA GeForce GTX 1650 Ti (ID=0x1f95)
    Vendor:   NVIDIA
    VRAM:     3962 MB
    Driver:   31.0.15.1659
Shader 'Enviro/Clouds Particles Advanced': fallback shader 'Legacy Shader/Particles/Alpha Blended' not found
Shader 'Enviro/Standard/SkyboxSimple': fallback shader 'None' not found
Initialize mono
Mono path[0] = 'C:/Program Files/Unity/Hub/Editor/2022.1.23f1/Editor/Data/Managed'
Mono path[1] = 'C:/Program Files/Unity/Hub/Editor/2022.1.23f1/Editor/Data/MonoBleedingEdge/lib/mono/unityjit-win32'
Mono config path = 'C:/Program Files/Unity/Hub/Editor/2022.1.23f1/Editor/Data/MonoBleedingEdge/etc'
Using monoOptions --debugger-agent=transport=dt_socket,embedding=1,server=y,suspend=n,address=127.0.0.1:56996
Begin MonoManager ReloadAssembly
Registering precompiled unity dll's ...
Register platform support module: C:/Program Files/Unity/Hub/Editor/2022.1.23f1/Editor/Data/PlaybackEngines/WindowsStandaloneSupport/UnityEditor.WindowsStandalone.Extensions.dll
Register platform support module: C:/Program Files/Unity/Hub/Editor/2022.1.23f1/Editor/Data/PlaybackEngines/MetroSupport/UnityEditor.UWP.Extensions.dll
Registered in 0.006825 seconds.
Native extension for UWP target not found
Native extension for WindowsStandalone target not found
Refreshing native plugins compatible for Editor in 342.74 ms, found 5 plugins.
Preloading 0 native plugins for Editor in 0.00 ms.
Mono: successfully reloaded assembly
- Completed reload, in  1.130 seconds
Domain Reload Profiling:
	ReloadAssembly (1130ms)
		BeginReloadAssembly (98ms)
			ExecutionOrderSort (0ms)
			DisableScriptedObjects (0ms)
			BackupInstance (0ms)
			ReleaseScriptingObjects (0ms)
			CreateAndSetChildDomain (1ms)
		EndReloadAssembly (872ms)
			LoadAssemblies (96ms)
			RebuildTransferFunctionScriptingTraits (0ms)
			SetupTypeCache (157ms)
				TypeCache.Initialize (157ms)
					TypeCache.ScanAssembly (155ms)
				ResolveRequiredComponents (1ms)
			ReleaseScriptCaches (0ms)
			RebuildScriptCaches (36ms)
			SetupLoadedEditorAssemblies (604ms)
				LogAssemblyErrors (0ms)
				InitializePlatformSupportModulesInManaged (10ms)
				SetLoadedEditorAssemblies (9ms)
				RefreshPlugins (343ms)
				BeforeProcessingInitializeOnLoad (2ms)
				ProcessInitializeOnLoadAttributes (181ms)
				ProcessInitializeOnLoadMethodAttributes (59ms)
				AfterProcessingInitializeOnLoad (0ms)
				EditorAssembliesLoaded (0ms)
			ExecutionOrderSort2 (0ms)
			AwakeInstancesAfterBackupRestoration (0ms)
Platform modules already initialized, skipping
Registering precompiled user dll's ...
Registered in 0.013322 seconds.
Begin MonoManager ReloadAssembly
Symbol file LoadedFromMemory doesn't match image C:\@MrPink\tacticalPartyFps\PartyFpsTactics\Library\PackageCache\com.unity.visualscripting@1.7.8\Editor\VisualScripting.Core\Dependencies\DotNetZip\Unity.VisualScripting.IonicZip.dll
Symbol file LoadedFromMemory doesn't match image C:\@MrPink\tacticalPartyFps\PartyFpsTactics\Library\PackageCache\com.unity.visualscripting@1.7.8\Editor\VisualScripting.Core\Dependencies\YamlDotNet\Unity.VisualScripting.YamlDotNet.dll
Native extension for UWP target not found
Native extension for WindowsStandalone target not found
Refreshing native plugins compatible for Editor in 328.09 ms, found 5 plugins.
Preloading 0 native plugins for Editor in 0.00 ms.
Mono: successfully reloaded assembly
- Completed reload, in  6.245 seconds
Domain Reload Profiling:
	ReloadAssembly (6246ms)
		BeginReloadAssembly (138ms)
			ExecutionOrderSort (0ms)
			DisableScriptedObjects (6ms)
			BackupInstance (0ms)
			ReleaseScriptingObjects (0ms)
			CreateAndSetChildDomain (27ms)
		EndReloadAssembly (5962ms)
			LoadAssemblies (298ms)
			RebuildTransferFunctionScriptingTraits (0ms)
			SetupTypeCache (543ms)
				TypeCache.Initialize (515ms)
					TypeCache.ScanAssembly (508ms)
				ResolveRequiredComponents (27ms)
			ReleaseScriptCaches (2ms)
			RebuildScriptCaches (165ms)
			SetupLoadedEditorAssemblies (4883ms)
				LogAssemblyErrors (0ms)
				InitializePlatformSupportModulesInManaged (14ms)
				SetLoadedEditorAssemblies (9ms)
				RefreshPlugins (328ms)
				BeforeProcessingInitializeOnLoad (217ms)
				ProcessInitializeOnLoadAttributes (4074ms)
				ProcessInitializeOnLoadMethodAttributes (234ms)
				AfterProcessingInitializeOnLoad (7ms)
				EditorAssembliesLoaded (0ms)
			ExecutionOrderSort2 (0ms)
			AwakeInstancesAfterBackupRestoration (6ms)
Platform modules already initialized, skipping
========================================================================
Worker process is ready to serve import requests
Shader 'Enviro/Clouds Particles Advanced': fallback shader 'Legacy Shader/Particles/Alpha Blended' not found
Shader 'Enviro/Standard/SkyboxSimple': fallback shader 'None' not found
Launched and connected shader compiler UnityShaderCompiler.exe after 0.06 seconds
Refreshing native plugins compatible for Editor in 4.32 ms, found 5 plugins.
Preloading 0 native plugins for Editor in 0.00 ms.
Unloading 10247 Unused Serialized files (Serialized files now loaded: 0)
Unloading 138 unused Assets / (5.4 MB). Loaded Objects now: 10791.
Memory consumption went from 1.63 GB to 1.62 GB.
Total: 53.231800 ms (FindLiveObjects: 1.106700 ms CreateObjectMapping: 1.040700 ms MarkObjects: 48.612200 ms  DeleteObjects: 2.470500 ms)

AssetImportParameters requested are different than current active one (requested -> active):
  custom:video-decoder-ogg-theora: a1e56fd34408186e4bbccfd4996cb3dc -> 
  custom:container-muxer-webm: aa71ff27fc2769a1b78a27578f13a17b -> 
  custom:container-demuxer-webm: 4f35f7cbe854078d1ac9338744f61a02 -> 
  custom:video-encoder-webm-vp8: eb34c28f22e8b96e1ab97ce403110664 -> 
  custom:audio-encoder-webm-vorbis: bf7c407c2cedff20999df2af8eb42d56 -> 
  custom:framework-win-MediaFoundation: 216162199b28c13a410421893ffa2e32 -> 
  custom:container-demuxer-ogg: 62fdf1f143b41e24485cea50d1cbac27 -> 
  custom:video-decoder-webm-vp8: 9c59270c3fd7afecdb556c50c9e8de78 -> 
  custom:audio-decoder-ogg-vorbis: bf7c407c2cedff20999df2af8eb42d56 -> 
========================================================================
Received Import Request.
  Time since last request: 158593.614153 seconds.
  path: Assets/ArchVizPRO Interior Vol.4/3D MODEL/Furniture/Barcelona Footrest/Materials/01 - Default.mat
  artifactKey: Guid(9722a80863e22054482789c64556e8f7) Importer(815301076,1909f56bfc062723c751e8b465ee728b)
Start importing Assets/ArchVizPRO Interior Vol.4/3D MODEL/Furniture/Barcelona Footrest/Materials/01 - Default.mat using Guid(9722a80863e22054482789c64556e8f7) Importer(815301076,1909f56bfc062723c751e8b465ee728b)  -> (artifact id: '97c60ce57f291603aae93bcc72c76b23') in 0.461799 seconds 
========================================================================
Received Import Request.
  Time since last request: 0.000048 seconds.
  path: Assets/FlatKit/Demos/[Demo] Fruit Vase/FruitVase-Materials/FV-Scene 1 - Mode_None-Completely Flat/1-Cherries.mat
  artifactKey: Guid(3f1e61b4dccb94123bd7e14d4994187d) Importer(815301076,1909f56bfc062723c751e8b465ee728b)
Start importing Assets/FlatKit/Demos/[Demo] Fruit Vase/FruitVase-Materials/FV-Scene 1 - Mode_None-Completely Flat/1-Cherries.mat using Guid(3f1e61b4dccb94123bd7e14d4994187d) Importer(815301076,1909f56bfc062723c751e8b465ee728b)  -> (artifact id: '54d00c2c3c1091a6393cb5ab12ca8e96') in 0.031988 seconds 
========================================================================
Received Import Request.
  Time since last request: 0.000055 seconds.
  path: Assets/_src/Art/Meshes/BugMeat/bugMeat.obj
  artifactKey: Guid(07e61bc10380dec42b065e0a74c9c247) Importer(815301076,1909f56bfc062723c751e8b465ee728b)
Start importing Assets/_src/Art/Meshes/BugMeat/bugMeat.obj using Guid(07e61bc10380dec42b065e0a74c9c247) Importer(815301076,1909f56bfc062723c751e8b465ee728b)  -> (artifact id: 'f7736ae59be5c2d158625732840a4b53') in 0.083938 seconds 
========================================================================
Received Import Request.
  Time since last request: 0.000048 seconds.
  path: Assets/FlatKit/Demos/[Demo] Mugs/Mugs-Materials/1 - ColorfulMisc/02.1-BlueprintGrid-Mug-06.mat
  artifactKey: Guid(a09f691a2eca6428781040174383f956) Importer(815301076,1909f56bfc062723c751e8b465ee728b)
Start importing Assets/FlatKit/Demos/[Demo] Mugs/Mugs-Materials/1 - ColorfulMisc/02.1-BlueprintGrid-Mug-06.mat using Guid(a09f691a2eca6428781040174383f956) Importer(815301076,1909f56bfc062723c751e8b465ee728b)  -> (artifact id: 'f895e082081776d24f2cafb453734020') in 0.671818 seconds 
========================================================================
Received Import Request.
  Time since last request: 0.000037 seconds.
  path: Assets/ArchVizPRO Interior Vol.4/3D MODEL/Furniture/Curtain/Materials/01 - Default.mat
  artifactKey: Guid(99b2bfc5992d3d94f9e45df489cb3b09) Importer(815301076,1909f56bfc062723c751e8b465ee728b)
Start importing Assets/ArchVizPRO Interior Vol.4/3D MODEL/Furniture/Curtain/Materials/01 - Default.mat using Guid(99b2bfc5992d3d94f9e45df489cb3b09) Importer(815301076,1909f56bfc062723c751e8b465ee728b)  -> (artifact id: 'e70c5e73a6ad83863c95f366063154a3') in 0.014979 seconds 
========================================================================
Received Import Request.
  Time since last request: 0.000044 seconds.
  path: Assets/GPUInstancer/Demos/PrefabInstancing/Meshes/Asteroid_03.FBX
  artifactKey: Guid(793e15f36e67648488fb7958effd7e78) Importer(815301076,1909f56bfc062723c751e8b465ee728b)
Start importing Assets/GPUInstancer/Demos/PrefabInstancing/Meshes/Asteroid_03.FBX using Guid(793e15f36e67648488fb7958effd7e78) Importer(815301076,1909f56bfc062723c751e8b465ee728b)  -> (artifact id: 'b7b329c5fda48b84e0f322b339c25c2f') in 0.027550 seconds 
========================================================================
Received Import Request.
  Time since last request: 0.000034 seconds.
  path: Assets/ArchVizPRO Interior Vol.4/3D MODEL/Furniture/Bertoia/Bertoia.FBX
  artifactKey: Guid(d1ea16bfe58fa07449a190e4bd8e7948) Importer(815301076,1909f56bfc062723c751e8b465ee728b)
Start importing Assets/ArchVizPRO Interior Vol.4/3D MODEL/Furniture/Bertoia/Bertoia.FBX using Guid(d1ea16bfe58fa07449a190e4bd8e7948) Importer(815301076,1909f56bfc062723c751e8b465ee728b)  -> (artifact id: '8b06dfa308c160ac62de851fdb56e42a') in 0.028802 seconds 
========================================================================
Received Import Request.
  Time since last request: 0.000034 seconds.
  path: Assets/HighCity/Mesh/advertiz 5.FBX
  artifactKey: Guid(202eb3d5e9f166f439047714ca3beb8c) Importer(815301076,1909f56bfc062723c751e8b465ee728b)
Start importing Assets/HighCity/Mesh/advertiz 5.FBX using Guid(202eb3d5e9f166f439047714ca3beb8c) Importer(815301076,1909f56bfc062723c751e8b465ee728b)  -> (artifact id: '2c00ac01b6ae74b8062dc96d26ab7ba2') in 0.034153 seconds 
========================================================================
Received Import Request.
  Time since last request: 0.000035 seconds.
  path: Assets/ArchVizPRO Interior Vol.4/3D MODEL/Furniture/Lamp Table/Materials/01 - Default.mat
  artifactKey: Guid(f8b5398d42f430846b8dcb9b2a1ce962) Importer(815301076,1909f56bfc062723c751e8b465ee728b)
Start importing Assets/ArchVizPRO Interior Vol.4/3D MODEL/Furniture/Lamp Table/Materials/01 - Default.mat using Guid(f8b5398d42f430846b8dcb9b2a1ce962) Importer(815301076,1909f56bfc062723c751e8b465ee728b)  -> (artifact id: 'fdc36f5b04c8cf32b94aa741960730c5') in 0.014244 seconds 
========================================================================
Received Import Request.
  Time since last request: 0.000041 seconds.
  path: Assets/FlatKit/Demos/[Demo] Fruit Vase/FruitVase-Materials/FV-Scene 2 - Mode_Single/2-Plane.mat
  artifactKey: Guid(46db7ba04285c46109e450d53292a114) Importer(815301076,1909f56bfc062723c751e8b465ee728b)
Start importing Assets/FlatKit/Demos/[Demo] Fruit Vase/FruitVase-Materials/FV-Scene 2 - Mode_Single/2-Plane.mat using Guid(46db7ba04285c46109e450d53292a114) Importer(815301076,1909f56bfc062723c751e8b465ee728b)  -> (artifact id: '45433994243bd5da145560ffd86cd6dd') in 0.012766 seconds 
========================================================================
Received Import Request.
  Time since last request: 0.000056 seconds.
  path: Assets/Crest/Crest-Examples/PirateCove/Props/Bushes/Bush 04/Meshes/Bush 04.obj
  artifactKey: Guid(dfbca7c1b32489d419cf375566fae25a) Importer(815301076,1909f56bfc062723c751e8b465ee728b)
Start importing Assets/Crest/Crest-Examples/PirateCove/Props/Bushes/Bush 04/Meshes/Bush 04.obj using Guid(dfbca7c1b32489d419cf375566fae25a) Importer(815301076,1909f56bfc062723c751e8b465ee728b)  -> (artifact id: 'd24fe8e2886ffb3eb44f97855bab8c81') in 0.059969 seconds 
========================================================================
Received Import Request.
  Time since last request: 0.000052 seconds.
  path: Assets/FlatKit/Demos/[Demo] Fruit Vase/FruitVase-Materials/FV-Scene 2 - Mode_Single/2-Plane2.mat
  artifactKey: Guid(f32d9e0dd01cf40d6a62d9692d7e5b95) Importer(815301076,1909f56bfc062723c751e8b465ee728b)
Start importing Assets/FlatKit/Demos/[Demo] Fruit Vase/FruitVase-Materials/FV-Scene 2 - Mode_Single/2-Plane2.mat using Guid(f32d9e0dd01cf40d6a62d9692d7e5b95) Importer(815301076,1909f56bfc062723c751e8b465ee728b)  -> (artifact id: '4951bf53efc606726a56a5102bd19159') in 0.021730 seconds 
========================================================================
Received Import Request.
  Time since last request: 0.000037 seconds.
  path: Assets/HighCity/Mesh/car 2.FBX
  artifactKey: Guid(ae986681374c4044bbe57dc3fbeca671) Importer(815301076,1909f56bfc062723c751e8b465ee728b)
Start importing Assets/HighCity/Mesh/car 2.FBX using Guid(ae986681374c4044bbe57dc3fbeca671) Importer(815301076,1909f56bfc062723c751e8b465ee728b)  -> (artifact id: '5cc555c3ec50179f93fa91f9181827e0') in 0.321947 seconds 
========================================================================
Received Import Request.
  Time since last request: 0.000062 seconds.
  path: Assets/_src/Art/Clothing/Girl/Brace_Watch.fbx
  artifactKey: Guid(72368bab7a5f0104ba0dfa50cc6ef828) Importer(815301076,1909f56bfc062723c751e8b465ee728b)
Start importing Assets/_src/Art/Clothing/Girl/Brace_Watch.fbx using Guid(72368bab7a5f0104ba0dfa50cc6ef828) Importer(815301076,1909f56bfc062723c751e8b465ee728b)  -> (artifact id: '21a1dc020ef5fef31bfa86175154ac9d') in 0.414915 seconds 
========================================================================
Received Import Request.
  Time since last request: 0.000053 seconds.
  path: Assets/ArchVizPRO Interior Vol.4/3D MODEL/Furniture/Brno/Materials/01 - Default.mat
  artifactKey: Guid(bc39bc967f935ef45a1352f8f4fd651e) Importer(815301076,1909f56bfc062723c751e8b465ee728b)
Start importing Assets/ArchVizPRO Interior Vol.4/3D MODEL/Furniture/Brno/Materials/01 - Default.mat using Guid(bc39bc967f935ef45a1352f8f4fd651e) Importer(815301076,1909f56bfc062723c751e8b465ee728b)  -> (artifact id: '179b251a80d769c5a388a81ddbb01a3c') in 0.014124 seconds 
========================================================================
Received Import Request.
  Time since last request: 0.000033 seconds.
  path: Assets/HighCity/Mesh/advertiz 1.FBX
  artifactKey: Guid(4d4c668e98cedef4c91953334b57d30b) Importer(815301076,1909f56bfc062723c751e8b465ee728b)
Start importing Assets/HighCity/Mesh/advertiz 1.FBX using Guid(4d4c668e98cedef4c91953334b57d30b) Importer(815301076,1909f56bfc062723c751e8b465ee728b)  -> (artifact id: '76f9d9a33d8194f5b47b5957f3f58e9f') in 0.037254 seconds 
========================================================================
Received Import Request.
  Time since last request: 0.000032 seconds.
  path: Assets/_src/Art/BlenderProjects/bikeRamp.blend
  artifactKey: Guid(9a7e10074b95b6042bb48ab7bf2a739d) Importer(815301076,1909f56bfc062723c751e8b465ee728b)
Start importing Assets/_src/Art/BlenderProjects/bikeRamp.blend using Guid(9a7e10074b95b6042bb48ab7bf2a739d) Importer(815301076,1909f56bfc062723c751e8b465ee728b)  -> (artifact id: '10051ed404c161fe7d19cc4197f89763') in 0.061018 seconds 
========================================================================
Received Import Request.
  Time since last request: 0.000030 seconds.
  path: Assets/Crest/Crest-Examples/PirateCove/Props/Sketchfab_FREE/by_v124entkl/low-poly-rubble/sources/All_Stones_LOD0.FBX
  artifactKey: Guid(5fec2fc9871cde6428e3423ba0913572) Importer(815301076,1909f56bfc062723c751e8b465ee728b)
Start importing Assets/Crest/Crest-Examples/PirateCove/Props/Sketchfab_FREE/by_v124entkl/low-poly-rubble/sources/All_Stones_LOD0.FBX using Guid(5fec2fc9871cde6428e3423ba0913572) Importer(815301076,1909f56bfc062723c751e8b465ee728b)  -> (artifact id: '24ed835d592375842f382f2db0949e4d') in 0.462203 seconds 
========================================================================
Received Import Request.
  Time since last request: 0.000038 seconds.
  path: Assets/ArchVizPRO Interior Vol.4/3D MODEL/Furniture/Table/Materials/01 - Default.mat
  artifactKey: Guid(99add66b95e186e41abbfd1f5407ff44) Importer(815301076,1909f56bfc062723c751e8b465ee728b)
Start importing Assets/ArchVizPRO Interior Vol.4/3D MODEL/Furniture/Table/Materials/01 - Default.mat using Guid(99add66b95e186e41abbfd1f5407ff44) Importer(815301076,1909f56bfc062723c751e8b465ee728b)  -> (artifact id: '226e650fd102962c0cf96050b5af3744') in 0.014181 seconds 
========================================================================
Received Import Request.
  Time since last request: 0.000052 seconds.
  path: Assets/FishNet/Runtime/Plugins/ColliderRollback/Demos/SimpleNaturePack/Models/Bush_02.fbx
  artifactKey: Guid(ba52853a69186a841a52a9cc2e9b77fa) Importer(815301076,1909f56bfc062723c751e8b465ee728b)
Start importing Assets/FishNet/Runtime/Plugins/ColliderRollback/Demos/SimpleNaturePack/Models/Bush_02.fbx using Guid(ba52853a69186a841a52a9cc2e9b77fa) Importer(815301076,1909f56bfc062723c751e8b465ee728b)  -> (artifact id: '364b38ea74d85689783d1262c22a58c4') in 0.020752 seconds 
========================================================================
Received Import Request.
  Time since last request: 0.000062 seconds.
  path: Assets/Crest/Crest-Examples/PirateCove/Props/Sketchfab_FREE/by_filipeb2011/bridge/bridge.fbx
  artifactKey: Guid(cf634c50ca878224596ba4e6c46890c9) Importer(815301076,1909f56bfc062723c751e8b465ee728b)
Start importing Assets/Crest/Crest-Examples/PirateCove/Props/Sketchfab_FREE/by_filipeb2011/bridge/bridge.fbx using Guid(cf634c50ca878224596ba4e6c46890c9) Importer(815301076,1909f56bfc062723c751e8b465ee728b)  -> (artifact id: '3915fa792e69ca74e1c6666927abb963') in 0.048432 seconds 
========================================================================
Received Import Request.
  Time since last request: 0.000026 seconds.
  path: Assets/_src/Models/Environment/Boards.fbx
  artifactKey: Guid(ed87124f7dd1a19459021bf40b2076c8) Importer(815301076,1909f56bfc062723c751e8b465ee728b)
Start importing Assets/_src/Models/Environment/Boards.fbx using Guid(ed87124f7dd1a19459021bf40b2076c8) Importer(815301076,1909f56bfc062723c751e8b465ee728b)  -> (artifact id: '0a6bc2f80bae2c39dd3436d9bc0bdc1c') in 0.040598 seconds 
========================================================================
Received Import Request.
  Time since last request: 0.000033 seconds.
  path: Assets/HighCity/Mesh/car 2 f dept.FBX
  artifactKey: Guid(5e249bff86cc5324f812443f7504cde4) Importer(815301076,1909f56bfc062723c751e8b465ee728b)
Start importing Assets/HighCity/Mesh/car 2 f dept.FBX using Guid(5e249bff86cc5324f812443f7504cde4) Importer(815301076,1909f56bfc062723c751e8b465ee728b)  -> (artifact id: 'ab3abc2dd9e8a7092099fc7ad5a2836e') in 0.177978 seconds 
========================================================================
Received Import Request.
  Time since last request: 0.000041 seconds.
  path: Assets/FlatKit/Demos/[Demo] Fruit Vase/FruitVase-Materials/FV-Scene 3 - Mode_Steps-Toony/3-Banana.mat
  artifactKey: Guid(9d552e75b21724ee0ae4840788bdeb0c) Importer(815301076,1909f56bfc062723c751e8b465ee728b)
Start importing Assets/FlatKit/Demos/[Demo] Fruit Vase/FruitVase-Materials/FV-Scene 3 - Mode_Steps-Toony/3-Banana.mat using Guid(9d552e75b21724ee0ae4840788bdeb0c) Importer(815301076,1909f56bfc062723c751e8b465ee728b)  -> (artifact id: '5e4e23383f62b76b78d57c33ccf2e6f9') in 0.483104 seconds 
========================================================================
Received Import Request.
  Time since last request: 0.000045 seconds.
  path: Assets/Crest/Crest-Examples/PirateCove/Props/Sketchfab_FREE/by_Theo_Lerbeil/Fantasy_bridge/brige1.fbx
  artifactKey: Guid(c44873ad3a52eac40a1bb140efa9fbd9) Importer(815301076,1909f56bfc062723c751e8b465ee728b)
Start importing Assets/Crest/Crest-Examples/PirateCove/Props/Sketchfab_FREE/by_Theo_Lerbeil/Fantasy_bridge/brige1.fbx using Guid(c44873ad3a52eac40a1bb140efa9fbd9) Importer(815301076,1909f56bfc062723c751e8b465ee728b)  -> (artifact id: 'f92da582009be6dbbe65211e5200ef01') in 0.068978 seconds 
========================================================================
Received Import Request.
  Time since last request: 0.000036 seconds.
  path: Assets/HighCity/Mesh/advertis hold b.FBX
  artifactKey: Guid(5f51eab6f2faa3b45b10ec4bd9018c2c) Importer(815301076,1909f56bfc062723c751e8b465ee728b)
Start importing Assets/HighCity/Mesh/advertis hold b.FBX using Guid(5f51eab6f2faa3b45b10ec4bd9018c2c) Importer(815301076,1909f56bfc062723c751e8b465ee728b)  -> (artifact id: '2a6945c26573da0c2a6227408e59d2d8') in 0.033222 seconds 
========================================================================
Received Import Request.
  Time since last request: 0.000041 seconds.
  path: Assets/ArchVizPRO Interior Vol.4/3D MODEL/Furniture/Books/Books.FBX
  artifactKey: Guid(20595c2c8c8a7684f8afc3fa1bffb296) Importer(815301076,1909f56bfc062723c751e8b465ee728b)
Start importing Assets/ArchVizPRO Interior Vol.4/3D MODEL/Furniture/Books/Books.FBX using Guid(20595c2c8c8a7684f8afc3fa1bffb296) Importer(815301076,1909f56bfc062723c751e8b465ee728b)  -> (artifact id: '5ebd9b537015a253df24c3d2ade5110e') in 0.144802 seconds 
========================================================================
Received Import Request.
  Time since last request: 0.000038 seconds.
  path: Assets/_src/Art/Clothing/Girl/Boots_Rose.fbx
  artifactKey: Guid(646a91966c33f1d47a22fded0259b8df) Importer(815301076,1909f56bfc062723c751e8b465ee728b)
Start importing Assets/_src/Art/Clothing/Girl/Boots_Rose.fbx using Guid(646a91966c33f1d47a22fded0259b8df) Importer(815301076,1909f56bfc062723c751e8b465ee728b)  -> (artifact id: '33afe8f8efa2fa0cefa5eabad6b29c80') in 0.079066 seconds 
========================================================================
Received Import Request.
  Time since last request: 0.000087 seconds.
  path: Assets/FlatKit/Demos/[Demo] Wanderer/Wanderer-Models/Bush01.fbx
  artifactKey: Guid(ef48f962387024d788e7898ea5f356f2) Importer(815301076,1909f56bfc062723c751e8b465ee728b)
Start importing Assets/FlatKit/Demos/[Demo] Wanderer/Wanderer-Models/Bush01.fbx using Guid(ef48f962387024d788e7898ea5f356f2) Importer(815301076,1909f56bfc062723c751e8b465ee728b)  -> (artifact id: '4045e0df8e3866da56b32c8ac7504f23') in 0.023348 seconds 
========================================================================
Received Import Request.
  Time since last request: 0.000029 seconds.
  path: Assets/HighCity/Mesh/car 1 b.FBX
  artifactKey: Guid(19e258930ba4d23418ef4210d8f6b1cf) Importer(815301076,1909f56bfc062723c751e8b465ee728b)
Start importing Assets/HighCity/Mesh/car 1 b.FBX using Guid(19e258930ba4d23418ef4210d8f6b1cf) Importer(815301076,1909f56bfc062723c751e8b465ee728b)  -> (artifact id: '5b7ad923601a872353967ff87a536615') in 0.221727 seconds 
========================================================================
Received Import Request.
  Time since last request: 0.000035 seconds.
  path: Assets/FlatKit/Demos/[Demo] Fruit Vase/FruitVase-Materials/FV-Scene 1 - Mode_None-Completely Flat/1-Apple.mat
  artifactKey: Guid(296f44fbf99bf4a358d0f718c4db034d) Importer(815301076,1909f56bfc062723c751e8b465ee728b)
Start importing Assets/FlatKit/Demos/[Demo] Fruit Vase/FruitVase-Materials/FV-Scene 1 - Mode_None-Completely Flat/1-Apple.mat using Guid(296f44fbf99bf4a358d0f718c4db034d) Importer(815301076,1909f56bfc062723c751e8b465ee728b)  -> (artifact id: '5a8f23a3b1126ac699655f14581f4373') in 0.013291 seconds 
========================================================================
Received Import Request.
  Time since last request: 0.000040 seconds.
  path: Assets/FlatKit/Demos/[Demo] Fruit Vase/FruitVase-Materials/FV-Scene 2 - Mode_Single/2-Pear2.mat
  artifactKey: Guid(ebd094c9d8fa7491595558541626643b) Importer(815301076,1909f56bfc062723c751e8b465ee728b)
Start importing Assets/FlatKit/Demos/[Demo] Fruit Vase/FruitVase-Materials/FV-Scene 2 - Mode_Single/2-Pear2.mat using Guid(ebd094c9d8fa7491595558541626643b) Importer(815301076,1909f56bfc062723c751e8b465ee728b)  -> (artifact id: '2a0e39bdbefd93998f49ae0650683fd2') in 0.016655 seconds 
========================================================================
Received Import Request.
  Time since last request: 0.000027 seconds.
  path: Assets/_src/Art/Laptop/Alienware 18_fbx laptop.fbx
  artifactKey: Guid(b35e40eb4bbb1aa4e82a1c0c1f554070) Importer(815301076,1909f56bfc062723c751e8b465ee728b)
Start importing Assets/_src/Art/Laptop/Alienware 18_fbx laptop.fbx using Guid(b35e40eb4bbb1aa4e82a1c0c1f554070) Importer(815301076,1909f56bfc062723c751e8b465ee728b)  -> (artifact id: 'b520aa6d2e55077973d51fd2aeea5441') in 0.716923 seconds 
========================================================================
Received Import Request.
  Time since last request: 0.000040 seconds.
  path: Assets/FlatKit/Demos/[Demo] Mugs/Mugs-Materials/2 - OneColorVariousParameters/02.2-BlueprintGrid-Mug-12.mat
  artifactKey: Guid(b44fafb1c5a874fae8b2940ccbec5ee8) Importer(815301076,1909f56bfc062723c751e8b465ee728b)
Start importing Assets/FlatKit/Demos/[Demo] Mugs/Mugs-Materials/2 - OneColorVariousParameters/02.2-BlueprintGrid-Mug-12.mat using Guid(b44fafb1c5a874fae8b2940ccbec5ee8) Importer(815301076,1909f56bfc062723c751e8b465ee728b)  -> (artifact id: '8321f9f7789c43b72f38d2c072d68312') in 0.544614 seconds 
========================================================================
Received Import Request.
  Time since last request: 0.000041 seconds.
  path: Assets/FlatKit/Demos/[Demo] Mugs/Mugs-Materials/1 - ColorfulMisc/02.1-BlueprintGrid-Mug-07.mat
  artifactKey: Guid(bf02260f0c2704f2cb34ad5fb15ea544) Importer(815301076,1909f56bfc062723c751e8b465ee728b)
Start importing Assets/FlatKit/Demos/[Demo] Mugs/Mugs-Materials/1 - ColorfulMisc/02.1-BlueprintGrid-Mug-07.mat using Guid(bf02260f0c2704f2cb34ad5fb15ea544) Importer(815301076,1909f56bfc062723c751e8b465ee728b)  -> (artifact id: 'f46ce1b610cc603ee5de8c4c34a64e28') in 0.516572 seconds 
========================================================================
Received Import Request.
  Time since last request: 0.000029 seconds.
  path: Assets/ArchVizPRO Interior Vol.4/3D MODEL/Furniture/Bertoia/Materials/01 - Default.mat
  artifactKey: Guid(0990f0df83a59714b975abea7a3e2409) Importer(815301076,1909f56bfc062723c751e8b465ee728b)
Start importing Assets/ArchVizPRO Interior Vol.4/3D MODEL/Furniture/Bertoia/Materials/01 - Default.mat using Guid(0990f0df83a59714b975abea7a3e2409) Importer(815301076,1909f56bfc062723c751e8b465ee728b)  -> (artifact id: '4e1a6afcdf201c1a92f494a9d96a3cbe') in 0.012843 seconds 
========================================================================
Received Import Request.
  Time since last request: 0.000035 seconds.
  path: Assets/Crest/Crest-Examples/PirateCove/Props/Bushes/Bush 05/sources/Bush 05.obj
  artifactKey: Guid(ff20cb0c4159fee4db73032b8eba93f5) Importer(815301076,1909f56bfc062723c751e8b465ee728b)
Start importing Assets/Crest/Crest-Examples/PirateCove/Props/Bushes/Bush 05/sources/Bush 05.obj using Guid(ff20cb0c4159fee4db73032b8eba93f5) Importer(815301076,1909f56bfc062723c751e8b465ee728b)  -> (artifact id: '74b5ca14efaf9d096769a58fed09a8e1') in 0.054640 seconds 
========================================================================
Received Import Request.
  Time since last request: 0.000029 seconds.
  path: Assets/GPUInstancer/Demos/DetailInstancing/Meshes/Building.FBX
  artifactKey: Guid(861dfe594ba5f1e4f8714ebe7b28151c) Importer(815301076,1909f56bfc062723c751e8b465ee728b)
Start importing Assets/GPUInstancer/Demos/DetailInstancing/Meshes/Building.FBX using Guid(861dfe594ba5f1e4f8714ebe7b28151c) Importer(815301076,1909f56bfc062723c751e8b465ee728b)  -> (artifact id: '4db550a33e926270cc47c30b9b4da677') in 0.318682 seconds 
========================================================================
Received Import Request.
  Time since last request: 0.000037 seconds.
  path: Assets/FlatKit/Demos/[Demo] Mugs/Mugs-Materials/2 - OneColorVariousParameters/02.2-BlueprintGrid-Mug-6.mat
  artifactKey: Guid(1ba3ff017073f4f55b116aeb4f31456a) Importer(815301076,1909f56bfc062723c751e8b465ee728b)
Start importing Assets/FlatKit/Demos/[Demo] Mugs/Mugs-Materials/2 - OneColorVariousParameters/02.2-BlueprintGrid-Mug-6.mat using Guid(1ba3ff017073f4f55b116aeb4f31456a) Importer(815301076,1909f56bfc062723c751e8b465ee728b)  -> (artifact id: '1d2d80ebe8f3114225a062c389628deb') in 0.558633 seconds 
========================================================================
Received Import Request.
  Time since last request: 0.000045 seconds.
  path: Assets/Crest/Crest-Examples/PirateCove/Props/Sketchfab_FREE/by_v124entkl/low-poly-rubble/sources/All_Stones_LOD1.FBX
  artifactKey: Guid(2b7d9cd57655ad8428ea6fe26b871235) Importer(815301076,1909f56bfc062723c751e8b465ee728b)
Start importing Assets/Crest/Crest-Examples/PirateCove/Props/Sketchfab_FREE/by_v124entkl/low-poly-rubble/sources/All_Stones_LOD1.FBX using Guid(2b7d9cd57655ad8428ea6fe26b871235) Importer(815301076,1909f56bfc062723c751e8b465ee728b)  -> (artifact id: '9aebf3f147ca713702a7aa87c2ce7689') in 0.384511 seconds 
========================================================================
Received Import Request.
  Time since last request: 0.000047 seconds.
  path: Assets/ArchVizPRO Interior Vol.4/3D MODEL/Furniture/Bed/Materials/01 - Default.mat
  artifactKey: Guid(48095e464f799d040850974e4feab682) Importer(815301076,1909f56bfc062723c751e8b465ee728b)
Start importing Assets/ArchVizPRO Interior Vol.4/3D MODEL/Furniture/Bed/Materials/01 - Default.mat using Guid(48095e464f799d040850974e4feab682) Importer(815301076,1909f56bfc062723c751e8b465ee728b)  -> (artifact id: '709d7d619319915154531181595722c3') in 0.014711 seconds 
========================================================================
Received Import Request.
  Time since last request: 0.000038 seconds.
  path: Assets/HighCity/Mesh/advertiz 4.FBX
  artifactKey: Guid(6a100675a3ccb084b91d9badf0782f87) Importer(815301076,1909f56bfc062723c751e8b465ee728b)
Start importing Assets/HighCity/Mesh/advertiz 4.FBX using Guid(6a100675a3ccb084b91d9badf0782f87) Importer(815301076,1909f56bfc062723c751e8b465ee728b)  -> (artifact id: 'e1e08470c9427ed1226d33663eca652b') in 0.030981 seconds 
========================================================================
Received Import Request.
  Time since last request: 0.000035 seconds.
  path: Assets/GPUInstancer/Demos/PrefabInstancing/Meshes/Asteroid_01_LOD.FBX
  artifactKey: Guid(c70854998b566ac419ec4098948e6fe9) Importer(815301076,1909f56bfc062723c751e8b465ee728b)
Start importing Assets/GPUInstancer/Demos/PrefabInstancing/Meshes/Asteroid_01_LOD.FBX using Guid(c70854998b566ac419ec4098948e6fe9) Importer(815301076,1909f56bfc062723c751e8b465ee728b)  -> (artifact id: 'e904bfcaa6551122b10d9d49b6fbe088') in 0.050690 seconds 
========================================================================
Received Import Request.
  Time since last request: 0.000027 seconds.
  path: Assets/ArchVizPRO Interior Vol.4/3D MODEL/Furniture/Bercelona Table/Barcelona_Table.FBX
  artifactKey: Guid(c66e8b11bfce4784bbdf94026596de6d) Importer(815301076,1909f56bfc062723c751e8b465ee728b)
Start importing Assets/ArchVizPRO Interior Vol.4/3D MODEL/Furniture/Bercelona Table/Barcelona_Table.FBX using Guid(c66e8b11bfce4784bbdf94026596de6d) Importer(815301076,1909f56bfc062723c751e8b465ee728b)  -> (artifact id: 'fb08b6e11e38d7e4fe4cc04034bf52e8') in 0.021470 seconds 
========================================================================
Received Import Request.
  Time since last request: 0.000046 seconds.
  path: Assets/FlatKit/Demos/[Demo] Fruit Vase/FruitVase-Materials/FV-Scene 1 - Mode_None-Completely Flat/1-Vase.mat
  artifactKey: Guid(8135cf567f3a947aaa78e561607fa0ec) Importer(815301076,1909f56bfc062723c751e8b465ee728b)
Start importing Assets/FlatKit/Demos/[Demo] Fruit Vase/FruitVase-Materials/FV-Scene 1 - Mode_None-Completely Flat/1-Vase.mat using Guid(8135cf567f3a947aaa78e561607fa0ec) Importer(815301076,1909f56bfc062723c751e8b465ee728b)  -> (artifact id: '7edc0efb4acb3203bf29c3be88d52260') in 0.012541 seconds 
========================================================================
Received Import Request.
  Time since last request: 0.000035 seconds.
  path: Assets/ArchVizPRO Interior Vol.4/3D MODEL/Furniture/Barcelona Table Round/Barcelona_TableRound.FBX
  artifactKey: Guid(f76f9df729a33264b8f80e52522dd2c8) Importer(815301076,1909f56bfc062723c751e8b465ee728b)
Start importing Assets/ArchVizPRO Interior Vol.4/3D MODEL/Furniture/Barcelona Table Round/Barcelona_TableRound.FBX using Guid(f76f9df729a33264b8f80e52522dd2c8) Importer(815301076,1909f56bfc062723c751e8b465ee728b)  -> (artifact id: 'fb0fdcf88f8c38bba495664351ea36cf') in 0.048911 seconds 
========================================================================
Received Import Request.
  Time since last request: 0.000031 seconds.
  path: Assets/Rocks and Boulders 2/Rocks/Source/Models/box.fbx
  artifactKey: Guid(d5085b45bd6efa148b42ea3dc7ba9a0e) Importer(815301076,1909f56bfc062723c751e8b465ee728b)
Start importing Assets/Rocks and Boulders 2/Rocks/Source/Models/box.fbx using Guid(d5085b45bd6efa148b42ea3dc7ba9a0e) Importer(815301076,1909f56bfc062723c751e8b465ee728b)  -> (artifact id: '5c9265dff4604501db45e49ddcde4f87') in 0.021127 seconds 
========================================================================
Received Import Request.
  Time since last request: 0.000037 seconds.
  path: Assets/FlatKit/Demos/[Demo] Fruit Vase/FruitVase-Materials/FV-Scene 2 - Mode_Single/2-Cherries.mat
  artifactKey: Guid(e1f7a4beaccf842febeeb7c759f119c4) Importer(815301076,1909f56bfc062723c751e8b465ee728b)
Start importing Assets/FlatKit/Demos/[Demo] Fruit Vase/FruitVase-Materials/FV-Scene 2 - Mode_Single/2-Cherries.mat using Guid(e1f7a4beaccf842febeeb7c759f119c4) Importer(815301076,1909f56bfc062723c751e8b465ee728b)  -> (artifact id: 'b5a869fdb40799c1c2a475e50d791339') in 0.014099 seconds 
========================================================================
Received Import Request.
  Time since last request: 0.000030 seconds.
  path: Assets/_src/TilePhysicMat.physicMaterial
  artifactKey: Guid(00b141c113e623a4a99d5637946bbbdf) Importer(815301076,1909f56bfc062723c751e8b465ee728b)
Start importing Assets/_src/TilePhysicMat.physicMaterial using Guid(00b141c113e623a4a99d5637946bbbdf) Importer(815301076,1909f56bfc062723c751e8b465ee728b)  -> (artifact id: 'adfc95bced79846980fb5cda8715f5cd') in 0.003483 seconds 
========================================================================
Received Import Request.
  Time since last request: 0.000029 seconds.
  path: Assets/FlatKit/Demos/[Demo] Mugs/Mugs-Materials/1 - ColorfulMisc/02.1-BlueprintGrid-Mug-08.mat
  artifactKey: Guid(3f40fef2e4b9a46978153473ed0594c2) Importer(815301076,1909f56bfc062723c751e8b465ee728b)
Start importing Assets/FlatKit/Demos/[Demo] Mugs/Mugs-Materials/1 - ColorfulMisc/02.1-BlueprintGrid-Mug-08.mat using Guid(3f40fef2e4b9a46978153473ed0594c2) Importer(815301076,1909f56bfc062723c751e8b465ee728b)  -> (artifact id: '6240c62f4f4dd459faa668ebec7c7a06') in 0.598645 seconds 
========================================================================
Received Import Request.
  Time since last request: 0.000051 seconds.
  path: Assets/FlatKit/Demos/[Demo] Mugs/Mugs-Materials/2 - OneColorVariousParameters/02.2-BlueprintGrid-Mug-5.mat
  artifactKey: Guid(6d0f60b4399f94b6d8d389c31f031e5c) Importer(815301076,1909f56bfc062723c751e8b465ee728b)
Start importing Assets/FlatKit/Demos/[Demo] Mugs/Mugs-Materials/2 - OneColorVariousParameters/02.2-BlueprintGrid-Mug-5.mat using Guid(6d0f60b4399f94b6d8d389c31f031e5c) Importer(815301076,1909f56bfc062723c751e8b465ee728b)  -> (artifact id: 'b15d1f4de69b539669fb3960f0783814') in 0.513811 seconds 
========================================================================
Received Import Request.
  Time since last request: 0.000040 seconds.
  path: Assets/ArchVizPRO Interior Vol.4/3D MODEL/Furniture/Brno/Brno.FBX
  artifactKey: Guid(b1b6b65ac73615e49b44a1d7d4a6e58b) Importer(815301076,1909f56bfc062723c751e8b465ee728b)
Start importing Assets/ArchVizPRO Interior Vol.4/3D MODEL/Furniture/Brno/Brno.FBX using Guid(b1b6b65ac73615e49b44a1d7d4a6e58b) Importer(815301076,1909f56bfc062723c751e8b465ee728b)  -> (artifact id: '562b54f42cd548f8ac49c41a065b0c01') in 0.022077 seconds 
========================================================================
Received Import Request.
  Time since last request: 0.000028 seconds.
  path: Assets/NWH/Dynamic Water Physics 2/Models/Props/Barrel/barrel.fbx
  artifactKey: Guid(79b983e66920c8049b84b925a4d45003) Importer(815301076,1909f56bfc062723c751e8b465ee728b)
Start importing Assets/NWH/Dynamic Water Physics 2/Models/Props/Barrel/barrel.fbx using Guid(79b983e66920c8049b84b925a4d45003) Importer(815301076,1909f56bfc062723c751e8b465ee728b)  -> (artifact id: '7fc5daad5ce162e64066071f25279945') in 0.055775 seconds 
========================================================================
Received Import Request.
  Time since last request: 0.000026 seconds.
  path: Assets/GPUInstancer/Demos/DetailInstancing/Meshes/Boulder_01.fbx
  artifactKey: Guid(b9a2e12277f4a6345a0ddbd16ec2139c) Importer(815301076,1909f56bfc062723c751e8b465ee728b)
Start importing Assets/GPUInstancer/Demos/DetailInstancing/Meshes/Boulder_01.fbx using Guid(b9a2e12277f4a6345a0ddbd16ec2139c) Importer(815301076,1909f56bfc062723c751e8b465ee728b)  -> (artifact id: '23f5e02eb7a90738d1e4f4f2e2042e13') in 0.020214 seconds 
========================================================================
Received Import Request.
  Time since last request: 0.000026 seconds.
  path: Assets/FlatKit/Demos/[Water] Ocean Islands/Ocean Islands Scene - Models/Buoy.fbx
  artifactKey: Guid(22a483aea4c1c4f6c96ccbb826363a30) Importer(815301076,1909f56bfc062723c751e8b465ee728b)
Start importing Assets/FlatKit/Demos/[Water] Ocean Islands/Ocean Islands Scene - Models/Buoy.fbx using Guid(22a483aea4c1c4f6c96ccbb826363a30) Importer(815301076,1909f56bfc062723c751e8b465ee728b)  -> (artifact id: 'bca2d8ddb6051329b066676a8fa1409f') in 0.026504 seconds 
========================================================================
Received Import Request.
  Time since last request: 0.000027 seconds.
  path: Assets/_src/Art/bed/bed.fbx
  artifactKey: Guid(f44dec5fac6559b49a4799f338a14c1b) Importer(815301076,1909f56bfc062723c751e8b465ee728b)
Start importing Assets/_src/Art/bed/bed.fbx using Guid(f44dec5fac6559b49a4799f338a14c1b) Importer(815301076,1909f56bfc062723c751e8b465ee728b)  -> (artifact id: 'd47a90d08a9b1a0ddc6ec2e2599ecb27') in 0.169656 seconds 
========================================================================
Received Import Request.
  Time since last request: 0.000029 seconds.
  path: Assets/HighCity/Mesh/car 2 b.FBX
  artifactKey: Guid(75f2482a6740337439353cf13962f357) Importer(815301076,1909f56bfc062723c751e8b465ee728b)
Start importing Assets/HighCity/Mesh/car 2 b.FBX using Guid(75f2482a6740337439353cf13962f357) Importer(815301076,1909f56bfc062723c751e8b465ee728b)  -> (artifact id: 'c97126bf1eb66c55e0945d4f7983e299') in 0.164858 seconds 
========================================================================
Received Import Request.
  Time since last request: 0.000037 seconds.
  path: Assets/ArchVizPRO Interior Vol.4/3D MODEL/Furniture/Wardrobe/Materials/02 - Default.mat
  artifactKey: Guid(46e9bf7393400b44ea1fbb01ab055974) Importer(815301076,1909f56bfc062723c751e8b465ee728b)
Start importing Assets/ArchVizPRO Interior Vol.4/3D MODEL/Furniture/Wardrobe/Materials/02 - Default.mat using Guid(46e9bf7393400b44ea1fbb01ab055974) Importer(815301076,1909f56bfc062723c751e8b465ee728b)  -> (artifact id: 'b21a70ad7f97a1be578ba148c763de54') in 0.013278 seconds 
========================================================================
Received Import Request.
  Time since last request: 0.000028 seconds.
  path: Assets/FlatKit/Demos/[Demo] Fruit Vase/FruitVase-Materials/FV-Scene 1 - Mode_None-Completely Flat/1-Strawberry.mat
  artifactKey: Guid(420b99919db8d4e49ab62697a33585ff) Importer(815301076,1909f56bfc062723c751e8b465ee728b)
Start importing Assets/FlatKit/Demos/[Demo] Fruit Vase/FruitVase-Materials/FV-Scene 1 - Mode_None-Completely Flat/1-Strawberry.mat using Guid(420b99919db8d4e49ab62697a33585ff) Importer(815301076,1909f56bfc062723c751e8b465ee728b)  -> (artifact id: '20df1f92aafa6d75354248c26a5280da') in 0.026398 seconds 
========================================================================
Received Import Request.
  Time since last request: 0.000030 seconds.
  path: Assets/FlatKit/Demos/[Demo] Fruit Vase/FruitVase-Materials/FV-Scene 3 - Mode_Steps-Toony/3-Leaves.mat
  artifactKey: Guid(e3abdacc86588450f93b1e2fad43846b) Importer(815301076,1909f56bfc062723c751e8b465ee728b)
Start importing Assets/FlatKit/Demos/[Demo] Fruit Vase/FruitVase-Materials/FV-Scene 3 - Mode_Steps-Toony/3-Leaves.mat using Guid(e3abdacc86588450f93b1e2fad43846b) Importer(815301076,1909f56bfc062723c751e8b465ee728b)  -> (artifact id: '8d432baa7df9fc7b75d2c017b36a9d7b') in 0.015182 seconds 
========================================================================
Received Import Request.
  Time since last request: 0.000027 seconds.
  path: Assets/FlatKit/Demos/[Demo] Fruit Vase/FruitVase-Materials/FV-Scene 2 - Mode_Single/2-StrawberrySeeds.mat
  artifactKey: Guid(e72d04407c5fa495d8e770cfd66f4fb3) Importer(815301076,1909f56bfc062723c751e8b465ee728b)
Start importing Assets/FlatKit/Demos/[Demo] Fruit Vase/FruitVase-Materials/FV-Scene 2 - Mode_Single/2-StrawberrySeeds.mat using Guid(e72d04407c5fa495d8e770cfd66f4fb3) Importer(815301076,1909f56bfc062723c751e8b465ee728b)  -> (artifact id: '377853e8af895966c800072cbf8f1877') in 0.013026 seconds 
========================================================================
Received Import Request.
  Time since last request: 0.000029 seconds.
  path: Assets/FlatKit/Demos/[Demo] Fruit Vase/FruitVase-Materials/FV-Scene 1 - Mode_None-Completely Flat/1-StrawberrySeeds.mat
  artifactKey: Guid(12634e13e0ea040f18e3c0ef503c889e) Importer(815301076,1909f56bfc062723c751e8b465ee728b)
Start importing Assets/FlatKit/Demos/[Demo] Fruit Vase/FruitVase-Materials/FV-Scene 1 - Mode_None-Completely Flat/1-StrawberrySeeds.mat using Guid(12634e13e0ea040f18e3c0ef503c889e) Importer(815301076,1909f56bfc062723c751e8b465ee728b)  -> (artifact id: '17766675bcc78dcfc7cc43184c8c2c18') in 0.013770 seconds 
========================================================================
Received Import Request.
  Time since last request: 0.000033 seconds.
  path: Assets/FlatKit/Demos/[Demo] Mugs/Mugs-Materials/1 - ColorfulMisc/02.1-BlueprintGrid-Mug-09.mat
  artifactKey: Guid(ef8addc58707a4ed5a4c9762c5a2e258) Importer(815301076,1909f56bfc062723c751e8b465ee728b)
Start importing Assets/FlatKit/Demos/[Demo] Mugs/Mugs-Materials/1 - ColorfulMisc/02.1-BlueprintGrid-Mug-09.mat using Guid(ef8addc58707a4ed5a4c9762c5a2e258) Importer(815301076,1909f56bfc062723c751e8b465ee728b)  -> (artifact id: 'bbcfb1bd3c61d652ade497add793561e') in 0.014006 seconds 
========================================================================
Received Import Request.
  Time since last request: 0.000039 seconds.
  path: Assets/FlatKit/Demos/[Demo] Fruit Vase/FruitVase-Materials/FV-Scene 2 - Mode_Single/2-Vase.mat
  artifactKey: Guid(58abd1fcfb9e84376a6e41a4ae821648) Importer(815301076,1909f56bfc062723c751e8b465ee728b)
Start importing Assets/FlatKit/Demos/[Demo] Fruit Vase/FruitVase-Materials/FV-Scene 2 - Mode_Single/2-Vase.mat using Guid(58abd1fcfb9e84376a6e41a4ae821648) Importer(815301076,1909f56bfc062723c751e8b465ee728b)  -> (artifact id: 'ab1562a045b83341558c893db89c9e40') in 0.015603 seconds 
========================================================================
Received Import Request.
  Time since last request: 0.000035 seconds.
  path: Assets/_src/Art/ABC/ABCD.fbx
  artifactKey: Guid(34960a8c6c06dc74a8d64ddfd45cff81) Importer(815301076,1909f56bfc062723c751e8b465ee728b)
Start importing Assets/_src/Art/ABC/ABCD.fbx using Guid(34960a8c6c06dc74a8d64ddfd45cff81) Importer(815301076,1909f56bfc062723c751e8b465ee728b)  -> (artifact id: '3c9292a466e53db0650e93e76a15e7de') in 0.546418 seconds 
========================================================================
Received Import Request.
  Time since last request: 0.000041 seconds.
  path: Assets/_src/Art/Curt/Curtains_Broken.FBX
  artifactKey: Guid(c60c60523a3761a448d58d51a9411f5a) Importer(815301076,1909f56bfc062723c751e8b465ee728b)
Start importing Assets/_src/Art/Curt/Curtains_Broken.FBX using Guid(c60c60523a3761a448d58d51a9411f5a) Importer(815301076,1909f56bfc062723c751e8b465ee728b)  -> (artifact id: '9f2dd77d53ff15774363c5e48d03940c') in 0.090879 seconds 
========================================================================
Received Import Request.
  Time since last request: 0.000041 seconds.
  path: Assets/FlatKit/Demos/[Demo] Mugs/Mugs-Materials/2 - OneColorVariousParameters/02.2-BlueprintGrid-Mug-3.mat
  artifactKey: Guid(93506af72f5ac4d61b10187ddaafcd47) Importer(815301076,1909f56bfc062723c751e8b465ee728b)
Start importing Assets/FlatKit/Demos/[Demo] Mugs/Mugs-Materials/2 - OneColorVariousParameters/02.2-BlueprintGrid-Mug-3.mat using Guid(93506af72f5ac4d61b10187ddaafcd47) Importer(815301076,1909f56bfc062723c751e8b465ee728b)  -> (artifact id: 'b4b311522c018abad7b096aa9639eaab') in 0.485775 seconds 
========================================================================
Received Import Request.
  Time since last request: 0.000047 seconds.
  path: Assets/FlatKit/Demos/[Demo] Fruit Vase/FruitVase-Materials/FV-Scene 3 - Mode_Steps-Toony/3-Apple.mat
  artifactKey: Guid(3f92c4853a96545298d96bceb96a46c0) Importer(815301076,1909f56bfc062723c751e8b465ee728b)
Start importing Assets/FlatKit/Demos/[Demo] Fruit Vase/FruitVase-Materials/FV-Scene 3 - Mode_Steps-Toony/3-Apple.mat using Guid(3f92c4853a96545298d96bceb96a46c0) Importer(815301076,1909f56bfc062723c751e8b465ee728b)  -> (artifact id: '8aa3716622cb3970c9923bdd014cde8f') in 0.358800 seconds 
========================================================================
Received Import Request.
  Time since last request: 0.000048 seconds.
  path: Assets/Crest/Crest-Examples/PirateCove/Props/Barrels/Source/Imports/Barrel1.FBX
  artifactKey: Guid(7f3dbf844f3ef6141832ee94595425ec) Importer(815301076,1909f56bfc062723c751e8b465ee728b)
Start importing Assets/Crest/Crest-Examples/PirateCove/Props/Barrels/Source/Imports/Barrel1.FBX using Guid(7f3dbf844f3ef6141832ee94595425ec) Importer(815301076,1909f56bfc062723c751e8b465ee728b)  -> (artifact id: '8661594ac42f5925cdd9cc88ce44a748') in 0.176913 seconds 
========================================================================
Received Import Request.
  Time since last request: 0.000029 seconds.
  path: Assets/HighCity/Mesh/advertiz 6.FBX
  artifactKey: Guid(66fffcf60f2f82948b7d678203bdd357) Importer(815301076,1909f56bfc062723c751e8b465ee728b)
Start importing Assets/HighCity/Mesh/advertiz 6.FBX using Guid(66fffcf60f2f82948b7d678203bdd357) Importer(815301076,1909f56bfc062723c751e8b465ee728b)  -> (artifact id: '5ba6dadd99926245648715edd66b47f9') in 0.032753 seconds 
========================================================================
Received Import Request.
  Time since last request: 0.000033 seconds.
  path: Assets/_src/Art/Meshes/BlockBrick/Block_Brick.fbx
  artifactKey: Guid(35b92d776eb87404cad762effe1a7c59) Importer(815301076,1909f56bfc062723c751e8b465ee728b)
Start importing Assets/_src/Art/Meshes/BlockBrick/Block_Brick.fbx using Guid(35b92d776eb87404cad762effe1a7c59) Importer(815301076,1909f56bfc062723c751e8b465ee728b)  -> (artifact id: 'fd3bf9125243a718ac973963e7fdb1d6') in 0.737142 seconds 
========================================================================
Received Import Request.
  Time since last request: 0.000056 seconds.
  path: Assets/FlatKit/Demos/[Demo] IslandWithTrees/IslandWithTrees-Models/Bush-v1-02.fbx
  artifactKey: Guid(c1358c974ddac480bb2bbe09826806c4) Importer(815301076,1909f56bfc062723c751e8b465ee728b)
Start importing Assets/FlatKit/Demos/[Demo] IslandWithTrees/IslandWithTrees-Models/Bush-v1-02.fbx using Guid(c1358c974ddac480bb2bbe09826806c4) Importer(815301076,1909f56bfc062723c751e8b465ee728b)  -> (artifact id: 'bd7eb08d84a4c1f396918b57fc10cf01') in 0.086639 seconds 
========================================================================
Received Import Request.
  Time since last request: 0.000034 seconds.
  path: Assets/_src/Master.mixer
  artifactKey: Guid(0feb87d9d0c4ed747ae0e93d3ab5bf4e) Importer(815301076,1909f56bfc062723c751e8b465ee728b)
Start importing Assets/_src/Master.mixer using Guid(0feb87d9d0c4ed747ae0e93d3ab5bf4e) Importer(815301076,1909f56bfc062723c751e8b465ee728b)  -> (artifact id: '88040cca8891c6595e731ba184fad877') in 0.006467 seconds 
========================================================================
Received Import Request.
  Time since last request: 0.000030 seconds.
  path: Assets/FlatKit/Demos/[Demo] Mugs/Mugs-Materials/2 - OneColorVariousParameters/02.2-BlueprintGrid-Mug-1.mat
  artifactKey: Guid(c42e8b42a8bfa45fc8fd3620edb2b31d) Importer(815301076,1909f56bfc062723c751e8b465ee728b)
Start importing Assets/FlatKit/Demos/[Demo] Mugs/Mugs-Materials/2 - OneColorVariousParameters/02.2-BlueprintGrid-Mug-1.mat using Guid(c42e8b42a8bfa45fc8fd3620edb2b31d) Importer(815301076,1909f56bfc062723c751e8b465ee728b)  -> (artifact id: '5ede56da3e1694bfe45e7b4fe20a5a32') in 0.550815 seconds 
Editor requested this worker to shutdown with reason: Scaling down because of idle timeout
AssetImportWorker is now disconnected from the server
Process exiting
Exiting without the bug reporter. Application will terminate with return code 0