Using pre-set license
Built from '2022.1/staging' branch; Version is '2022.1.23f1 (9636b062134a) revision 9844400'; Using compiler version '192829333'; Build Type 'Release'
OS: 'Windows 10  (10.0.19043) 64bit Professional' Language: 'ru' Physical Memory: 15741 MB
BatchMode: 1, IsHumanControllingUs: 0, StartBugReporterOnCrash: 0, Is64bit: 1, IsPro: 1

COMMAND LINE ARGUMENTS:
C:\Program Files\Unity\Hub\Editor\2022.1.23f1\Editor\Unity.exe
-adb2
-batchMode
-noUpm
-name
AssetImportWorker0
-projectPath
C:/@MrPink/tacticalPartyFps/PartyFpsTactics
-logFile
Logs/AssetImportWorker0.log
-srvPort
62289
Successfully changed project path to: C:/@MrPink/tacticalPartyFps/PartyFpsTactics
C:/@MrPink/tacticalPartyFps/PartyFpsTactics
[UnityMemory] Configuration Parameters - Can be set up in boot.config
    "memorysetup-bucket-allocator-granularity=16"
    "memorysetup-bucket-allocator-bucket-count=8"
    "memorysetup-bucket-allocator-block-size=33554432"
    "memorysetup-bucket-allocator-block-count=8"
    "memorysetup-main-allocator-block-size=16777216"
    "memorysetup-thread-allocator-block-size=16777216"
    "memorysetup-gfx-main-allocator-block-size=16777216"
    "memorysetup-gfx-thread-allocator-block-size=16777216"
    "memorysetup-cache-allocator-block-size=4194304"
    "memorysetup-typetree-allocator-block-size=2097152"
    "memorysetup-profiler-bucket-allocator-granularity=16"
    "memorysetup-profiler-bucket-allocator-bucket-count=8"
    "memorysetup-profiler-bucket-allocator-block-size=33554432"
    "memorysetup-profiler-bucket-allocator-block-count=8"
    "memorysetup-profiler-allocator-block-size=16777216"
    "memorysetup-profiler-editor-allocator-block-size=1048576"
    "memorysetup-temp-allocator-size-main=16777216"
    "memorysetup-job-temp-allocator-block-size=2097152"
    "memorysetup-job-temp-allocator-block-size-background=1048576"
    "memorysetup-job-temp-allocator-reduction-small-platforms=262144"
    "memorysetup-temp-allocator-size-background-worker=32768"
    "memorysetup-temp-allocator-size-job-worker=262144"
    "memorysetup-temp-allocator-size-preload-manager=33554432"
    "memorysetup-temp-allocator-size-nav-mesh-worker=65536"
    "memorysetup-temp-allocator-size-audio-worker=65536"
    "memorysetup-temp-allocator-size-cloud-worker=32768"
    "memorysetup-temp-allocator-size-gi-baking-worker=262144"
    "memorysetup-temp-allocator-size-gfx=262144"
Refreshing native plugins compatible for Editor in 264.34 ms, found 5 plugins.
Preloading 0 native plugins for Editor in 0.00 ms.
Initialize engine version: 2022.1.23f1 (9636b062134a)
[Subsystems] Discovering subsystems at path C:/Program Files/Unity/Hub/Editor/2022.1.23f1/Editor/Data/Resources/UnitySubsystems
[Subsystems] Discovering subsystems at path C:/@MrPink/tacticalPartyFps/PartyFpsTactics/Assets
GfxDevice: creating device client; threaded=0; jobified=0
Direct3D:
    Version:  Direct3D 11.0 [level 11.1]
    Renderer: NVIDIA GeForce GTX 1650 Ti (ID=0x1f95)
    Vendor:   NVIDIA
    VRAM:     3962 MB
    Driver:   31.0.15.1659
Shader 'Enviro/Clouds Particles Advanced': fallback shader 'Legacy Shader/Particles/Alpha Blended' not found
Shader 'Enviro/Standard/SkyboxSimple': fallback shader 'None' not found
Initialize mono
Mono path[0] = 'C:/Program Files/Unity/Hub/Editor/2022.1.23f1/Editor/Data/Managed'
Mono path[1] = 'C:/Program Files/Unity/Hub/Editor/2022.1.23f1/Editor/Data/MonoBleedingEdge/lib/mono/unityjit-win32'
Mono config path = 'C:/Program Files/Unity/Hub/Editor/2022.1.23f1/Editor/Data/MonoBleedingEdge/etc'
Using monoOptions --debugger-agent=transport=dt_socket,embedding=1,server=y,suspend=n,address=127.0.0.1:56764
Begin MonoManager ReloadAssembly
Registering precompiled unity dll's ...
Register platform support module: C:/Program Files/Unity/Hub/Editor/2022.1.23f1/Editor/Data/PlaybackEngines/WindowsStandaloneSupport/UnityEditor.WindowsStandalone.Extensions.dll
Register platform support module: C:/Program Files/Unity/Hub/Editor/2022.1.23f1/Editor/Data/PlaybackEngines/MetroSupport/UnityEditor.UWP.Extensions.dll
Registered in 0.005841 seconds.
Native extension for UWP target not found
Native extension for WindowsStandalone target not found
Refreshing native plugins compatible for Editor in 282.53 ms, found 5 plugins.
Preloading 0 native plugins for Editor in 0.00 ms.
Mono: successfully reloaded assembly
- Completed reload, in  0.929 seconds
Domain Reload Profiling:
	ReloadAssembly (929ms)
		BeginReloadAssembly (81ms)
			ExecutionOrderSort (0ms)
			DisableScriptedObjects (0ms)
			BackupInstance (0ms)
			ReleaseScriptingObjects (0ms)
			CreateAndSetChildDomain (1ms)
		EndReloadAssembly (734ms)
			LoadAssemblies (78ms)
			RebuildTransferFunctionScriptingTraits (0ms)
			SetupTypeCache (142ms)
				TypeCache.Initialize (141ms)
					TypeCache.ScanAssembly (139ms)
				ResolveRequiredComponents (1ms)
			ReleaseScriptCaches (0ms)
			RebuildScriptCaches (30ms)
			SetupLoadedEditorAssemblies (496ms)
				LogAssemblyErrors (0ms)
				InitializePlatformSupportModulesInManaged (10ms)
				SetLoadedEditorAssemblies (8ms)
				RefreshPlugins (283ms)
				BeforeProcessingInitializeOnLoad (1ms)
				ProcessInitializeOnLoadAttributes (149ms)
				ProcessInitializeOnLoadMethodAttributes (45ms)
				AfterProcessingInitializeOnLoad (0ms)
				EditorAssembliesLoaded (0ms)
			ExecutionOrderSort2 (0ms)
			AwakeInstancesAfterBackupRestoration (0ms)
Platform modules already initialized, skipping
Registering precompiled user dll's ...
Registered in 0.011210 seconds.
Begin MonoManager ReloadAssembly
Symbol file LoadedFromMemory doesn't match image C:\@MrPink\tacticalPartyFps\PartyFpsTactics\Library\PackageCache\com.unity.visualscripting@1.7.8\Editor\VisualScripting.Core\Dependencies\DotNetZip\Unity.VisualScripting.IonicZip.dll
Symbol file LoadedFromMemory doesn't match image C:\@MrPink\tacticalPartyFps\PartyFpsTactics\Library\PackageCache\com.unity.visualscripting@1.7.8\Editor\VisualScripting.Core\Dependencies\YamlDotNet\Unity.VisualScripting.YamlDotNet.dll
Native extension for UWP target not found
Native extension for WindowsStandalone target not found
Refreshing native plugins compatible for Editor in 315.14 ms, found 5 plugins.
Preloading 0 native plugins for Editor in 0.00 ms.
Mono: successfully reloaded assembly
- Completed reload, in  5.451 seconds
Domain Reload Profiling:
	ReloadAssembly (5452ms)
		BeginReloadAssembly (129ms)
			ExecutionOrderSort (0ms)
			DisableScriptedObjects (5ms)
			BackupInstance (0ms)
			ReleaseScriptingObjects (0ms)
			CreateAndSetChildDomain (22ms)
		EndReloadAssembly (5195ms)
			LoadAssemblies (115ms)
			RebuildTransferFunctionScriptingTraits (0ms)
			SetupTypeCache (465ms)
				TypeCache.Initialize (440ms)
					TypeCache.ScanAssembly (433ms)
				ResolveRequiredComponents (25ms)
			ReleaseScriptCaches (2ms)
			RebuildScriptCaches (152ms)
			SetupLoadedEditorAssemblies (4410ms)
				LogAssemblyErrors (0ms)
				InitializePlatformSupportModulesInManaged (14ms)
				SetLoadedEditorAssemblies (8ms)
				RefreshPlugins (315ms)
				BeforeProcessingInitializeOnLoad (174ms)
				ProcessInitializeOnLoadAttributes (3672ms)
				ProcessInitializeOnLoadMethodAttributes (221ms)
				AfterProcessingInitializeOnLoad (5ms)
				EditorAssembliesLoaded (1ms)
			ExecutionOrderSort2 (0ms)
			AwakeInstancesAfterBackupRestoration (6ms)
Platform modules already initialized, skipping
========================================================================
Worker process is ready to serve import requests
Shader 'Enviro/Clouds Particles Advanced': fallback shader 'Legacy Shader/Particles/Alpha Blended' not found
Shader 'Enviro/Standard/SkyboxSimple': fallback shader 'None' not found
Launched and connected shader compiler UnityShaderCompiler.exe after 0.04 seconds
Refreshing native plugins compatible for Editor in 3.22 ms, found 5 plugins.
Preloading 0 native plugins for Editor in 0.00 ms.
Unloading 10134 Unused Serialized files (Serialized files now loaded: 0)
Unloading 134 unused Assets / (1.30 GB). Loaded Objects now: 10682.
Memory consumption went from 1.61 GB to 314.1 MB.
Total: 46.864600 ms (FindLiveObjects: 1.123800 ms CreateObjectMapping: 1.132700 ms MarkObjects: 43.083000 ms  DeleteObjects: 1.523300 ms)

AssetImportParameters requested are different than current active one (requested -> active):
  custom:video-decoder-ogg-theora: a1e56fd34408186e4bbccfd4996cb3dc -> 
  custom:container-muxer-webm: aa71ff27fc2769a1b78a27578f13a17b -> 
  custom:container-demuxer-webm: 4f35f7cbe854078d1ac9338744f61a02 -> 
  custom:video-encoder-webm-vp8: eb34c28f22e8b96e1ab97ce403110664 -> 
  custom:audio-encoder-webm-vorbis: bf7c407c2cedff20999df2af8eb42d56 -> 
  custom:framework-win-MediaFoundation: 216162199b28c13a410421893ffa2e32 -> 
  custom:container-demuxer-ogg: 62fdf1f143b41e24485cea50d1cbac27 -> 
  custom:video-decoder-webm-vp8: 9c59270c3fd7afecdb556c50c9e8de78 -> 
  custom:audio-decoder-ogg-vorbis: bf7c407c2cedff20999df2af8eb42d56 -> 
========================================================================
Received Import Request.
  Time since last request: 153930.896928 seconds.
  path: Assets/DefaultPrefabObjects.asset
  artifactKey: Guid(d9913f89a1875404381a8f9e0f82df37) Importer(815301076,1909f56bfc062723c751e8b465ee728b)
Start importing Assets/DefaultPrefabObjects.asset using Guid(d9913f89a1875404381a8f9e0f82df37) Importer(815301076,1909f56bfc062723c751e8b465ee728b)  -> (artifact id: '0836fb8f2fce61d1f0e258d13929ea14') in 0.943859 seconds 
========================================================================
Received Prepare
Registering precompiled user dll's ...
Registered in 0.051781 seconds.
Begin MonoManager ReloadAssembly
Symbol file LoadedFromMemory doesn't match image C:\@MrPink\tacticalPartyFps\PartyFpsTactics\Library\PackageCache\com.unity.visualscripting@1.7.8\Editor\VisualScripting.Core\Dependencies\DotNetZip\Unity.VisualScripting.IonicZip.dll
Symbol file LoadedFromMemory doesn't match image C:\@MrPink\tacticalPartyFps\PartyFpsTactics\Library\PackageCache\com.unity.visualscripting@1.7.8\Editor\VisualScripting.Core\Dependencies\YamlDotNet\Unity.VisualScripting.YamlDotNet.dll
Native extension for UWP target not found
Native extension for WindowsStandalone target not found
Refreshing native plugins compatible for Editor in 2.95 ms, found 5 plugins.
Preloading 0 native plugins for Editor in 0.00 ms.
Error saving file Library/StateCache/LayerSettings/9e/9ecc5c3c162a7aba29bafa64c8b94b7c.json. Error: System.IO.IOException: Sharing violation on path C:\@MrPink\tacticalPartyFps\PartyFpsTactics\Library\StateCache\LayerSettings\9e\9ecc5c3c162a7aba29bafa64c8b94b7c.json
  at System.IO.FileStream..ctor (System.String path, System.IO.FileMode mode, System.IO.FileAccess access, System.IO.FileShare share, System.Int32 bufferSize, System.Boolean anonymous, System.IO.FileOptions options) [0x0019e] in <252f5a151e57406087568ebdeb88d5fe>:0 
  at System.IO.FileStream..ctor (System.String path, System.IO.FileMode mode, System.IO.FileAccess access, System.IO.FileShare share, System.Int32 bufferSize, System.IO.FileOptions options) [0x00000] in <252f5a151e57406087568ebdeb88d5fe>:0 
  at (wrapper remoting-invoke-with-check) System.IO.FileStream..ctor(string,System.IO.FileMode,System.IO.FileAccess,System.IO.FileShare,int,System.IO.FileOptions)
  at System.IO.StreamWriter..ctor (System.String path, System.Boolean append, System.Text.Encoding encoding, System.Int32 bufferSize) [0x00055] in <252f5a151e57406087568ebdeb88d5fe>:0 
  at System.IO.StreamWriter..ctor (System.String path, System.Boolean append, System.Text.Encoding encoding) [0x00000] in <252f5a151e57406087568ebdeb88d5fe>:0 
  at (wrapper remoting-invoke-with-check) System.IO.StreamWriter..ctor(string,bool,System.Text.Encoding)
  at System.IO.File.WriteAllText (System.String path, System.String contents, System.Text.Encoding encoding) [0x00034] in <252f5a151e57406087568ebdeb88d5fe>:0 
  at UnityEditor.StateCache`1[T].SetState (UnityEngine.Hash128 key, T obj) [0x0004b] in <4ce403b7cdf744109283ae55cdc24285>:0 
UnityEngine.StackTraceUtility:ExtractStackTrace ()
UnityEngine.DebugLogHandler:LogFormat (UnityEngine.LogType,UnityEngine.Object,string,object[])
UnityEngine.Logger:Log (UnityEngine.LogType,object)
UnityEngine.Debug:LogError (object)
UnityEditor.StateCache`1<UnityEditor.Tools/LayerSettings>:SetState (UnityEngine.Hash128,UnityEditor.Tools/LayerSettings)
UnityEditor.Tools:set_visibleLayers (int)
UnityEditor.Tools:OnEnable ()
UnityEngine.ScriptableObject:CreateInstance (System.Type)
UnityEngine.ScriptableObject:CreateInstance<UnityEditor.Tools> ()
UnityEditor.Tools:get_get ()
UnityEditor.Tools:get_visibleLayers ()
UnityEditor.Animations.Rigging.BoneRendererUtils:.cctor () (at Library/PackageCache/com.unity.animation.rigging@1.1.1/Editor/Utils/BoneRendererUtils.cs:121)
System.Runtime.CompilerServices.RuntimeHelpers:RunClassConstructor (System.RuntimeTypeHandle)
UnityEditor.EditorAssemblies:ProcessInitializeOnLoadAttributes (System.Type[])

(Filename: Library/PackageCache/com.unity.animation.rigging@1.1.1/Editor/Utils/BoneRendererUtils.cs Line: 121)

CreateSerializedAsset is not supported while importing out-of-process
UnityEngine.StackTraceUtility:ExtractStackTrace ()
Kamgam.TriplanarShader.TriplanarShaderSettings:GetOrCreateSettings () (at Assets/Kamgam/TriplanarShader/Scripts/Settings/TriplanarShaderSettings.cs:79)
Kamgam.TriplanarShader.TriplanarShaderSettings:autoCreateSettings () (at Assets/Kamgam/TriplanarShader/Scripts/Settings/TriplanarShaderSettings.cs:31)
System.Reflection.RuntimeMethodInfo:Invoke (object,System.Reflection.BindingFlags,System.Reflection.Binder,object[],System.Globalization.CultureInfo)
System.Reflection.MethodBase:Invoke (object,object[])
UnityEditor.EditorAssemblies:ProcessInitializeOnLoadMethodAttributes ()

[Assets/Kamgam/TriplanarShader/Scripts/Settings/TriplanarShaderSettings.cs line 79]

System.Reflection.TargetInvocationException: Exception has been thrown by the target of an invocation. ---> UnityEngine.UnityException: Creating asset at path Assets/TriplanarShaderSettings.asset failed.
  at (wrapper managed-to-native) UnityEditor.AssetDatabase.CreateAsset(UnityEngine.Object,string)
  at Kamgam.TriplanarShader.TriplanarShaderSettings.GetOrCreateSettings () [0x000ec] in C:\@MrPink\tacticalPartyFps\PartyFpsTactics\Assets\Kamgam\TriplanarShader\Scripts\Settings\TriplanarShaderSettings.cs:79 
  at Kamgam.TriplanarShader.TriplanarShaderSettings.autoCreateSettings () [0x00000] in C:\@MrPink\tacticalPartyFps\PartyFpsTactics\Assets\Kamgam\TriplanarShader\Scripts\Settings\TriplanarShaderSettings.cs:31 
  at (wrapper managed-to-native) System.Reflection.RuntimeMethodInfo.InternalInvoke(System.Reflection.RuntimeMethodInfo,object,object[],System.Exception&)
  at System.Reflection.RuntimeMethodInfo.Invoke (System.Object obj, System.Reflection.BindingFlags invokeAttr, System.Reflection.Binder binder, System.Object[] parameters, System.Globalization.CultureInfo culture) [0x0006a] in <252f5a151e57406087568ebdeb88d5fe>:0 
   --- End of inner exception stack trace ---
  at System.Reflection.RuntimeMethodInfo.Invoke (System.Object obj, System.Reflection.BindingFlags invokeAttr, System.Reflection.Binder binder, System.Object[] parameters, System.Globalization.CultureInfo culture) [0x00083] in <252f5a151e57406087568ebdeb88d5fe>:0 
  at System.Reflection.MethodBase.Invoke (System.Object obj, System.Object[] parameters) [0x00000] in <252f5a151e57406087568ebdeb88d5fe>:0 
  at UnityEditor.EditorAssemblies.ProcessInitializeOnLoadMethodAttributes () [0x000a5] in <4ce403b7cdf744109283ae55cdc24285>:0 
UnityEngine.StackTraceUtility:ExtractStackTrace ()
UnityEngine.DebugLogHandler:LogFormat (UnityEngine.LogType,UnityEngine.Object,string,object[])
UnityEngine.Logger:Log (UnityEngine.LogType,object)
UnityEngine.Debug:LogError (object)
UnityEditor.EditorAssemblies:ProcessInitializeOnLoadMethodAttributes ()

Mono: successfully reloaded assembly
- Completed reload, in  4.241 seconds
Domain Reload Profiling:
	ReloadAssembly (4241ms)
		BeginReloadAssembly (210ms)
			ExecutionOrderSort (0ms)
			DisableScriptedObjects (5ms)
			BackupInstance (0ms)
			ReleaseScriptingObjects (0ms)
			CreateAndSetChildDomain (73ms)
		EndReloadAssembly (3916ms)
			LoadAssemblies (260ms)
			RebuildTransferFunctionScriptingTraits (0ms)
			SetupTypeCache (427ms)
				TypeCache.Initialize (402ms)
					TypeCache.ScanAssembly (394ms)
				ResolveRequiredComponents (25ms)
			ReleaseScriptCaches (2ms)
			RebuildScriptCaches (62ms)
			SetupLoadedEditorAssemblies (3071ms)
				LogAssemblyErrors (0ms)
				InitializePlatformSupportModulesInManaged (14ms)
				SetLoadedEditorAssemblies (10ms)
				RefreshPlugins (3ms)
				BeforeProcessingInitializeOnLoad (121ms)
				ProcessInitializeOnLoadAttributes (2651ms)
				ProcessInitializeOnLoadMethodAttributes (267ms)
				AfterProcessingInitializeOnLoad (5ms)
				EditorAssembliesLoaded (0ms)
			ExecutionOrderSort2 (0ms)
			AwakeInstancesAfterBackupRestoration (35ms)
Platform modules already initialized, skipping
Shader 'Enviro/Clouds Particles Advanced': fallback shader 'Legacy Shader/Particles/Alpha Blended' not found
Shader 'Enviro/Standard/SkyboxSimple': fallback shader 'None' not found
Refreshing native plugins compatible for Editor in 5.76 ms, found 5 plugins.
Preloading 0 native plugins for Editor in 0.00 ms.
Unloading 9809 Unused Serialized files (Serialized files now loaded: 0)
Unloading 151 unused Assets / (7.5 MB). Loaded Objects now: 10781.
Memory consumption went from 1.58 GB to 1.57 GB.
Total: 37.215400 ms (FindLiveObjects: 0.950200 ms CreateObjectMapping: 1.017800 ms MarkObjects: 33.156500 ms  DeleteObjects: 2.089000 ms)

AssetImportParameters requested are different than current active one (requested -> active):
  custom:video-decoder-ogg-theora: a1e56fd34408186e4bbccfd4996cb3dc -> 
  custom:container-muxer-webm: aa71ff27fc2769a1b78a27578f13a17b -> 
  custom:container-demuxer-webm: 4f35f7cbe854078d1ac9338744f61a02 -> 
  custom:video-encoder-webm-vp8: eb34c28f22e8b96e1ab97ce403110664 -> 
  custom:audio-encoder-webm-vorbis: bf7c407c2cedff20999df2af8eb42d56 -> 
  custom:framework-win-MediaFoundation: 216162199b28c13a410421893ffa2e32 -> 
  custom:container-demuxer-ogg: 62fdf1f143b41e24485cea50d1cbac27 -> 
  custom:video-decoder-webm-vp8: 9c59270c3fd7afecdb556c50c9e8de78 -> 
  custom:audio-decoder-ogg-vorbis: bf7c407c2cedff20999df2af8eb42d56 -> 
========================================================================
Received Import Request.
  Time since last request: 468.382913 seconds.
  path: Assets/Enviro - Sky and Weather/Enviro Standard/Profiles/Clouds Quality/4 High.asset
  artifactKey: Guid(42e176a2e271b5b47a8b86082069cac9) Importer(815301076,1909f56bfc062723c751e8b465ee728b)
Start importing Assets/Enviro - Sky and Weather/Enviro Standard/Profiles/Clouds Quality/4 High.asset using Guid(42e176a2e271b5b47a8b86082069cac9) Importer(815301076,1909f56bfc062723c751e8b465ee728b)  -> (artifact id: '98f10befec502ec29054b779aa496ebb') in 0.033721 seconds 
========================================================================
Received Import Request.
  Time since last request: 0.000028 seconds.
  path: Assets/_src/Prefabs/LevelGen/Road/HighwayCircle.prefab
  artifactKey: Guid(4b7f71ae34f2b4247a2c3d4d3f5cde9f) Importer(815301076,1909f56bfc062723c751e8b465ee728b)
Start importing Assets/_src/Prefabs/LevelGen/Road/HighwayCircle.prefab using Guid(4b7f71ae34f2b4247a2c3d4d3f5cde9f) Importer(815301076,1909f56bfc062723c751e8b465ee728b)  -> (artifact id: '23573c91c4fa30e491cc336efe286d8e') in 0.601617 seconds 
========================================================================
Received Import Request.
  Time since last request: 0.000046 seconds.
  path: Assets/Plugins/IngameDebugConsole/Sprites/Unused/IconWarningHighRes.psd
  artifactKey: Guid(af17f91b4376d6a41a793c056c02dadc) Importer(815301076,1909f56bfc062723c751e8b465ee728b)
Start importing Assets/Plugins/IngameDebugConsole/Sprites/Unused/IconWarningHighRes.psd using Guid(af17f91b4376d6a41a793c056c02dadc) Importer(815301076,1909f56bfc062723c751e8b465ee728b)  -> (artifact id: 'cba8626ebc4eb56229db3f028c7e69ec') in 0.043972 seconds 
========================================================================
Received Import Request.
  Time since last request: 0.000040 seconds.
  path: Assets/TextMesh Pro/Examples & Extras/Resources/Fonts & Materials/Electronic Highway Sign SDF.asset
  artifactKey: Guid(dc36b3fdc14f47ebb36fd484a67e268a) Importer(815301076,1909f56bfc062723c751e8b465ee728b)
Start importing Assets/TextMesh Pro/Examples & Extras/Resources/Fonts & Materials/Electronic Highway Sign SDF.asset using Guid(dc36b3fdc14f47ebb36fd484a67e268a) Importer(815301076,1909f56bfc062723c751e8b465ee728b)  -> (artifact id: '9f3bf32136709376d66c1c2942fbbab4') in 0.074582 seconds 
========================================================================
Received Import Request.
  Time since last request: 0.000036 seconds.
  path: Assets/_src/Animations/HumanAnimations/fbx/nakedMaleBase.fbx
  artifactKey: Guid(b7dc88cd8e3f1ca44ab15f93e3226f54) Importer(815301076,1909f56bfc062723c751e8b465ee728b)
Start importing Assets/_src/Animations/HumanAnimations/fbx/nakedMaleBase.fbx using Guid(b7dc88cd8e3f1ca44ab15f93e3226f54) Importer(815301076,1909f56bfc062723c751e8b465ee728b)  -> (artifact id: 'e141fcbab62a51b9424e6603bd506f09') in 0.136668 seconds 
========================================================================
Received Import Request.
  Time since last request: 0.000035 seconds.
  path: Assets/_src/Art/high-poly 1.mat
  artifactKey: Guid(01308887959e11848b68baa57f08fbd3) Importer(815301076,1909f56bfc062723c751e8b465ee728b)
Start importing Assets/_src/Art/high-poly 1.mat using Guid(01308887959e11848b68baa57f08fbd3) Importer(815301076,1909f56bfc062723c751e8b465ee728b)  -> (artifact id: 'c9418fa9feaf5f5c3ca9cdfa76b85ce7') in 0.018537 seconds 
========================================================================
Received Import Request.
  Time since last request: 0.000047 seconds.
  path: Assets/ArchVizPRO Interior Vol.4/3D LIGHTMAP/Very_High_4.giparams
  artifactKey: Guid(3cb16e157df7ed947a4f18495316bc11) Importer(815301076,1909f56bfc062723c751e8b465ee728b)
Start importing Assets/ArchVizPRO Interior Vol.4/3D LIGHTMAP/Very_High_4.giparams using Guid(3cb16e157df7ed947a4f18495316bc11) Importer(815301076,1909f56bfc062723c751e8b465ee728b)  -> (artifact id: '75a8b4ea7debb01c8d49423fed3f06a8') in 0.004588 seconds 
========================================================================
Received Import Request.
  Time since last request: 0.000027 seconds.
  path: Assets/ArchVizPRO Interior Vol.4/3D LIGHTMAP/Very_High_12.giparams
  artifactKey: Guid(234492d6f8c0e4d408b2eb0c0a29d582) Importer(815301076,1909f56bfc062723c751e8b465ee728b)
Start importing Assets/ArchVizPRO Interior Vol.4/3D LIGHTMAP/Very_High_12.giparams using Guid(234492d6f8c0e4d408b2eb0c0a29d582) Importer(815301076,1909f56bfc062723c751e8b465ee728b)  -> (artifact id: '3e7676f7024bf1d12080dfd458192c72') in 0.003169 seconds 
========================================================================
Received Import Request.
  Time since last request: 0.000065 seconds.
  path: Assets/Plugins/IngameDebugConsole/Sprites/Unused/IconInfoHighRes.psd
  artifactKey: Guid(33b115bf5efdfa04d8e2e0b70a6643cd) Importer(815301076,1909f56bfc062723c751e8b465ee728b)
Start importing Assets/Plugins/IngameDebugConsole/Sprites/Unused/IconInfoHighRes.psd using Guid(33b115bf5efdfa04d8e2e0b70a6643cd) Importer(815301076,1909f56bfc062723c751e8b465ee728b)  -> (artifact id: '39957460e9c7791c9cd33382edd07f63') in 0.022811 seconds 
========================================================================
Received Import Request.
  Time since last request: 0.000030 seconds.
  path: Assets/_src/Art/femaleNakedBase.fbx
  artifactKey: Guid(f252452212737dc4dbeefb29746d0b10) Importer(815301076,1909f56bfc062723c751e8b465ee728b)
Start importing Assets/_src/Art/femaleNakedBase.fbx using Guid(f252452212737dc4dbeefb29746d0b10) Importer(815301076,1909f56bfc062723c751e8b465ee728b)  -> (artifact id: '6ee640ab1d02c8819c8aed96b86fcb0d') in 0.098691 seconds 
========================================================================
Received Import Request.
  Time since last request: 0.000050 seconds.
  path: Assets/_src/Art/Islands/islands.fbx
  artifactKey: Guid(7d63cd77076a15147b421f4192000ab0) Importer(815301076,1909f56bfc062723c751e8b465ee728b)
Start importing Assets/_src/Art/Islands/islands.fbx using Guid(7d63cd77076a15147b421f4192000ab0) Importer(815301076,1909f56bfc062723c751e8b465ee728b)  -> (artifact id: '91b561e602d2ed49a4887fb6dad7322d') in 0.072884 seconds 
========================================================================
Received Import Request.
  Time since last request: 0.000053 seconds.
  path: Assets/FlatKit/Demos/[Water] Ocean Islands/Ocean Islands Scene - Models/Rock_04_high.fbx
  artifactKey: Guid(52a3086d75c934655b4df1c0e14d4cdc) Importer(815301076,1909f56bfc062723c751e8b465ee728b)
Start importing Assets/FlatKit/Demos/[Water] Ocean Islands/Ocean Islands Scene - Models/Rock_04_high.fbx using Guid(52a3086d75c934655b4df1c0e14d4cdc) Importer(815301076,1909f56bfc062723c751e8b465ee728b)  -> (artifact id: '156258bffada4e43769fda7d7f6f99aa') in 0.025804 seconds 
========================================================================
Received Import Request.
  Time since last request: 0.000032 seconds.
  path: Assets/FlatKit/Demos/[Demo] Wanderer/Wanderer-Models/RockHigh02.fbx
  artifactKey: Guid(9dbe5ffe57f4044c6a277271be09aeec) Importer(815301076,1909f56bfc062723c751e8b465ee728b)
Start importing Assets/FlatKit/Demos/[Demo] Wanderer/Wanderer-Models/RockHigh02.fbx using Guid(9dbe5ffe57f4044c6a277271be09aeec) Importer(815301076,1909f56bfc062723c751e8b465ee728b)  -> (artifact id: 'fa5ff52bdddb2d7592ebe8432cfc008e') in 0.024892 seconds 
========================================================================
Received Import Request.
  Time since last request: 0.000027 seconds.
  path: Assets/UMotionExamples/Miscellaneous/Materials/HighBarMaterial.mat
  artifactKey: Guid(04e34122c58307741b3a8cb124598a29) Importer(815301076,1909f56bfc062723c751e8b465ee728b)
Start importing Assets/UMotionExamples/Miscellaneous/Materials/HighBarMaterial.mat using Guid(04e34122c58307741b3a8cb124598a29) Importer(815301076,1909f56bfc062723c751e8b465ee728b)  -> (artifact id: 'a9e22f26c4f84967c648ac3936f50d02') in 0.044498 seconds 
========================================================================
Received Import Request.
  Time since last request: 0.000033 seconds.
  path: Assets/TextMesh Pro/Examples & Extras/Fonts/Electronic Highway Sign.TTF
  artifactKey: Guid(8a2b9e2a607dd2143b58c44bc32410b4) Importer(815301076,1909f56bfc062723c751e8b465ee728b)
Start importing Assets/TextMesh Pro/Examples & Extras/Fonts/Electronic Highway Sign.TTF using Guid(8a2b9e2a607dd2143b58c44bc32410b4) Importer(815301076,1909f56bfc062723c751e8b465ee728b)  -> (artifact id: '8d909a2a385384511b3903c8656d26e5') in 0.041788 seconds 
========================================================================
Received Import Request.
  Time since last request: 0.000040 seconds.
  path: Assets/LowpolyStreetPack/Prefabs/StreetProps/Signs/HighwaySigns/HighwaySign_B.prefab
  artifactKey: Guid(a8947352206dba347a89a528a831ec4f) Importer(815301076,1909f56bfc062723c751e8b465ee728b)
Start importing Assets/LowpolyStreetPack/Prefabs/StreetProps/Signs/HighwaySigns/HighwaySign_B.prefab using Guid(a8947352206dba347a89a528a831ec4f) Importer(815301076,1909f56bfc062723c751e8b465ee728b)  -> (artifact id: '6482e2acb3b1fe39ff1bd12d89b4bb4d') in 0.436224 seconds 
========================================================================
Received Import Request.
  Time since last request: 0.000050 seconds.
  path: Assets/HighCity/Profile.asset
  artifactKey: Guid(81a4bd1e6a81fae4f8661de993cc9513) Importer(815301076,1909f56bfc062723c751e8b465ee728b)
Start importing Assets/HighCity/Profile.asset using Guid(81a4bd1e6a81fae4f8661de993cc9513) Importer(815301076,1909f56bfc062723c751e8b465ee728b)  -> (artifact id: 'c41825d709fd70f92f1220136696aa2d') in 0.014595 seconds 
========================================================================
Received Import Request.
  Time since last request: 0.000026 seconds.
  path: Assets/Tessera/Sample/GrassPaths/Models/tile_dirtHigh.fbx
  artifactKey: Guid(6d14cefabf140694eb8d76a71baad0a6) Importer(815301076,1909f56bfc062723c751e8b465ee728b)
Start importing Assets/Tessera/Sample/GrassPaths/Models/tile_dirtHigh.fbx using Guid(6d14cefabf140694eb8d76a71baad0a6) Importer(815301076,1909f56bfc062723c751e8b465ee728b)  -> (artifact id: 'cc754e7dc55d472d702a86581ff1ce77') in 0.039026 seconds 
========================================================================
Received Import Request.
  Time since last request: 0.000034 seconds.
  path: Assets/_src/Art/nakedMaleBase.fbx
  artifactKey: Guid(13be3002ba42f4648a37490d417adf02) Importer(815301076,1909f56bfc062723c751e8b465ee728b)
Start importing Assets/_src/Art/nakedMaleBase.fbx using Guid(13be3002ba42f4648a37490d417adf02) Importer(815301076,1909f56bfc062723c751e8b465ee728b)  -> (artifact id: '8ed6126baa97622bce0a743e41c3c551') in 0.103314 seconds 
========================================================================
Received Import Request.
  Time since last request: 0.000035 seconds.
  path: Assets/Enviro - Sky and Weather/Enviro Standard/Resources/enviro_clouds_detail_high.asset
  artifactKey: Guid(5435894e539d47c40bca029243c32534) Importer(815301076,1909f56bfc062723c751e8b465ee728b)
Start importing Assets/Enviro - Sky and Weather/Enviro Standard/Resources/enviro_clouds_detail_high.asset using Guid(5435894e539d47c40bca029243c32534) Importer(815301076,1909f56bfc062723c751e8b465ee728b)  -> (artifact id: '5df215f075da4f27a3cd1241b02eea57') in 0.058937 seconds 
========================================================================
Received Import Request.
  Time since last request: 0.000042 seconds.
  path: Assets/_src/Settings/UniversalRP-HighQuality.asset
  artifactKey: Guid(19ba41d7c0026c3459d37c2fe90c55a0) Importer(815301076,1909f56bfc062723c751e8b465ee728b)
Start importing Assets/_src/Settings/UniversalRP-HighQuality.asset using Guid(19ba41d7c0026c3459d37c2fe90c55a0) Importer(815301076,1909f56bfc062723c751e8b465ee728b)  -> (artifact id: '9ea69a742c18ee2edcecff103bb7781f') in 0.005235 seconds 
========================================================================
Received Import Request.
  Time since last request: 0.000027 seconds.
  path: Assets/LowpolyStreetPack/Prefabs/StreetProps/Signs/HighwaySigns/HighwaySign_A.prefab
  artifactKey: Guid(cbb4718899d5da64aa2e1cf45bf3aee8) Importer(815301076,1909f56bfc062723c751e8b465ee728b)
Start importing Assets/LowpolyStreetPack/Prefabs/StreetProps/Signs/HighwaySigns/HighwaySign_A.prefab using Guid(cbb4718899d5da64aa2e1cf45bf3aee8) Importer(815301076,1909f56bfc062723c751e8b465ee728b)  -> (artifact id: 'aa3988134e8d76b91ccd70235a7d2b24') in 0.029868 seconds 
========================================================================
Received Import Request.
  Time since last request: 0.000035 seconds.
  path: Assets/ArchVizPRO Interior Vol.4/3D LIGHTMAP/Very_High_2.giparams
  artifactKey: Guid(a5c4a326e06df2e4680fa2f88c44410c) Importer(815301076,1909f56bfc062723c751e8b465ee728b)
Start importing Assets/ArchVizPRO Interior Vol.4/3D LIGHTMAP/Very_High_2.giparams using Guid(a5c4a326e06df2e4680fa2f88c44410c) Importer(815301076,1909f56bfc062723c751e8b465ee728b)  -> (artifact id: '9f1c32690d4f154fd08ee2dbf9595dbc') in 0.002887 seconds 
========================================================================
Received Import Request.
  Time since last request: 0.000043 seconds.
  path: Assets/_src/Art/high-poly.mat
  artifactKey: Guid(787b0c8ddcfab95408d8e1b6527cf498) Importer(815301076,1909f56bfc062723c751e8b465ee728b)
Start importing Assets/_src/Art/high-poly.mat using Guid(787b0c8ddcfab95408d8e1b6527cf498) Importer(815301076,1909f56bfc062723c751e8b465ee728b)  -> (artifact id: 'd3cca777612c90af6fe637268f0a43cf') in 0.016747 seconds 
========================================================================
Received Import Request.
  Time since last request: 0.000034 seconds.
  path: Assets/LowpolyStreetPack/Meshes/roadSIgn.fbx
  artifactKey: Guid(e0b71450fef768d4284a9ffa10232b0b) Importer(815301076,1909f56bfc062723c751e8b465ee728b)
Start importing Assets/LowpolyStreetPack/Meshes/roadSIgn.fbx using Guid(e0b71450fef768d4284a9ffa10232b0b) Importer(815301076,1909f56bfc062723c751e8b465ee728b)  -> (artifact id: 'cfd69086b87d4a0c3411e0df173bb15d') in 0.063984 seconds 
========================================================================
Received Import Request.
  Time since last request: 0.000046 seconds.
  path: Assets/_src/Art/BlenderProjects/islands.blend
  artifactKey: Guid(238ca63f6e7010f49a38aadf1cd3a0ca) Importer(815301076,1909f56bfc062723c751e8b465ee728b)
Start importing Assets/_src/Art/BlenderProjects/islands.blend using Guid(238ca63f6e7010f49a38aadf1cd3a0ca) Importer(815301076,1909f56bfc062723c751e8b465ee728b)  -> (artifact id: '92724bc9199e7a2f393817d630b82d31') in 0.088100 seconds 
========================================================================
Received Import Request.
  Time since last request: 0.000051 seconds.
  path: Assets/FlatKit/Demos/[Demo] Wanderer/Wanderer-Models/RockHigh01.fbx
  artifactKey: Guid(5f026831fa63144caa9cf8de16d9880d) Importer(815301076,1909f56bfc062723c751e8b465ee728b)
Start importing Assets/FlatKit/Demos/[Demo] Wanderer/Wanderer-Models/RockHigh01.fbx using Guid(5f026831fa63144caa9cf8de16d9880d) Importer(815301076,1909f56bfc062723c751e8b465ee728b)  -> (artifact id: '8ce143f53d550e3c4c44ae7306649a3c') in 0.025765 seconds 
========================================================================
Received Import Request.
  Time since last request: 0.000036 seconds.
  path: Assets/HighCity
  artifactKey: Guid(0ec3b5f430aea5340a2177a7c6f929aa) Importer(815301076,1909f56bfc062723c751e8b465ee728b)
Start importing Assets/HighCity using Guid(0ec3b5f430aea5340a2177a7c6f929aa) Importer(815301076,1909f56bfc062723c751e8b465ee728b)  -> (artifact id: 'fea8b7fb11e59fd6cf3c63ed4b4e0419') in 0.001769 seconds 
========================================================================
Received Import Request.
  Time since last request: 0.000041 seconds.
  path: Assets/Plugins/IngameDebugConsole/Sprites/Unused/IconErrorHighRes.psd
  artifactKey: Guid(a97ca0b99ece2d94aaaf59653feb45dd) Importer(815301076,1909f56bfc062723c751e8b465ee728b)
Start importing Assets/Plugins/IngameDebugConsole/Sprites/Unused/IconErrorHighRes.psd using Guid(a97ca0b99ece2d94aaaf59653feb45dd) Importer(815301076,1909f56bfc062723c751e8b465ee728b)  -> (artifact id: '482d4b1934bc8627edb596293000cb75') in 0.020338 seconds 
========================================================================
Received Import Request.
  Time since last request: 0.000032 seconds.
  path: Assets/GPUInstancer/Demos/PrefabInstancing/Meshes/SphereHighRes.fbx
  artifactKey: Guid(4983eb07c5b1beb46aa740bdb1d5be2c) Importer(815301076,1909f56bfc062723c751e8b465ee728b)
Start importing Assets/GPUInstancer/Demos/PrefabInstancing/Meshes/SphereHighRes.fbx using Guid(4983eb07c5b1beb46aa740bdb1d5be2c) Importer(815301076,1909f56bfc062723c751e8b465ee728b)  -> (artifact id: 'faa152786a1f2e9cf81a19da41088463') in 0.024354 seconds 
Editor requested this worker to shutdown with reason: Scaling down because of idle timeout
AssetImportWorker is now disconnected from the server
Process exiting
Exiting without the bug reporter. Application will terminate with return code 0