Using pre-set license
Built from '2022.1/staging' branch; Version is '2022.1.23f1 (9636b062134a) revision 9844400'; Using compiler version '192829333'; Build Type 'Release'
OS: 'Windows 10  (10.0.19043) 64bit Professional' Language: 'ru' Physical Memory: 15741 MB
BatchMode: 1, IsHumanControllingUs: 0, StartBugReporterOnCrash: 0, Is64bit: 1, IsPro: 1

COMMAND LINE ARGUMENTS:
C:\Program Files\Unity\Hub\Editor\2022.1.23f1\Editor\Unity.exe
-adb2
-batchMode
-noUpm
-name
AssetImportWorker5
-projectPath
C:/@MrPink/tacticalPartyFps/PartyFpsTactics
-logFile
Logs/AssetImportWorker5.log
-srvPort
62289
Successfully changed project path to: C:/@MrPink/tacticalPartyFps/PartyFpsTactics
C:/@MrPink/tacticalPartyFps/PartyFpsTactics
[UnityMemory] Configuration Parameters - Can be set up in boot.config
    "memorysetup-bucket-allocator-granularity=16"
    "memorysetup-bucket-allocator-bucket-count=8"
    "memorysetup-bucket-allocator-block-size=33554432"
    "memorysetup-bucket-allocator-block-count=8"
    "memorysetup-main-allocator-block-size=16777216"
    "memorysetup-thread-allocator-block-size=16777216"
    "memorysetup-gfx-main-allocator-block-size=16777216"
    "memorysetup-gfx-thread-allocator-block-size=16777216"
    "memorysetup-cache-allocator-block-size=4194304"
    "memorysetup-typetree-allocator-block-size=2097152"
    "memorysetup-profiler-bucket-allocator-granularity=16"
    "memorysetup-profiler-bucket-allocator-bucket-count=8"
    "memorysetup-profiler-bucket-allocator-block-size=33554432"
    "memorysetup-profiler-bucket-allocator-block-count=8"
    "memorysetup-profiler-allocator-block-size=16777216"
    "memorysetup-profiler-editor-allocator-block-size=1048576"
    "memorysetup-temp-allocator-size-main=16777216"
    "memorysetup-job-temp-allocator-block-size=2097152"
    "memorysetup-job-temp-allocator-block-size-background=1048576"
    "memorysetup-job-temp-allocator-reduction-small-platforms=262144"
    "memorysetup-temp-allocator-size-background-worker=32768"
    "memorysetup-temp-allocator-size-job-worker=262144"
    "memorysetup-temp-allocator-size-preload-manager=33554432"
    "memorysetup-temp-allocator-size-nav-mesh-worker=65536"
    "memorysetup-temp-allocator-size-audio-worker=65536"
    "memorysetup-temp-allocator-size-cloud-worker=32768"
    "memorysetup-temp-allocator-size-gi-baking-worker=262144"
    "memorysetup-temp-allocator-size-gfx=262144"
Refreshing native plugins compatible for Editor in 341.81 ms, found 5 plugins.
Preloading 0 native plugins for Editor in 0.00 ms.
Initialize engine version: 2022.1.23f1 (9636b062134a)
[Subsystems] Discovering subsystems at path C:/Program Files/Unity/Hub/Editor/2022.1.23f1/Editor/Data/Resources/UnitySubsystems
[Subsystems] Discovering subsystems at path C:/@MrPink/tacticalPartyFps/PartyFpsTactics/Assets
GfxDevice: creating device client; threaded=0; jobified=0
Direct3D:
    Version:  Direct3D 11.0 [level 11.1]
    Renderer: NVIDIA GeForce GTX 1650 Ti (ID=0x1f95)
    Vendor:   NVIDIA
    VRAM:     3962 MB
    Driver:   31.0.15.1659
Shader 'Enviro/Clouds Particles Advanced': fallback shader 'Legacy Shader/Particles/Alpha Blended' not found
Shader 'Enviro/Standard/SkyboxSimple': fallback shader 'None' not found
Initialize mono
Mono path[0] = 'C:/Program Files/Unity/Hub/Editor/2022.1.23f1/Editor/Data/Managed'
Mono path[1] = 'C:/Program Files/Unity/Hub/Editor/2022.1.23f1/Editor/Data/MonoBleedingEdge/lib/mono/unityjit-win32'
Mono config path = 'C:/Program Files/Unity/Hub/Editor/2022.1.23f1/Editor/Data/MonoBleedingEdge/etc'
Using monoOptions --debugger-agent=transport=dt_socket,embedding=1,server=y,suspend=n,address=127.0.0.1:56920
Begin MonoManager ReloadAssembly
Registering precompiled unity dll's ...
Register platform support module: C:/Program Files/Unity/Hub/Editor/2022.1.23f1/Editor/Data/PlaybackEngines/WindowsStandaloneSupport/UnityEditor.WindowsStandalone.Extensions.dll
Register platform support module: C:/Program Files/Unity/Hub/Editor/2022.1.23f1/Editor/Data/PlaybackEngines/MetroSupport/UnityEditor.UWP.Extensions.dll
Registered in 0.005455 seconds.
Native extension for UWP target not found
Native extension for WindowsStandalone target not found
Refreshing native plugins compatible for Editor in 329.70 ms, found 5 plugins.
Preloading 0 native plugins for Editor in 0.00 ms.
Mono: successfully reloaded assembly
- Completed reload, in  1.213 seconds
Domain Reload Profiling:
	ReloadAssembly (1214ms)
		BeginReloadAssembly (142ms)
			ExecutionOrderSort (0ms)
			DisableScriptedObjects (0ms)
			BackupInstance (0ms)
			ReleaseScriptingObjects (0ms)
			CreateAndSetChildDomain (1ms)
		EndReloadAssembly (904ms)
			LoadAssemblies (138ms)
			RebuildTransferFunctionScriptingTraits (0ms)
			SetupTypeCache (194ms)
				TypeCache.Initialize (191ms)
					TypeCache.ScanAssembly (189ms)
				ResolveRequiredComponents (3ms)
			ReleaseScriptCaches (0ms)
			RebuildScriptCaches (38ms)
			SetupLoadedEditorAssemblies (581ms)
				LogAssemblyErrors (0ms)
				InitializePlatformSupportModulesInManaged (10ms)
				SetLoadedEditorAssemblies (8ms)
				RefreshPlugins (330ms)
				BeforeProcessingInitializeOnLoad (1ms)
				ProcessInitializeOnLoadAttributes (168ms)
				ProcessInitializeOnLoadMethodAttributes (63ms)
				AfterProcessingInitializeOnLoad (0ms)
				EditorAssembliesLoaded (0ms)
			ExecutionOrderSort2 (0ms)
			AwakeInstancesAfterBackupRestoration (0ms)
Platform modules already initialized, skipping
Registering precompiled user dll's ...
Registered in 0.066897 seconds.
Begin MonoManager ReloadAssembly
Symbol file LoadedFromMemory doesn't match image C:\@MrPink\tacticalPartyFps\PartyFpsTactics\Library\PackageCache\com.unity.visualscripting@1.7.8\Editor\VisualScripting.Core\Dependencies\DotNetZip\Unity.VisualScripting.IonicZip.dll
Symbol file LoadedFromMemory doesn't match image C:\@MrPink\tacticalPartyFps\PartyFpsTactics\Library\PackageCache\com.unity.visualscripting@1.7.8\Editor\VisualScripting.Core\Dependencies\YamlDotNet\Unity.VisualScripting.YamlDotNet.dll
Native extension for UWP target not found
Native extension for WindowsStandalone target not found
Refreshing native plugins compatible for Editor in 308.39 ms, found 5 plugins.
Preloading 0 native plugins for Editor in 0.00 ms.
Error saving file Library/StateCache/LayerSettings/9e/9ecc5c3c162a7aba29bafa64c8b94b7c.json. Error: System.IO.IOException: Sharing violation on path C:\@MrPink\tacticalPartyFps\PartyFpsTactics\Library\StateCache\LayerSettings\9e\9ecc5c3c162a7aba29bafa64c8b94b7c.json
  at System.IO.FileStream..ctor (System.String path, System.IO.FileMode mode, System.IO.FileAccess access, System.IO.FileShare share, System.Int32 bufferSize, System.Boolean anonymous, System.IO.FileOptions options) [0x0019e] in <252f5a151e57406087568ebdeb88d5fe>:0 
  at System.IO.FileStream..ctor (System.String path, System.IO.FileMode mode, System.IO.FileAccess access, System.IO.FileShare share, System.Int32 bufferSize, System.IO.FileOptions options) [0x00000] in <252f5a151e57406087568ebdeb88d5fe>:0 
  at (wrapper remoting-invoke-with-check) System.IO.FileStream..ctor(string,System.IO.FileMode,System.IO.FileAccess,System.IO.FileShare,int,System.IO.FileOptions)
  at System.IO.StreamWriter..ctor (System.String path, System.Boolean append, System.Text.Encoding encoding, System.Int32 bufferSize) [0x00055] in <252f5a151e57406087568ebdeb88d5fe>:0 
  at System.IO.StreamWriter..ctor (System.String path, System.Boolean append, System.Text.Encoding encoding) [0x00000] in <252f5a151e57406087568ebdeb88d5fe>:0 
  at (wrapper remoting-invoke-with-check) System.IO.StreamWriter..ctor(string,bool,System.Text.Encoding)
  at System.IO.File.WriteAllText (System.String path, System.String contents, System.Text.Encoding encoding) [0x00034] in <252f5a151e57406087568ebdeb88d5fe>:0 
  at UnityEditor.StateCache`1[T].SetState (UnityEngine.Hash128 key, T obj) [0x0004b] in <4ce403b7cdf744109283ae55cdc24285>:0 
UnityEngine.StackTraceUtility:ExtractStackTrace ()
UnityEngine.DebugLogHandler:LogFormat (UnityEngine.LogType,UnityEngine.Object,string,object[])
UnityEngine.Logger:Log (UnityEngine.LogType,object)
UnityEngine.Debug:LogError (object)
UnityEditor.StateCache`1<UnityEditor.Tools/LayerSettings>:SetState (UnityEngine.Hash128,UnityEditor.Tools/LayerSettings)
UnityEditor.Tools:set_visibleLayers (int)
UnityEditor.Tools:OnEnable ()
UnityEngine.ScriptableObject:CreateInstance (System.Type)
UnityEngine.ScriptableObject:CreateInstance<UnityEditor.Tools> ()
UnityEditor.Tools:get_get ()
UnityEditor.Tools:get_visibleLayers ()
UnityEditor.Animations.Rigging.BoneRendererUtils:.cctor () (at Library/PackageCache/com.unity.animation.rigging@1.1.1/Editor/Utils/BoneRendererUtils.cs:121)
System.Runtime.CompilerServices.RuntimeHelpers:RunClassConstructor (System.RuntimeTypeHandle)
UnityEditor.EditorAssemblies:ProcessInitializeOnLoadAttributes (System.Type[])

(Filename: Library/PackageCache/com.unity.animation.rigging@1.1.1/Editor/Utils/BoneRendererUtils.cs Line: 121)

Mono: successfully reloaded assembly
- Completed reload, in  5.489 seconds
Domain Reload Profiling:
	ReloadAssembly (5490ms)
		BeginReloadAssembly (118ms)
			ExecutionOrderSort (0ms)
			DisableScriptedObjects (6ms)
			BackupInstance (0ms)
			ReleaseScriptingObjects (0ms)
			CreateAndSetChildDomain (22ms)
		EndReloadAssembly (5213ms)
			LoadAssemblies (280ms)
			RebuildTransferFunctionScriptingTraits (0ms)
			SetupTypeCache (540ms)
				TypeCache.Initialize (513ms)
					TypeCache.ScanAssembly (504ms)
				ResolveRequiredComponents (26ms)
			ReleaseScriptCaches (2ms)
			RebuildScriptCaches (164ms)
			SetupLoadedEditorAssemblies (4160ms)
				LogAssemblyErrors (0ms)
				InitializePlatformSupportModulesInManaged (12ms)
				SetLoadedEditorAssemblies (8ms)
				RefreshPlugins (308ms)
				BeforeProcessingInitializeOnLoad (202ms)
				ProcessInitializeOnLoadAttributes (3411ms)
				ProcessInitializeOnLoadMethodAttributes (213ms)
				AfterProcessingInitializeOnLoad (5ms)
				EditorAssembliesLoaded (0ms)
			ExecutionOrderSort2 (0ms)
			AwakeInstancesAfterBackupRestoration (5ms)
Platform modules already initialized, skipping
========================================================================
Worker process is ready to serve import requests
Shader 'Enviro/Clouds Particles Advanced': fallback shader 'Legacy Shader/Particles/Alpha Blended' not found
Shader 'Enviro/Standard/SkyboxSimple': fallback shader 'None' not found
Launched and connected shader compiler UnityShaderCompiler.exe after 0.06 seconds
Refreshing native plugins compatible for Editor in 10.03 ms, found 5 plugins.
Preloading 0 native plugins for Editor in 0.00 ms.
Unloading 10247 Unused Serialized files (Serialized files now loaded: 0)
Unloading 138 unused Assets / (5.4 MB). Loaded Objects now: 10791.
Memory consumption went from 1.63 GB to 1.63 GB.
Total: 44.858900 ms (FindLiveObjects: 2.808200 ms CreateObjectMapping: 0.831100 ms MarkObjects: 33.183900 ms  DeleteObjects: 7.903000 ms)

AssetImportParameters requested are different than current active one (requested -> active):
  custom:video-decoder-ogg-theora: a1e56fd34408186e4bbccfd4996cb3dc -> 
  custom:container-muxer-webm: aa71ff27fc2769a1b78a27578f13a17b -> 
  custom:container-demuxer-webm: 4f35f7cbe854078d1ac9338744f61a02 -> 
  custom:video-encoder-webm-vp8: eb34c28f22e8b96e1ab97ce403110664 -> 
  custom:audio-encoder-webm-vorbis: bf7c407c2cedff20999df2af8eb42d56 -> 
  custom:framework-win-MediaFoundation: 216162199b28c13a410421893ffa2e32 -> 
  custom:container-demuxer-ogg: 62fdf1f143b41e24485cea50d1cbac27 -> 
  custom:video-decoder-webm-vp8: 9c59270c3fd7afecdb556c50c9e8de78 -> 
  custom:audio-decoder-ogg-vorbis: bf7c407c2cedff20999df2af8eb42d56 -> 
========================================================================
Received Import Request.
  Time since last request: 158953.490866 seconds.
  path: Assets/_src/Prefabs/BloodParticles.prefab
  artifactKey: Guid(a089bee83ff57d34ea3a7b2a9fc9ac02) Importer(815301076,1909f56bfc062723c751e8b465ee728b)
Start importing Assets/_src/Prefabs/BloodParticles.prefab using Guid(a089bee83ff57d34ea3a7b2a9fc9ac02) Importer(815301076,1909f56bfc062723c751e8b465ee728b)  -> (artifact id: 'a21c749db1c03021d8415c8d828672b7') in 0.449169 seconds 
========================================================================
Received Import Request.
  Time since last request: 0.000041 seconds.
  path: Assets/_src/Prefabs/ShotParticles.prefab
  artifactKey: Guid(b514190bf6830744f9218cbc03dce9fe) Importer(815301076,1909f56bfc062723c751e8b465ee728b)
Start importing Assets/_src/Prefabs/ShotParticles.prefab using Guid(b514190bf6830744f9218cbc03dce9fe) Importer(815301076,1909f56bfc062723c751e8b465ee728b)  -> (artifact id: '8d1a341b2877692c272575d06e2f5e2e') in 0.017324 seconds 
========================================================================
Received Import Request.
  Time since last request: 0.000036 seconds.
  path: Assets/_src/Prefabs/Smartphone.prefab
  artifactKey: Guid(41b1330dd7b830b47b240bb420cbb9f3) Importer(815301076,1909f56bfc062723c751e8b465ee728b)
Start importing Assets/_src/Prefabs/Smartphone.prefab using Guid(41b1330dd7b830b47b240bb420cbb9f3) Importer(815301076,1909f56bfc062723c751e8b465ee728b)  -> (artifact id: '4157600d40011d030c3d8f82fb13cb8e') in 0.055810 seconds 
========================================================================
Received Import Request.
  Time since last request: 0.000030 seconds.
  path: Assets/_src/Prefabs/IntermissionCanvas.prefab
  artifactKey: Guid(708bfa6ffbdec4148b16602d1915b4ab) Importer(815301076,1909f56bfc062723c751e8b465ee728b)
Start importing Assets/_src/Prefabs/IntermissionCanvas.prefab using Guid(708bfa6ffbdec4148b16602d1915b4ab) Importer(815301076,1909f56bfc062723c751e8b465ee728b)  -> (artifact id: 'ed1606525f4be09b8c2e127b288690c9') in 0.013547 seconds 
========================================================================
Received Import Request.
  Time since last request: 0.000025 seconds.
  path: Assets/_src/Prefabs/RestrictedZone.prefab
  artifactKey: Guid(f18d31e0b72517c4f95f95fd37a89316) Importer(815301076,1909f56bfc062723c751e8b465ee728b)
Start importing Assets/_src/Prefabs/RestrictedZone.prefab using Guid(f18d31e0b72517c4f95f95fd37a89316) Importer(815301076,1909f56bfc062723c751e8b465ee728b)  -> (artifact id: '743d4289efd41ae0344abf0eb8c00be4') in 0.272668 seconds 
========================================================================
Received Import Request.
  Time since last request: 0.000037 seconds.
  path: Assets/_src/Prefabs/cloud.prefab
  artifactKey: Guid(69be3a6743725354abaf29c2ef8fb230) Importer(815301076,1909f56bfc062723c751e8b465ee728b)
Start importing Assets/_src/Prefabs/cloud.prefab using Guid(69be3a6743725354abaf29c2ef8fb230) Importer(815301076,1909f56bfc062723c751e8b465ee728b)  -> (artifact id: '5bf2d8381019d3058c50990a75e9c04c') in 0.016171 seconds 
========================================================================
Received Import Request.
  Time since last request: 0.000036 seconds.
  path: Assets/_src/Prefabs/VehicleRamp.prefab
  artifactKey: Guid(de11e37fb3dcf5a4b99324bc8fcebfd1) Importer(815301076,1909f56bfc062723c751e8b465ee728b)
Start importing Assets/_src/Prefabs/VehicleRamp.prefab using Guid(de11e37fb3dcf5a4b99324bc8fcebfd1) Importer(815301076,1909f56bfc062723c751e8b465ee728b)  -> (artifact id: '25cd7349bc1b8dd86bc35473ec0fd896') in 0.016648 seconds 
========================================================================
Received Import Request.
  Time since last request: 0.000036 seconds.
  path: Assets/_src/Prefabs/GameManager.prefab
  artifactKey: Guid(213fa4e6bf4ae8e41b2afe86ac0d6a5e) Importer(815301076,1909f56bfc062723c751e8b465ee728b)
Start importing Assets/_src/Prefabs/GameManager.prefab using Guid(213fa4e6bf4ae8e41b2afe86ac0d6a5e) Importer(815301076,1909f56bfc062723c751e8b465ee728b)  -> (artifact id: '190b5e667d01ccc447eb88c99a39c674') in 0.115798 seconds 
========================================================================
Received Import Request.
  Time since last request: 0.000043 seconds.
  path: Assets/_src/Prefabs/DiamondsParticles.prefab
  artifactKey: Guid(2a1351b226205e446b1b9d2497e61c46) Importer(815301076,1909f56bfc062723c751e8b465ee728b)
Start importing Assets/_src/Prefabs/DiamondsParticles.prefab using Guid(2a1351b226205e446b1b9d2497e61c46) Importer(815301076,1909f56bfc062723c751e8b465ee728b)  -> (artifact id: 'd2870dc58323a82b73d0231b0df16e33') in 0.410146 seconds 
========================================================================
Received Import Request.
  Time since last request: 0.000043 seconds.
  path: Assets/_src/Prefabs/LevelGen/Goldendola.prefab
  artifactKey: Guid(de73763fdd3804f41841451627e2e135) Importer(815301076,1909f56bfc062723c751e8b465ee728b)
Start importing Assets/_src/Prefabs/LevelGen/Goldendola.prefab using Guid(de73763fdd3804f41841451627e2e135) Importer(815301076,1909f56bfc062723c751e8b465ee728b)  -> (artifact id: '8af747a21d68ad1f040d3347daf012c6') in 0.020987 seconds 
========================================================================
Received Import Request.
  Time since last request: 0.000046 seconds.
  path: Assets/_src/Prefabs/LevelGen/submarineBody.prefab
  artifactKey: Guid(32de432e16065e940864e593371fac68) Importer(815301076,1909f56bfc062723c751e8b465ee728b)
Start importing Assets/_src/Prefabs/LevelGen/submarineBody.prefab using Guid(32de432e16065e940864e593371fac68) Importer(815301076,1909f56bfc062723c751e8b465ee728b)  -> (artifact id: '99fae4cb2bc07ff62456b00e59399a20') in 0.064317 seconds 
========================================================================
Received Import Request.
  Time since last request: 0.000037 seconds.
  path: Assets/_src/Prefabs/LevelGen/GeneratedRoad 0.prefab
  artifactKey: Guid(89b995b762a6e7b4586d62d0b78cc960) Importer(815301076,1909f56bfc062723c751e8b465ee728b)
Start importing Assets/_src/Prefabs/LevelGen/GeneratedRoad 0.prefab using Guid(89b995b762a6e7b4586d62d0b78cc960) Importer(815301076,1909f56bfc062723c751e8b465ee728b)  -> (artifact id: '0c1ccb1e9fbb2cabad2515ec0fe0ce45') in 0.009253 seconds 
========================================================================
Received Import Request.
  Time since last request: 0.000029 seconds.
  path: Assets/_src/Prefabs/LevelGen/DynamicNavMesh.prefab
  artifactKey: Guid(471861b7920b8d742b363f11e9f39967) Importer(815301076,1909f56bfc062723c751e8b465ee728b)
Start importing Assets/_src/Prefabs/LevelGen/DynamicNavMesh.prefab using Guid(471861b7920b8d742b363f11e9f39967) Importer(815301076,1909f56bfc062723c751e8b465ee728b)  -> (artifact id: '832d11cd1b4776ee9834576aad5f52eb') in 0.010927 seconds 
========================================================================
Received Import Request.
  Time since last request: 0.000032 seconds.
  path: Assets/_src/Prefabs/EnvironmentVisualManager.prefab
  artifactKey: Guid(a203c79b80cc5d64fb315daa591cc3cb) Importer(815301076,1909f56bfc062723c751e8b465ee728b)
Start importing Assets/_src/Prefabs/EnvironmentVisualManager.prefab using Guid(a203c79b80cc5d64fb315daa591cc3cb) Importer(815301076,1909f56bfc062723c751e8b465ee728b)  -> (artifact id: 'a2f1ecc8c017663338af1eac42303c28') in 0.008473 seconds 
========================================================================
Received Import Request.
  Time since last request: 27.397658 seconds.
  path: Assets/_src/Prefabs/LevelGen/SceneStreamer.prefab
  artifactKey: Guid(d1bd1b37643ba414d94122c5af529bad) Importer(815301076,1909f56bfc062723c751e8b465ee728b)
Start importing Assets/_src/Prefabs/LevelGen/SceneStreamer.prefab using Guid(d1bd1b37643ba414d94122c5af529bad) Importer(815301076,1909f56bfc062723c751e8b465ee728b)  -> (artifact id: '502750c17e8fe690480b9cf97838d05f') in 0.009634 seconds 
========================================================================
Received Import Request.
  Time since last request: 5.383609 seconds.
  path: Assets/_src/Prefabs/LevelGen/LevelGen/SceneStreamer.prefab
  artifactKey: Guid(bdbb66a7081a50f42a39032d8b715fb0) Importer(815301076,1909f56bfc062723c751e8b465ee728b)
Start importing Assets/_src/Prefabs/LevelGen/LevelGen/SceneStreamer.prefab using Guid(bdbb66a7081a50f42a39032d8b715fb0) Importer(815301076,1909f56bfc062723c751e8b465ee728b)  -> (artifact id: '2559139696cf78ba0206270e8074bfa2') in 0.009556 seconds 
========================================================================
Received Import Request.
  Time since last request: 2.083950 seconds.
  path: Assets/_src/Prefabs/LevelGen/LevelGen/Tiles/CaveInnerCornerTop.prefab
  artifactKey: Guid(6332db6365c85124c826c01588f894ff) Importer(815301076,1909f56bfc062723c751e8b465ee728b)
Start importing Assets/_src/Prefabs/LevelGen/LevelGen/Tiles/CaveInnerCornerTop.prefab using Guid(6332db6365c85124c826c01588f894ff) Importer(815301076,1909f56bfc062723c751e8b465ee728b)  -> (artifact id: 'f2c3e38eac365869ee0fc242dc0c5fbe') in 0.317734 seconds 
========================================================================
Received Import Request.
  Time since last request: 0.000056 seconds.
  path: Assets/_src/Prefabs/LevelGen/LevelGen/Tiles/InnerCorner.prefab
  artifactKey: Guid(6f956409825b89943bc47bb0e43f6d96) Importer(815301076,1909f56bfc062723c751e8b465ee728b)
Start importing Assets/_src/Prefabs/LevelGen/LevelGen/Tiles/InnerCorner.prefab using Guid(6f956409825b89943bc47bb0e43f6d96) Importer(815301076,1909f56bfc062723c751e8b465ee728b)  -> (artifact id: 'd55dda0da33fc6cb3ab6143374876865') in 0.036416 seconds 
========================================================================
Received Import Request.
  Time since last request: 0.000060 seconds.
  path: Assets/_src/Prefabs/LevelGen/LevelGen/Tiles/TopWall.prefab
  artifactKey: Guid(11fed7c2c18b993449f9b02b0f22e269) Importer(815301076,1909f56bfc062723c751e8b465ee728b)
Start importing Assets/_src/Prefabs/LevelGen/LevelGen/Tiles/TopWall.prefab using Guid(11fed7c2c18b993449f9b02b0f22e269) Importer(815301076,1909f56bfc062723c751e8b465ee728b)  -> (artifact id: '4f3eae64898e973abdf98ab107e35881') in 0.439050 seconds 
========================================================================
Received Import Request.
  Time since last request: 0.000048 seconds.
  path: Assets/_src/Prefabs/LevelGen/LevelGen/Tiles/InnerCornerTop.prefab
  artifactKey: Guid(d10f37f15c737684c9429be46c56f8e4) Importer(815301076,1909f56bfc062723c751e8b465ee728b)
Start importing Assets/_src/Prefabs/LevelGen/LevelGen/Tiles/InnerCornerTop.prefab using Guid(d10f37f15c737684c9429be46c56f8e4) Importer(815301076,1909f56bfc062723c751e8b465ee728b)  -> (artifact id: 'ac2e214bad2fbbd34be5ede7964cb021') in 0.197309 seconds 
========================================================================
Received Import Request.
  Time since last request: 0.000070 seconds.
  path: Assets/_src/Prefabs/LevelGen/LevelGen/Tiles/CornerTop.prefab
  artifactKey: Guid(0b7f73bc0e0911a489e371ddebfc32f1) Importer(815301076,1909f56bfc062723c751e8b465ee728b)
Start importing Assets/_src/Prefabs/LevelGen/LevelGen/Tiles/CornerTop.prefab using Guid(0b7f73bc0e0911a489e371ddebfc32f1) Importer(815301076,1909f56bfc062723c751e8b465ee728b)  -> (artifact id: 'dc60656665f0a205695515c6d2927a60') in 0.222504 seconds 
========================================================================
Received Import Request.
  Time since last request: 0.000075 seconds.
  path: Assets/_src/Prefabs/LevelGen/LevelGen/Tiles/CaveTopInnerCorner.prefab
  artifactKey: Guid(be47b0770b0a4424f880eff431d29ea8) Importer(815301076,1909f56bfc062723c751e8b465ee728b)
Start importing Assets/_src/Prefabs/LevelGen/LevelGen/Tiles/CaveTopInnerCorner.prefab using Guid(be47b0770b0a4424f880eff431d29ea8) Importer(815301076,1909f56bfc062723c751e8b465ee728b)  -> (artifact id: 'd95632d8489b583bf7b46aebd8eee809') in 0.056701 seconds 
========================================================================
Received Import Request.
  Time since last request: 0.000067 seconds.
  path: Assets/_src/Prefabs/LevelGen/LevelGen/Tiles/PipeUpStraight.prefab
  artifactKey: Guid(df9d3cb94f1bb2b40af4ab9bef02c981) Importer(815301076,1909f56bfc062723c751e8b465ee728b)
Start importing Assets/_src/Prefabs/LevelGen/LevelGen/Tiles/PipeUpStraight.prefab using Guid(df9d3cb94f1bb2b40af4ab9bef02c981) Importer(815301076,1909f56bfc062723c751e8b465ee728b)  -> (artifact id: 'e0b50775ce4dfa44fd9657569ced4815') in 0.019807 seconds 
========================================================================
Received Import Request.
  Time since last request: 0.000048 seconds.
  path: Assets/_src/Prefabs/LevelGen/LevelGen/Tiles/Corner.prefab
  artifactKey: Guid(271f9a72593f2414694854594019e135) Importer(815301076,1909f56bfc062723c751e8b465ee728b)
Start importing Assets/_src/Prefabs/LevelGen/LevelGen/Tiles/Corner.prefab using Guid(271f9a72593f2414694854594019e135) Importer(815301076,1909f56bfc062723c751e8b465ee728b)  -> (artifact id: '4496998ab89ce2f5b0c327e29fd30305') in 0.020808 seconds 
========================================================================
Received Prepare
Registering precompiled user dll's ...
Registered in 0.011144 seconds.
Begin MonoManager ReloadAssembly
Symbol file LoadedFromMemory doesn't match image C:\@MrPink\tacticalPartyFps\PartyFpsTactics\Library\PackageCache\com.unity.visualscripting@1.7.8\Editor\VisualScripting.Core\Dependencies\DotNetZip\Unity.VisualScripting.IonicZip.dll
Symbol file LoadedFromMemory doesn't match image C:\@MrPink\tacticalPartyFps\PartyFpsTactics\Library\PackageCache\com.unity.visualscripting@1.7.8\Editor\VisualScripting.Core\Dependencies\YamlDotNet\Unity.VisualScripting.YamlDotNet.dll
Native extension for UWP target not found
Native extension for WindowsStandalone target not found
Refreshing native plugins compatible for Editor in 5.06 ms, found 5 plugins.
Preloading 0 native plugins for Editor in 0.00 ms.
Error saving file Library/StateCache/LayerSettings/9e/9ecc5c3c162a7aba29bafa64c8b94b7c.json. Error: System.IO.IOException: Sharing violation on path C:\@MrPink\tacticalPartyFps\PartyFpsTactics\Library\StateCache\LayerSettings\9e\9ecc5c3c162a7aba29bafa64c8b94b7c.json
  at System.IO.FileStream..ctor (System.String path, System.IO.FileMode mode, System.IO.FileAccess access, System.IO.FileShare share, System.Int32 bufferSize, System.Boolean anonymous, System.IO.FileOptions options) [0x0019e] in <252f5a151e57406087568ebdeb88d5fe>:0 
  at System.IO.FileStream..ctor (System.String path, System.IO.FileMode mode, System.IO.FileAccess access, System.IO.FileShare share, System.Int32 bufferSize, System.IO.FileOptions options) [0x00000] in <252f5a151e57406087568ebdeb88d5fe>:0 
  at (wrapper remoting-invoke-with-check) System.IO.FileStream..ctor(string,System.IO.FileMode,System.IO.FileAccess,System.IO.FileShare,int,System.IO.FileOptions)
  at System.IO.StreamWriter..ctor (System.String path, System.Boolean append, System.Text.Encoding encoding, System.Int32 bufferSize) [0x00055] in <252f5a151e57406087568ebdeb88d5fe>:0 
  at System.IO.StreamWriter..ctor (System.String path, System.Boolean append, System.Text.Encoding encoding) [0x00000] in <252f5a151e57406087568ebdeb88d5fe>:0 
  at (wrapper remoting-invoke-with-check) System.IO.StreamWriter..ctor(string,bool,System.Text.Encoding)
  at System.IO.File.WriteAllText (System.String path, System.String contents, System.Text.Encoding encoding) [0x00034] in <252f5a151e57406087568ebdeb88d5fe>:0 
  at UnityEditor.StateCache`1[T].SetState (UnityEngine.Hash128 key, T obj) [0x0004b] in <4ce403b7cdf744109283ae55cdc24285>:0 
UnityEngine.StackTraceUtility:ExtractStackTrace ()
UnityEngine.DebugLogHandler:LogFormat (UnityEngine.LogType,UnityEngine.Object,string,object[])
UnityEngine.Logger:Log (UnityEngine.LogType,object)
UnityEngine.Debug:LogError (object)
UnityEditor.StateCache`1<UnityEditor.Tools/LayerSettings>:SetState (UnityEngine.Hash128,UnityEditor.Tools/LayerSettings)
UnityEditor.Tools:set_visibleLayers (int)
UnityEditor.Tools:OnEnable ()
UnityEngine.ScriptableObject:CreateInstance (System.Type)
UnityEngine.ScriptableObject:CreateInstance<UnityEditor.Tools> ()
UnityEditor.Tools:get_get ()
UnityEditor.Tools:get_visibleLayers ()
UnityEditor.Animations.Rigging.BoneRendererUtils:.cctor () (at Library/PackageCache/com.unity.animation.rigging@1.1.1/Editor/Utils/BoneRendererUtils.cs:121)
System.Runtime.CompilerServices.RuntimeHelpers:RunClassConstructor (System.RuntimeTypeHandle)
UnityEditor.EditorAssemblies:ProcessInitializeOnLoadAttributes (System.Type[])

(Filename: Library/PackageCache/com.unity.animation.rigging@1.1.1/Editor/Utils/BoneRendererUtils.cs Line: 121)

CreateSerializedAsset is not supported while importing out-of-process
UnityEngine.StackTraceUtility:ExtractStackTrace ()
Kamgam.TriplanarShader.TriplanarShaderSettings:GetOrCreateSettings () (at Assets/Kamgam/TriplanarShader/Scripts/Settings/TriplanarShaderSettings.cs:79)
Kamgam.TriplanarShader.TriplanarShaderSettings:autoCreateSettings () (at Assets/Kamgam/TriplanarShader/Scripts/Settings/TriplanarShaderSettings.cs:31)
System.Reflection.RuntimeMethodInfo:Invoke (object,System.Reflection.BindingFlags,System.Reflection.Binder,object[],System.Globalization.CultureInfo)
System.Reflection.MethodBase:Invoke (object,object[])
UnityEditor.EditorAssemblies:ProcessInitializeOnLoadMethodAttributes ()

[Assets/Kamgam/TriplanarShader/Scripts/Settings/TriplanarShaderSettings.cs line 79]

System.Reflection.TargetInvocationException: Exception has been thrown by the target of an invocation. ---> UnityEngine.UnityException: Creating asset at path Assets/TriplanarShaderSettings.asset failed.
  at (wrapper managed-to-native) UnityEditor.AssetDatabase.CreateAsset(UnityEngine.Object,string)
  at Kamgam.TriplanarShader.TriplanarShaderSettings.GetOrCreateSettings () [0x000ec] in C:\@MrPink\tacticalPartyFps\PartyFpsTactics\Assets\Kamgam\TriplanarShader\Scripts\Settings\TriplanarShaderSettings.cs:79 
  at Kamgam.TriplanarShader.TriplanarShaderSettings.autoCreateSettings () [0x00000] in C:\@MrPink\tacticalPartyFps\PartyFpsTactics\Assets\Kamgam\TriplanarShader\Scripts\Settings\TriplanarShaderSettings.cs:31 
  at (wrapper managed-to-native) System.Reflection.RuntimeMethodInfo.InternalInvoke(System.Reflection.RuntimeMethodInfo,object,object[],System.Exception&)
  at System.Reflection.RuntimeMethodInfo.Invoke (System.Object obj, System.Reflection.BindingFlags invokeAttr, System.Reflection.Binder binder, System.Object[] parameters, System.Globalization.CultureInfo culture) [0x0006a] in <252f5a151e57406087568ebdeb88d5fe>:0 
   --- End of inner exception stack trace ---
  at System.Reflection.RuntimeMethodInfo.Invoke (System.Object obj, System.Reflection.BindingFlags invokeAttr, System.Reflection.Binder binder, System.Object[] parameters, System.Globalization.CultureInfo culture) [0x00083] in <252f5a151e57406087568ebdeb88d5fe>:0 
  at System.Reflection.MethodBase.Invoke (System.Object obj, System.Object[] parameters) [0x00000] in <252f5a151e57406087568ebdeb88d5fe>:0 
  at UnityEditor.EditorAssemblies.ProcessInitializeOnLoadMethodAttributes () [0x000a5] in <4ce403b7cdf744109283ae55cdc24285>:0 
UnityEngine.StackTraceUtility:ExtractStackTrace ()
UnityEngine.DebugLogHandler:LogFormat (UnityEngine.LogType,UnityEngine.Object,string,object[])
UnityEngine.Logger:Log (UnityEngine.LogType,object)
UnityEngine.Debug:LogError (object)
UnityEditor.EditorAssemblies:ProcessInitializeOnLoadMethodAttributes ()

Mono: successfully reloaded assembly
- Completed reload, in  5.415 seconds
Domain Reload Profiling:
	ReloadAssembly (5420ms)
		BeginReloadAssembly (1171ms)
			ExecutionOrderSort (0ms)
			DisableScriptedObjects (207ms)
			BackupInstance (0ms)
			ReleaseScriptingObjects (0ms)
			CreateAndSetChildDomain (583ms)
		EndReloadAssembly (4113ms)
			LoadAssemblies (116ms)
			RebuildTransferFunctionScriptingTraits (0ms)
			SetupTypeCache (506ms)
				TypeCache.Initialize (481ms)
					TypeCache.ScanAssembly (453ms)
				ResolveRequiredComponents (26ms)
			ReleaseScriptCaches (2ms)
			RebuildScriptCaches (89ms)
			SetupLoadedEditorAssemblies (3226ms)
				LogAssemblyErrors (0ms)
				InitializePlatformSupportModulesInManaged (13ms)
				SetLoadedEditorAssemblies (10ms)
				RefreshPlugins (5ms)
				BeforeProcessingInitializeOnLoad (131ms)
				ProcessInitializeOnLoadAttributes (2821ms)
				ProcessInitializeOnLoadMethodAttributes (242ms)
				AfterProcessingInitializeOnLoad (5ms)
				EditorAssembliesLoaded (0ms)
			ExecutionOrderSort2 (0ms)
			AwakeInstancesAfterBackupRestoration (42ms)
Platform modules already initialized, skipping
Shader 'Enviro/Clouds Particles Advanced': fallback shader 'Legacy Shader/Particles/Alpha Blended' not found
Shader 'Enviro/Standard/SkyboxSimple': fallback shader 'None' not found
Refreshing native plugins compatible for Editor in 6.79 ms, found 5 plugins.
Preloading 0 native plugins for Editor in 0.00 ms.
Unloading 9788 Unused Serialized files (Serialized files now loaded: 0)
Unloading 130 unused Assets / (5.4 MB). Loaded Objects now: 10930.
Memory consumption went from 1.58 GB to 1.57 GB.
Total: 42.331300 ms (FindLiveObjects: 0.796500 ms CreateObjectMapping: 0.785600 ms MarkObjects: 39.314700 ms  DeleteObjects: 1.430100 ms)

AssetImportParameters requested are different than current active one (requested -> active):
  custom:video-decoder-ogg-theora: a1e56fd34408186e4bbccfd4996cb3dc -> 
  custom:container-muxer-webm: aa71ff27fc2769a1b78a27578f13a17b -> 
  custom:container-demuxer-webm: 4f35f7cbe854078d1ac9338744f61a02 -> 
  custom:video-encoder-webm-vp8: eb34c28f22e8b96e1ab97ce403110664 -> 
  custom:audio-encoder-webm-vorbis: bf7c407c2cedff20999df2af8eb42d56 -> 
  custom:framework-win-MediaFoundation: 216162199b28c13a410421893ffa2e32 -> 
  custom:container-demuxer-ogg: 62fdf1f143b41e24485cea50d1cbac27 -> 
  custom:video-decoder-webm-vp8: 9c59270c3fd7afecdb556c50c9e8de78 -> 
  custom:audio-decoder-ogg-vorbis: bf7c407c2cedff20999df2af8eb42d56 -> 
========================================================================
Received Prepare
Registering precompiled user dll's ...
Registered in 0.010024 seconds.
Begin MonoManager ReloadAssembly
Symbol file LoadedFromMemory doesn't match image C:\@MrPink\tacticalPartyFps\PartyFpsTactics\Library\PackageCache\com.unity.visualscripting@1.7.8\Editor\VisualScripting.Core\Dependencies\DotNetZip\Unity.VisualScripting.IonicZip.dll
Symbol file LoadedFromMemory doesn't match image C:\@MrPink\tacticalPartyFps\PartyFpsTactics\Library\PackageCache\com.unity.visualscripting@1.7.8\Editor\VisualScripting.Core\Dependencies\YamlDotNet\Unity.VisualScripting.YamlDotNet.dll
Native extension for UWP target not found
Native extension for WindowsStandalone target not found
Refreshing native plugins compatible for Editor in 4.19 ms, found 5 plugins.
Preloading 0 native plugins for Editor in 0.00 ms.
CreateSerializedAsset is not supported while importing out-of-process
UnityEngine.StackTraceUtility:ExtractStackTrace ()
Kamgam.TriplanarShader.TriplanarShaderSettings:GetOrCreateSettings () (at Assets/Kamgam/TriplanarShader/Scripts/Settings/TriplanarShaderSettings.cs:79)
Kamgam.TriplanarShader.TriplanarShaderSettings:autoCreateSettings () (at Assets/Kamgam/TriplanarShader/Scripts/Settings/TriplanarShaderSettings.cs:31)
System.Reflection.RuntimeMethodInfo:Invoke (object,System.Reflection.BindingFlags,System.Reflection.Binder,object[],System.Globalization.CultureInfo)
System.Reflection.MethodBase:Invoke (object,object[])
UnityEditor.EditorAssemblies:ProcessInitializeOnLoadMethodAttributes ()

[Assets/Kamgam/TriplanarShader/Scripts/Settings/TriplanarShaderSettings.cs line 79]

System.Reflection.TargetInvocationException: Exception has been thrown by the target of an invocation. ---> UnityEngine.UnityException: Creating asset at path Assets/TriplanarShaderSettings.asset failed.
  at (wrapper managed-to-native) UnityEditor.AssetDatabase.CreateAsset(UnityEngine.Object,string)
  at Kamgam.TriplanarShader.TriplanarShaderSettings.GetOrCreateSettings () [0x000ec] in C:\@MrPink\tacticalPartyFps\PartyFpsTactics\Assets\Kamgam\TriplanarShader\Scripts\Settings\TriplanarShaderSettings.cs:79 
  at Kamgam.TriplanarShader.TriplanarShaderSettings.autoCreateSettings () [0x00000] in C:\@MrPink\tacticalPartyFps\PartyFpsTactics\Assets\Kamgam\TriplanarShader\Scripts\Settings\TriplanarShaderSettings.cs:31 
  at (wrapper managed-to-native) System.Reflection.RuntimeMethodInfo.InternalInvoke(System.Reflection.RuntimeMethodInfo,object,object[],System.Exception&)
  at System.Reflection.RuntimeMethodInfo.Invoke (System.Object obj, System.Reflection.BindingFlags invokeAttr, System.Reflection.Binder binder, System.Object[] parameters, System.Globalization.CultureInfo culture) [0x0006a] in <252f5a151e57406087568ebdeb88d5fe>:0 
   --- End of inner exception stack trace ---
  at System.Reflection.RuntimeMethodInfo.Invoke (System.Object obj, System.Reflection.BindingFlags invokeAttr, System.Reflection.Binder binder, System.Object[] parameters, System.Globalization.CultureInfo culture) [0x00083] in <252f5a151e57406087568ebdeb88d5fe>:0 
  at System.Reflection.MethodBase.Invoke (System.Object obj, System.Object[] parameters) [0x00000] in <252f5a151e57406087568ebdeb88d5fe>:0 
  at UnityEditor.EditorAssemblies.ProcessInitializeOnLoadMethodAttributes () [0x000a5] in <4ce403b7cdf744109283ae55cdc24285>:0 
UnityEngine.StackTraceUtility:ExtractStackTrace ()
UnityEngine.DebugLogHandler:LogFormat (UnityEngine.LogType,UnityEngine.Object,string,object[])
UnityEngine.Logger:Log (UnityEngine.LogType,object)
UnityEngine.Debug:LogError (object)
UnityEditor.EditorAssemblies:ProcessInitializeOnLoadMethodAttributes ()

Mono: successfully reloaded assembly
- Completed reload, in  4.492 seconds
Domain Reload Profiling:
	ReloadAssembly (4493ms)
		BeginReloadAssembly (183ms)
			ExecutionOrderSort (0ms)
			DisableScriptedObjects (6ms)
			BackupInstance (0ms)
			ReleaseScriptingObjects (0ms)
			CreateAndSetChildDomain (81ms)
		EndReloadAssembly (4191ms)
			LoadAssemblies (105ms)
			RebuildTransferFunctionScriptingTraits (0ms)
			SetupTypeCache (440ms)
				TypeCache.Initialize (416ms)
					TypeCache.ScanAssembly (404ms)
				ResolveRequiredComponents (24ms)
			ReleaseScriptCaches (6ms)
			RebuildScriptCaches (64ms)
			SetupLoadedEditorAssemblies (3420ms)
				LogAssemblyErrors (0ms)
				InitializePlatformSupportModulesInManaged (14ms)
				SetLoadedEditorAssemblies (7ms)
				RefreshPlugins (4ms)
				BeforeProcessingInitializeOnLoad (110ms)
				ProcessInitializeOnLoadAttributes (3018ms)
				ProcessInitializeOnLoadMethodAttributes (261ms)
				AfterProcessingInitializeOnLoad (5ms)
				EditorAssembliesLoaded (1ms)
			ExecutionOrderSort2 (0ms)
			AwakeInstancesAfterBackupRestoration (39ms)
Platform modules already initialized, skipping
Shader 'Enviro/Clouds Particles Advanced': fallback shader 'Legacy Shader/Particles/Alpha Blended' not found
Shader 'Enviro/Standard/SkyboxSimple': fallback shader 'None' not found
Refreshing native plugins compatible for Editor in 8.04 ms, found 5 plugins.
Preloading 0 native plugins for Editor in 0.00 ms.
Unloading 9789 Unused Serialized files (Serialized files now loaded: 0)
Unloading 129 unused Assets / (5.4 MB). Loaded Objects now: 10936.
Memory consumption went from 1.58 GB to 1.57 GB.
Total: 46.854500 ms (FindLiveObjects: 1.074200 ms CreateObjectMapping: 0.791700 ms MarkObjects: 43.033300 ms  DeleteObjects: 1.952100 ms)

AssetImportParameters requested are different than current active one (requested -> active):
  custom:video-decoder-ogg-theora: a1e56fd34408186e4bbccfd4996cb3dc -> 
  custom:container-muxer-webm: aa71ff27fc2769a1b78a27578f13a17b -> 
  custom:container-demuxer-webm: 4f35f7cbe854078d1ac9338744f61a02 -> 
  custom:video-encoder-webm-vp8: eb34c28f22e8b96e1ab97ce403110664 -> 
  custom:audio-encoder-webm-vorbis: bf7c407c2cedff20999df2af8eb42d56 -> 
  custom:framework-win-MediaFoundation: 216162199b28c13a410421893ffa2e32 -> 
  custom:container-demuxer-ogg: 62fdf1f143b41e24485cea50d1cbac27 -> 
  custom:video-decoder-webm-vp8: 9c59270c3fd7afecdb556c50c9e8de78 -> 
  custom:audio-decoder-ogg-vorbis: bf7c407c2cedff20999df2af8eb42d56 -> 
========================================================================
Received Import Request.
  Time since last request: 11184.918085 seconds.
  path: Assets/Crest/Crest/Textures/Foam2.png
  artifactKey: Guid(02e417d5711139342884479f53dbecea) Importer(815301076,1909f56bfc062723c751e8b465ee728b)
Start importing Assets/Crest/Crest/Textures/Foam2.png using Guid(02e417d5711139342884479f53dbecea) Importer(815301076,1909f56bfc062723c751e8b465ee728b)  -> (artifact id: 'c2f8ae9144c8da26a6cb6f57adc8e723') in 0.370648 seconds 
========================================================================
Received Import Request.
  Time since last request: 0.000143 seconds.
  path: Assets/Crest/Crest/Textures/Caustics/Caustics_tex_color.png
  artifactKey: Guid(24552fd937a31a842aa7ee1c2e14d89d) Importer(815301076,1909f56bfc062723c751e8b465ee728b)
Start importing Assets/Crest/Crest/Textures/Caustics/Caustics_tex_color.png using Guid(24552fd937a31a842aa7ee1c2e14d89d) Importer(815301076,1909f56bfc062723c751e8b465ee728b)  -> (artifact id: 'e01c43aa65c254775363708426e97ad2') in 0.019594 seconds 
========================================================================
Received Prepare
Registering precompiled user dll's ...
Registered in 0.009808 seconds.
Begin MonoManager ReloadAssembly
Symbol file LoadedFromMemory doesn't match image C:\@MrPink\tacticalPartyFps\PartyFpsTactics\Library\PackageCache\com.unity.visualscripting@1.7.8\Editor\VisualScripting.Core\Dependencies\DotNetZip\Unity.VisualScripting.IonicZip.dll
Symbol file LoadedFromMemory doesn't match image C:\@MrPink\tacticalPartyFps\PartyFpsTactics\Library\PackageCache\com.unity.visualscripting@1.7.8\Editor\VisualScripting.Core\Dependencies\YamlDotNet\Unity.VisualScripting.YamlDotNet.dll
Native extension for UWP target not found
Native extension for WindowsStandalone target not found
Refreshing native plugins compatible for Editor in 5.27 ms, found 5 plugins.
Preloading 0 native plugins for Editor in 0.00 ms.
CreateSerializedAsset is not supported while importing out-of-process
UnityEngine.StackTraceUtility:ExtractStackTrace ()
Kamgam.TriplanarShader.TriplanarShaderSettings:GetOrCreateSettings () (at Assets/Kamgam/TriplanarShader/Scripts/Settings/TriplanarShaderSettings.cs:79)
Kamgam.TriplanarShader.TriplanarShaderSettings:autoCreateSettings () (at Assets/Kamgam/TriplanarShader/Scripts/Settings/TriplanarShaderSettings.cs:31)
System.Reflection.RuntimeMethodInfo:Invoke (object,System.Reflection.BindingFlags,System.Reflection.Binder,object[],System.Globalization.CultureInfo)
System.Reflection.MethodBase:Invoke (object,object[])
UnityEditor.EditorAssemblies:ProcessInitializeOnLoadMethodAttributes ()

[Assets/Kamgam/TriplanarShader/Scripts/Settings/TriplanarShaderSettings.cs line 79]

System.Reflection.TargetInvocationException: Exception has been thrown by the target of an invocation. ---> UnityEngine.UnityException: Creating asset at path Assets/TriplanarShaderSettings.asset failed.
  at (wrapper managed-to-native) UnityEditor.AssetDatabase.CreateAsset(UnityEngine.Object,string)
  at Kamgam.TriplanarShader.TriplanarShaderSettings.GetOrCreateSettings () [0x000ec] in C:\@MrPink\tacticalPartyFps\PartyFpsTactics\Assets\Kamgam\TriplanarShader\Scripts\Settings\TriplanarShaderSettings.cs:79 
  at Kamgam.TriplanarShader.TriplanarShaderSettings.autoCreateSettings () [0x00000] in C:\@MrPink\tacticalPartyFps\PartyFpsTactics\Assets\Kamgam\TriplanarShader\Scripts\Settings\TriplanarShaderSettings.cs:31 
  at (wrapper managed-to-native) System.Reflection.RuntimeMethodInfo.InternalInvoke(System.Reflection.RuntimeMethodInfo,object,object[],System.Exception&)
  at System.Reflection.RuntimeMethodInfo.Invoke (System.Object obj, System.Reflection.BindingFlags invokeAttr, System.Reflection.Binder binder, System.Object[] parameters, System.Globalization.CultureInfo culture) [0x0006a] in <252f5a151e57406087568ebdeb88d5fe>:0 
   --- End of inner exception stack trace ---
  at System.Reflection.RuntimeMethodInfo.Invoke (System.Object obj, System.Reflection.BindingFlags invokeAttr, System.Reflection.Binder binder, System.Object[] parameters, System.Globalization.CultureInfo culture) [0x00083] in <252f5a151e57406087568ebdeb88d5fe>:0 
  at System.Reflection.MethodBase.Invoke (System.Object obj, System.Object[] parameters) [0x00000] in <252f5a151e57406087568ebdeb88d5fe>:0 
  at UnityEditor.EditorAssemblies.ProcessInitializeOnLoadMethodAttributes () [0x000a5] in <4ce403b7cdf744109283ae55cdc24285>:0 
UnityEngine.StackTraceUtility:ExtractStackTrace ()
UnityEngine.DebugLogHandler:LogFormat (UnityEngine.LogType,UnityEngine.Object,string,object[])
UnityEngine.Logger:Log (UnityEngine.LogType,object)
UnityEngine.Debug:LogError (object)
UnityEditor.EditorAssemblies:ProcessInitializeOnLoadMethodAttributes ()

Mono: successfully reloaded assembly
- Completed reload, in  5.760 seconds
Domain Reload Profiling:
	ReloadAssembly (5762ms)
		BeginReloadAssembly (535ms)
			ExecutionOrderSort (0ms)
			DisableScriptedObjects (42ms)
			BackupInstance (0ms)
			ReleaseScriptingObjects (0ms)
			CreateAndSetChildDomain (293ms)
		EndReloadAssembly (5096ms)
			LoadAssemblies (144ms)
			RebuildTransferFunctionScriptingTraits (0ms)
			SetupTypeCache (612ms)
				TypeCache.Initialize (585ms)
					TypeCache.ScanAssembly (558ms)
				ResolveRequiredComponents (27ms)
			ReleaseScriptCaches (7ms)
			RebuildScriptCaches (79ms)
			SetupLoadedEditorAssemblies (4067ms)
				LogAssemblyErrors (0ms)
				InitializePlatformSupportModulesInManaged (15ms)
				SetLoadedEditorAssemblies (10ms)
				RefreshPlugins (5ms)
				BeforeProcessingInitializeOnLoad (123ms)
				ProcessInitializeOnLoadAttributes (3530ms)
				ProcessInitializeOnLoadMethodAttributes (378ms)
				AfterProcessingInitializeOnLoad (5ms)
				EditorAssembliesLoaded (1ms)
			ExecutionOrderSort2 (0ms)
			AwakeInstancesAfterBackupRestoration (47ms)
Platform modules already initialized, skipping
Shader 'Enviro/Clouds Particles Advanced': fallback shader 'Legacy Shader/Particles/Alpha Blended' not found
Shader 'Enviro/Standard/SkyboxSimple': fallback shader 'None' not found
Refreshing native plugins compatible for Editor in 7.33 ms, found 5 plugins.
Preloading 0 native plugins for Editor in 0.00 ms.
Unloading 9789 Unused Serialized files (Serialized files now loaded: 0)
Unloading 129 unused Assets / (5.4 MB). Loaded Objects now: 10944.
Memory consumption went from 1.59 GB to 1.58 GB.
Total: 42.423600 ms (FindLiveObjects: 1.031200 ms CreateObjectMapping: 0.747300 ms MarkObjects: 39.016800 ms  DeleteObjects: 1.626700 ms)

AssetImportParameters requested are different than current active one (requested -> active):
  custom:video-decoder-ogg-theora: a1e56fd34408186e4bbccfd4996cb3dc -> 
  custom:container-muxer-webm: aa71ff27fc2769a1b78a27578f13a17b -> 
  custom:container-demuxer-webm: 4f35f7cbe854078d1ac9338744f61a02 -> 
  custom:video-encoder-webm-vp8: eb34c28f22e8b96e1ab97ce403110664 -> 
  custom:audio-encoder-webm-vorbis: bf7c407c2cedff20999df2af8eb42d56 -> 
  custom:framework-win-MediaFoundation: 216162199b28c13a410421893ffa2e32 -> 
  custom:container-demuxer-ogg: 62fdf1f143b41e24485cea50d1cbac27 -> 
  custom:video-decoder-webm-vp8: 9c59270c3fd7afecdb556c50c9e8de78 -> 
  custom:audio-decoder-ogg-vorbis: bf7c407c2cedff20999df2af8eb42d56 -> 
========================================================================
Received Prepare
Registering precompiled user dll's ...
Registered in 0.009331 seconds.
Begin MonoManager ReloadAssembly
Symbol file LoadedFromMemory doesn't match image C:\@MrPink\tacticalPartyFps\PartyFpsTactics\Library\PackageCache\com.unity.visualscripting@1.7.8\Editor\VisualScripting.Core\Dependencies\DotNetZip\Unity.VisualScripting.IonicZip.dll
Symbol file LoadedFromMemory doesn't match image C:\@MrPink\tacticalPartyFps\PartyFpsTactics\Library\PackageCache\com.unity.visualscripting@1.7.8\Editor\VisualScripting.Core\Dependencies\YamlDotNet\Unity.VisualScripting.YamlDotNet.dll
Native extension for UWP target not found
Native extension for WindowsStandalone target not found
Refreshing native plugins compatible for Editor in 2.64 ms, found 5 plugins.
Preloading 0 native plugins for Editor in 0.00 ms.
CreateSerializedAsset is not supported while importing out-of-process
UnityEngine.StackTraceUtility:ExtractStackTrace ()
Kamgam.TriplanarShader.TriplanarShaderSettings:GetOrCreateSettings () (at Assets/Kamgam/TriplanarShader/Scripts/Settings/TriplanarShaderSettings.cs:79)
Kamgam.TriplanarShader.TriplanarShaderSettings:autoCreateSettings () (at Assets/Kamgam/TriplanarShader/Scripts/Settings/TriplanarShaderSettings.cs:31)
System.Reflection.RuntimeMethodInfo:Invoke (object,System.Reflection.BindingFlags,System.Reflection.Binder,object[],System.Globalization.CultureInfo)
System.Reflection.MethodBase:Invoke (object,object[])
UnityEditor.EditorAssemblies:ProcessInitializeOnLoadMethodAttributes ()

[Assets/Kamgam/TriplanarShader/Scripts/Settings/TriplanarShaderSettings.cs line 79]

System.Reflection.TargetInvocationException: Exception has been thrown by the target of an invocation. ---> UnityEngine.UnityException: Creating asset at path Assets/TriplanarShaderSettings.asset failed.
  at (wrapper managed-to-native) UnityEditor.AssetDatabase.CreateAsset(UnityEngine.Object,string)
  at Kamgam.TriplanarShader.TriplanarShaderSettings.GetOrCreateSettings () [0x000ec] in C:\@MrPink\tacticalPartyFps\PartyFpsTactics\Assets\Kamgam\TriplanarShader\Scripts\Settings\TriplanarShaderSettings.cs:79 
  at Kamgam.TriplanarShader.TriplanarShaderSettings.autoCreateSettings () [0x00000] in C:\@MrPink\tacticalPartyFps\PartyFpsTactics\Assets\Kamgam\TriplanarShader\Scripts\Settings\TriplanarShaderSettings.cs:31 
  at (wrapper managed-to-native) System.Reflection.RuntimeMethodInfo.InternalInvoke(System.Reflection.RuntimeMethodInfo,object,object[],System.Exception&)
  at System.Reflection.RuntimeMethodInfo.Invoke (System.Object obj, System.Reflection.BindingFlags invokeAttr, System.Reflection.Binder binder, System.Object[] parameters, System.Globalization.CultureInfo culture) [0x0006a] in <252f5a151e57406087568ebdeb88d5fe>:0 
   --- End of inner exception stack trace ---
  at System.Reflection.RuntimeMethodInfo.Invoke (System.Object obj, System.Reflection.BindingFlags invokeAttr, System.Reflection.Binder binder, System.Object[] parameters, System.Globalization.CultureInfo culture) [0x00083] in <252f5a151e57406087568ebdeb88d5fe>:0 
  at System.Reflection.MethodBase.Invoke (System.Object obj, System.Object[] parameters) [0x00000] in <252f5a151e57406087568ebdeb88d5fe>:0 
  at UnityEditor.EditorAssemblies.ProcessInitializeOnLoadMethodAttributes () [0x000a5] in <4ce403b7cdf744109283ae55cdc24285>:0 
UnityEngine.StackTraceUtility:ExtractStackTrace ()
UnityEngine.DebugLogHandler:LogFormat (UnityEngine.LogType,UnityEngine.Object,string,object[])
UnityEngine.Logger:Log (UnityEngine.LogType,object)
UnityEngine.Debug:LogError (object)
UnityEditor.EditorAssemblies:ProcessInitializeOnLoadMethodAttributes ()

Mono: successfully reloaded assembly
- Completed reload, in  4.280 seconds
Domain Reload Profiling:
	ReloadAssembly (4281ms)
		BeginReloadAssembly (216ms)
			ExecutionOrderSort (0ms)
			DisableScriptedObjects (4ms)
			BackupInstance (0ms)
			ReleaseScriptingObjects (0ms)
			CreateAndSetChildDomain (75ms)
		EndReloadAssembly (3966ms)
			LoadAssemblies (112ms)
			RebuildTransferFunctionScriptingTraits (0ms)
			SetupTypeCache (403ms)
				TypeCache.Initialize (376ms)
					TypeCache.ScanAssembly (365ms)
				ResolveRequiredComponents (26ms)
			ReleaseScriptCaches (3ms)
			RebuildScriptCaches (56ms)
			SetupLoadedEditorAssemblies (3173ms)
				LogAssemblyErrors (0ms)
				InitializePlatformSupportModulesInManaged (15ms)
				SetLoadedEditorAssemblies (7ms)
				RefreshPlugins (3ms)
				BeforeProcessingInitializeOnLoad (94ms)
				ProcessInitializeOnLoadAttributes (2781ms)
				ProcessInitializeOnLoadMethodAttributes (269ms)
				AfterProcessingInitializeOnLoad (4ms)
				EditorAssembliesLoaded (0ms)
			ExecutionOrderSort2 (0ms)
			AwakeInstancesAfterBackupRestoration (36ms)
Platform modules already initialized, skipping
Shader 'Enviro/Clouds Particles Advanced': fallback shader 'Legacy Shader/Particles/Alpha Blended' not found
Shader 'Enviro/Standard/SkyboxSimple': fallback shader 'None' not found
Refreshing native plugins compatible for Editor in 8.74 ms, found 5 plugins.
Preloading 0 native plugins for Editor in 0.00 ms.
Unloading 9789 Unused Serialized files (Serialized files now loaded: 0)
Unloading 129 unused Assets / (5.4 MB). Loaded Objects now: 10950.
Memory consumption went from 1.58 GB to 1.57 GB.
Total: 34.722700 ms (FindLiveObjects: 1.128000 ms CreateObjectMapping: 0.823100 ms MarkObjects: 31.328800 ms  DeleteObjects: 1.440300 ms)

AssetImportParameters requested are different than current active one (requested -> active):
  custom:video-decoder-ogg-theora: a1e56fd34408186e4bbccfd4996cb3dc -> 
  custom:container-muxer-webm: aa71ff27fc2769a1b78a27578f13a17b -> 
  custom:container-demuxer-webm: 4f35f7cbe854078d1ac9338744f61a02 -> 
  custom:video-encoder-webm-vp8: eb34c28f22e8b96e1ab97ce403110664 -> 
  custom:audio-encoder-webm-vorbis: bf7c407c2cedff20999df2af8eb42d56 -> 
  custom:framework-win-MediaFoundation: 216162199b28c13a410421893ffa2e32 -> 
  custom:container-demuxer-ogg: 62fdf1f143b41e24485cea50d1cbac27 -> 
  custom:video-decoder-webm-vp8: 9c59270c3fd7afecdb556c50c9e8de78 -> 
  custom:audio-decoder-ogg-vorbis: bf7c407c2cedff20999df2af8eb42d56 -> 
========================================================================
Received Prepare
Registering precompiled user dll's ...
Registered in 0.010212 seconds.
Begin MonoManager ReloadAssembly
Symbol file LoadedFromMemory doesn't match image C:\@MrPink\tacticalPartyFps\PartyFpsTactics\Library\PackageCache\com.unity.visualscripting@1.7.8\Editor\VisualScripting.Core\Dependencies\DotNetZip\Unity.VisualScripting.IonicZip.dll
Symbol file LoadedFromMemory doesn't match image C:\@MrPink\tacticalPartyFps\PartyFpsTactics\Library\PackageCache\com.unity.visualscripting@1.7.8\Editor\VisualScripting.Core\Dependencies\YamlDotNet\Unity.VisualScripting.YamlDotNet.dll
Native extension for UWP target not found
Native extension for WindowsStandalone target not found
Refreshing native plugins compatible for Editor in 3.82 ms, found 5 plugins.
Preloading 0 native plugins for Editor in 0.00 ms.
CreateSerializedAsset is not supported while importing out-of-process
UnityEngine.StackTraceUtility:ExtractStackTrace ()
Kamgam.TriplanarShader.TriplanarShaderSettings:GetOrCreateSettings () (at Assets/Kamgam/TriplanarShader/Scripts/Settings/TriplanarShaderSettings.cs:79)
Kamgam.TriplanarShader.TriplanarShaderSettings:autoCreateSettings () (at Assets/Kamgam/TriplanarShader/Scripts/Settings/TriplanarShaderSettings.cs:31)
System.Reflection.RuntimeMethodInfo:Invoke (object,System.Reflection.BindingFlags,System.Reflection.Binder,object[],System.Globalization.CultureInfo)
System.Reflection.MethodBase:Invoke (object,object[])
UnityEditor.EditorAssemblies:ProcessInitializeOnLoadMethodAttributes ()

[Assets/Kamgam/TriplanarShader/Scripts/Settings/TriplanarShaderSettings.cs line 79]

System.Reflection.TargetInvocationException: Exception has been thrown by the target of an invocation. ---> UnityEngine.UnityException: Creating asset at path Assets/TriplanarShaderSettings.asset failed.
  at (wrapper managed-to-native) UnityEditor.AssetDatabase.CreateAsset(UnityEngine.Object,string)
  at Kamgam.TriplanarShader.TriplanarShaderSettings.GetOrCreateSettings () [0x000ec] in C:\@MrPink\tacticalPartyFps\PartyFpsTactics\Assets\Kamgam\TriplanarShader\Scripts\Settings\TriplanarShaderSettings.cs:79 
  at Kamgam.TriplanarShader.TriplanarShaderSettings.autoCreateSettings () [0x00000] in C:\@MrPink\tacticalPartyFps\PartyFpsTactics\Assets\Kamgam\TriplanarShader\Scripts\Settings\TriplanarShaderSettings.cs:31 
  at (wrapper managed-to-native) System.Reflection.RuntimeMethodInfo.InternalInvoke(System.Reflection.RuntimeMethodInfo,object,object[],System.Exception&)
  at System.Reflection.RuntimeMethodInfo.Invoke (System.Object obj, System.Reflection.BindingFlags invokeAttr, System.Reflection.Binder binder, System.Object[] parameters, System.Globalization.CultureInfo culture) [0x0006a] in <252f5a151e57406087568ebdeb88d5fe>:0 
   --- End of inner exception stack trace ---
  at System.Reflection.RuntimeMethodInfo.Invoke (System.Object obj, System.Reflection.BindingFlags invokeAttr, System.Reflection.Binder binder, System.Object[] parameters, System.Globalization.CultureInfo culture) [0x00083] in <252f5a151e57406087568ebdeb88d5fe>:0 
  at System.Reflection.MethodBase.Invoke (System.Object obj, System.Object[] parameters) [0x00000] in <252f5a151e57406087568ebdeb88d5fe>:0 
  at UnityEditor.EditorAssemblies.ProcessInitializeOnLoadMethodAttributes () [0x000a5] in <4ce403b7cdf744109283ae55cdc24285>:0 
UnityEngine.StackTraceUtility:ExtractStackTrace ()
UnityEngine.DebugLogHandler:LogFormat (UnityEngine.LogType,UnityEngine.Object,string,object[])
UnityEngine.Logger:Log (UnityEngine.LogType,object)
UnityEngine.Debug:LogError (object)
UnityEditor.EditorAssemblies:ProcessInitializeOnLoadMethodAttributes ()

Mono: successfully reloaded assembly
- Completed reload, in  4.739 seconds
Domain Reload Profiling:
	ReloadAssembly (4740ms)
		BeginReloadAssembly (236ms)
			ExecutionOrderSort (0ms)
			DisableScriptedObjects (7ms)
			BackupInstance (0ms)
			ReleaseScriptingObjects (0ms)
			CreateAndSetChildDomain (105ms)
		EndReloadAssembly (4388ms)
			LoadAssemblies (157ms)
			RebuildTransferFunctionScriptingTraits (0ms)
			SetupTypeCache (501ms)
				TypeCache.Initialize (478ms)
					TypeCache.ScanAssembly (465ms)
				ResolveRequiredComponents (23ms)
			ReleaseScriptCaches (3ms)
			RebuildScriptCaches (62ms)
			SetupLoadedEditorAssemblies (3530ms)
				LogAssemblyErrors (0ms)
				InitializePlatformSupportModulesInManaged (15ms)
				SetLoadedEditorAssemblies (7ms)
				RefreshPlugins (4ms)
				BeforeProcessingInitializeOnLoad (110ms)
				ProcessInitializeOnLoadAttributes (3065ms)
				ProcessInitializeOnLoadMethodAttributes (324ms)
				AfterProcessingInitializeOnLoad (5ms)
				EditorAssembliesLoaded (1ms)
			ExecutionOrderSort2 (0ms)
			AwakeInstancesAfterBackupRestoration (40ms)
Platform modules already initialized, skipping
Shader 'Enviro/Clouds Particles Advanced': fallback shader 'Legacy Shader/Particles/Alpha Blended' not found
Shader 'Enviro/Standard/SkyboxSimple': fallback shader 'None' not found
Refreshing native plugins compatible for Editor in 12.75 ms, found 5 plugins.
Preloading 0 native plugins for Editor in 0.00 ms.
Unloading 9789 Unused Serialized files (Serialized files now loaded: 0)
Unloading 129 unused Assets / (5.4 MB). Loaded Objects now: 10956.
Memory consumption went from 1.58 GB to 1.57 GB.
Total: 39.315600 ms (FindLiveObjects: 0.932800 ms CreateObjectMapping: 0.935900 ms MarkObjects: 35.322800 ms  DeleteObjects: 2.120600 ms)

AssetImportParameters requested are different than current active one (requested -> active):
  custom:video-decoder-ogg-theora: a1e56fd34408186e4bbccfd4996cb3dc -> 
  custom:container-muxer-webm: aa71ff27fc2769a1b78a27578f13a17b -> 
  custom:container-demuxer-webm: 4f35f7cbe854078d1ac9338744f61a02 -> 
  custom:video-encoder-webm-vp8: eb34c28f22e8b96e1ab97ce403110664 -> 
  custom:audio-encoder-webm-vorbis: bf7c407c2cedff20999df2af8eb42d56 -> 
  custom:framework-win-MediaFoundation: 216162199b28c13a410421893ffa2e32 -> 
  custom:container-demuxer-ogg: 62fdf1f143b41e24485cea50d1cbac27 -> 
  custom:video-decoder-webm-vp8: 9c59270c3fd7afecdb556c50c9e8de78 -> 
  custom:audio-decoder-ogg-vorbis: bf7c407c2cedff20999df2af8eb42d56 -> 
